<?xml version="1.0" encoding="UTF-8"?>
<coverage generated="1779807163292" clover="3.2.0">
  <project timestamp="1779807163292" name="All files">
    <metrics statements="472" coveredstatements="410" conditionals="272" coveredconditionals="248" methods="159" coveredmethods="142" elements="903" coveredelements="800" complexity="0" loc="472" ncloc="472" packages="6" files="28" classes="28"/>
    <package name="src">
      <metrics statements="4" coveredstatements="4" conditionals="2" coveredconditionals="2" methods="1" coveredmethods="1"/>
      <file name="App.jsx" path="C:\ADJS\huishoudboekje\src\App.jsx">
        <metrics statements="4" coveredstatements="4" conditionals="2" coveredconditionals="2" methods="1" coveredmethods="1"/>
        <line num="7" count="2" type="stmt"/>
        <line num="10" count="2" type="cond" truecount="2" falsecount="0"/>
        <line num="11" count="1" type="stmt"/>
        <line num="22" count="1" type="stmt"/>
      </file>
    </package>
    <package name="src.components">
      <metrics statements="102" coveredstatements="99" conditionals="78" coveredconditionals="73" methods="40" coveredmethods="38"/>
      <file name="Alert.jsx" path="C:\ADJS\huishoudboekje\src\components\Alert.jsx">
        <metrics statements="3" coveredstatements="3" conditionals="2" coveredconditionals="2" methods="1" coveredmethods="1"/>
        <line num="2" count="34" type="cond" truecount="2" falsecount="0"/>
        <line num="3" count="29" type="stmt"/>
        <line num="6" count="5" type="stmt"/>
      </file>
      <file name="AppHeader.jsx" path="C:\ADJS\huishoudboekje\src\components\AppHeader.jsx">
        <metrics statements="1" coveredstatements="1" conditionals="2" coveredconditionals="2" methods="1" coveredmethods="1"/>
        <line num="2" count="16" type="stmt"/>
      </file>
      <file name="BudgetBookForm.jsx" path="C:\ADJS\huishoudboekje\src\components\BudgetBookForm.jsx">
        <metrics statements="18" coveredstatements="18" conditionals="12" coveredconditionals="12" methods="3" coveredmethods="3"/>
        <line num="4" count="2" type="stmt"/>
        <line num="10" count="27" type="stmt"/>
        <line num="18" count="27" type="stmt"/>
        <line num="19" count="27" type="stmt"/>
        <line num="22" count="4" type="stmt"/>
        <line num="29" count="4" type="stmt"/>
        <line num="30" count="4" type="stmt"/>
        <line num="32" count="4" type="stmt"/>
        <line num="33" count="4" type="cond" truecount="2" falsecount="0"/>
        <line num="34" count="1" type="stmt"/>
        <line num="35" count="1" type="stmt"/>
        <line num="38" count="3" type="stmt"/>
        <line num="40" count="3" type="stmt"/>
        <line num="41" count="3" type="stmt"/>
        <line num="42" count="2" type="stmt"/>
        <line num="44" count="1" type="stmt"/>
        <line num="48" count="3" type="stmt"/>
        <line num="52" count="27" type="stmt"/>
      </file>
      <file name="BudgetBookList.jsx" path="C:\ADJS\huishoudboekje\src\components\BudgetBookList.jsx">
        <metrics statements="6" coveredstatements="6" conditionals="16" coveredconditionals="14" methods="6" coveredmethods="6"/>
        <line num="14" count="16" type="stmt"/>
        <line num="30" count="29" type="cond" truecount="2" falsecount="0"/>
        <line num="31" count="2" type="stmt"/>
        <line num="43" count="1" type="stmt"/>
        <line num="52" count="2" type="stmt"/>
        <line num="59" count="3" type="stmt"/>
      </file>
      <file name="CategoryDropBoard.jsx" path="C:\ADJS\huishoudboekje\src\components\CategoryDropBoard.jsx">
        <metrics statements="10" coveredstatements="9" conditionals="8" coveredconditionals="6" methods="6" coveredmethods="5"/>
        <line num="6" count="5" type="stmt"/>
        <line num="9" count="1" type="stmt"/>
        <line num="11" count="1" type="stmt"/>
        <line num="12" count="1" type="stmt"/>
        <line num="14" count="1" type="cond" truecount="3" falsecount="1"/>
        <line num="15" count="1" type="stmt"/>
        <line num="19" count="5" type="stmt"/>
        <line num="26" count="30" type="stmt"/>
        <line num="29" count="0" type="stmt"/>
        <line num="30" count="1" type="stmt"/>
      </file>
      <file name="ExpenseCharts.jsx" path="C:\ADJS\huishoudboekje\src\components\ExpenseCharts.jsx">
        <metrics statements="16" coveredstatements="16" conditionals="6" coveredconditionals="6" methods="8" coveredmethods="8"/>
        <line num="8" count="3" type="cond" truecount="2" falsecount="0"/>
        <line num="9" count="2" type="stmt"/>
        <line num="12" count="1" type="stmt"/>
        <line num="14" count="2" type="stmt"/>
        <line num="15" count="2" type="stmt"/>
        <line num="16" count="2" type="stmt"/>
        <line num="22" count="5" type="stmt"/>
        <line num="23" count="5" type="stmt"/>
        <line num="24" count="5" type="stmt"/>
        <line num="25" count="6" type="stmt"/>
        <line num="27" count="5" type="stmt"/>
        <line num="50" count="4" type="cond" truecount="2" falsecount="0"/>
        <line num="53" count="4" type="stmt"/>
        <line num="55" count="4" type="stmt"/>
        <line num="60" count="4" type="stmt"/>
        <line num="72" count="6" type="stmt"/>
      </file>
      <file name="ExpenseForm.jsx" path="C:\ADJS\huishoudboekje\src\components\ExpenseForm.jsx">
        <metrics statements="19" coveredstatements="19" conditionals="8" coveredconditionals="8" methods="4" coveredmethods="4"/>
        <line num="6" count="2" type="stmt"/>
        <line num="15" count="20" type="stmt"/>
        <line num="16" count="20" type="stmt"/>
        <line num="17" count="20" type="stmt"/>
        <line num="20" count="7" type="stmt"/>
        <line num="27" count="4" type="stmt"/>
        <line num="28" count="4" type="stmt"/>
        <line num="30" count="4" type="stmt"/>
        <line num="31" count="4" type="cond" truecount="2" falsecount="0"/>
        <line num="32" count="2" type="stmt"/>
        <line num="33" count="2" type="stmt"/>
        <line num="36" count="2" type="stmt"/>
        <line num="38" count="2" type="stmt"/>
        <line num="39" count="2" type="stmt"/>
        <line num="40" count="1" type="stmt"/>
        <line num="45" count="1" type="stmt"/>
        <line num="47" count="2" type="stmt"/>
        <line num="51" count="20" type="stmt"/>
        <line num="89" count="120" type="stmt"/>
      </file>
      <file name="ExpenseList.jsx" path="C:\ADJS\huishoudboekje\src\components\ExpenseList.jsx">
        <metrics statements="6" coveredstatements="5" conditionals="7" coveredconditionals="6" methods="4" coveredmethods="3"/>
        <line num="4" count="5" type="cond" truecount="2" falsecount="0"/>
        <line num="5" count="1" type="stmt"/>
        <line num="8" count="4" type="stmt"/>
        <line num="11" count="5" type="stmt"/>
        <line num="15" count="0" type="stmt"/>
        <line num="31" count="1" type="stmt"/>
      </file>
      <file name="ParticipantManager.jsx" path="C:\ADJS\huishoudboekje\src\components\ParticipantManager.jsx">
        <metrics statements="17" coveredstatements="16" conditionals="13" coveredconditionals="13" methods="4" coveredmethods="4"/>
        <line num="10" count="10" type="stmt"/>
        <line num="11" count="10" type="stmt"/>
        <line num="12" count="10" type="stmt"/>
        <line num="15" count="2" type="stmt"/>
        <line num="16" count="2" type="stmt"/>
        <line num="18" count="2" type="cond" truecount="2" falsecount="0"/>
        <line num="19" count="1" type="stmt"/>
        <line num="20" count="1" type="stmt"/>
        <line num="23" count="1" type="stmt"/>
        <line num="25" count="1" type="stmt"/>
        <line num="26" count="1" type="stmt"/>
        <line num="27" count="1" type="stmt"/>
        <line num="29" count="0" type="stmt"/>
        <line num="33" count="1" type="stmt"/>
        <line num="37" count="10" type="stmt"/>
        <line num="47" count="5" type="stmt"/>
        <line num="61" count="1" type="stmt"/>
      </file>
      <file name="SummaryCards.jsx" path="C:\ADJS\huishoudboekje\src\components\SummaryCards.jsx">
        <metrics statements="6" coveredstatements="6" conditionals="4" coveredconditionals="4" methods="3" coveredmethods="3"/>
        <line num="6" count="5" type="stmt"/>
        <line num="7" count="5" type="stmt"/>
        <line num="8" count="5" type="stmt"/>
        <line num="9" count="30" type="stmt"/>
        <line num="13" count="33" type="stmt"/>
        <line num="15" count="5" type="stmt"/>
      </file>
    </package>
    <package name="src.hooks">
      <metrics statements="206" coveredstatements="159" conditionals="79" coveredconditionals="71" methods="45" coveredmethods="36"/>
      <file name="useAuth.js" path="C:\ADJS\huishoudboekje\src\hooks\useAuth.js">
        <metrics statements="36" coveredstatements="30" conditionals="4" coveredconditionals="3" methods="7" coveredmethods="7"/>
        <line num="12" count="9" type="stmt"/>
        <line num="13" count="9" type="stmt"/>
        <line num="14" count="9" type="stmt"/>
        <line num="16" count="9" type="stmt"/>
        <line num="17" count="5" type="stmt"/>
        <line num="18" count="1" type="stmt"/>
        <line num="19" count="1" type="stmt"/>
        <line num="24" count="2" type="stmt"/>
        <line num="26" count="2" type="stmt"/>
        <line num="27" count="2" type="stmt"/>
        <line num="29" count="1" type="stmt"/>
        <line num="34" count="2" type="stmt"/>
        <line num="36" count="2" type="stmt"/>
        <line num="37" count="2" type="cond" truecount="2" falsecount="0"/>
        <line num="38" count="1" type="stmt"/>
        <line num="39" count="1" type="stmt"/>
        <line num="42" count="1" type="stmt"/>
        <line num="43" count="1" type="stmt"/>
        <line num="45" count="0" type="stmt"/>
        <line num="46" count="0" type="stmt"/>
        <line num="47" count="0" type="stmt"/>
        <line num="52" count="2" type="stmt"/>
        <line num="54" count="2" type="stmt"/>
        <line num="55" count="2" type="cond" truecount="1" falsecount="1"/>
        <line num="56" count="0" type="stmt"/>
        <line num="57" count="0" type="stmt"/>
        <line num="60" count="2" type="stmt"/>
        <line num="61" count="2" type="stmt"/>
        <line num="63" count="1" type="stmt"/>
        <line num="64" count="1" type="stmt"/>
        <line num="65" count="1" type="stmt"/>
        <line num="70" count="1" type="stmt"/>
        <line num="72" count="1" type="stmt"/>
        <line num="73" count="1" type="stmt"/>
        <line num="75" count="0" type="stmt"/>
        <line num="79" count="9" type="stmt"/>
      </file>
      <file name="useBudgetBookSubscriptions.js" path="C:\ADJS\huishoudboekje\src\hooks\useBudgetBookSubscriptions.js">
        <metrics statements="62" coveredstatements="40" conditionals="12" coveredconditionals="11" methods="23" coveredmethods="14"/>
        <line num="11" count="2" type="stmt"/>
        <line num="14" count="1" type="stmt"/>
        <line num="16" count="0" type="stmt"/>
        <line num="20" count="19" type="stmt"/>
        <line num="21" count="19" type="stmt"/>
        <line num="22" count="19" type="stmt"/>
        <line num="23" count="19" type="stmt"/>
        <line num="25" count="19" type="stmt"/>
        <line num="26" count="12" type="cond" truecount="2" falsecount="0"/>
        <line num="27" count="1" type="stmt"/>
        <line num="30" count="11" type="stmt"/>
        <line num="31" count="11" type="stmt"/>
        <line num="32" count="11" type="stmt"/>
        <line num="33" count="11" type="stmt"/>
        <line num="34" count="11" type="stmt"/>
        <line num="35" count="11" type="stmt"/>
        <line num="36" count="11" type="stmt"/>
        <line num="44" count="2" type="cond" truecount="2" falsecount="0"/>
        <line num="45" count="1" type="stmt"/>
        <line num="50" count="1" type="stmt"/>
        <line num="54" count="1" type="stmt"/>
        <line num="57" count="11" type="stmt"/>
        <line num="60" count="1" type="stmt"/>
        <line num="61" count="1" type="stmt"/>
        <line num="62" count="1" type="stmt"/>
        <line num="63" count="1" type="stmt"/>
        <line num="66" count="1" type="stmt"/>
        <line num="72" count="1" type="stmt"/>
        <line num="76" count="11" type="stmt"/>
        <line num="79" count="1" type="stmt"/>
        <line num="80" count="1" type="stmt"/>
        <line num="81" count="1" type="stmt"/>
        <line num="82" count="1" type="stmt"/>
        <line num="85" count="0" type="stmt"/>
        <line num="86" count="0" type="stmt"/>
        <line num="90" count="11" type="cond" truecount="1" falsecount="1"/>
        <line num="94" count="0" type="stmt"/>
        <line num="96" count="0" type="stmt"/>
        <line num="97" count="0" type="stmt"/>
        <line num="99" count="0" type="stmt"/>
        <line num="103" count="0" type="stmt"/>
        <line num="104" count="0" type="stmt"/>
        <line num="105" count="0" type="stmt"/>
        <line num="106" count="0" type="stmt"/>
        <line num="109" count="0" type="stmt"/>
        <line num="115" count="0" type="stmt"/>
        <line num="119" count="0" type="stmt"/>
        <line num="123" count="0" type="stmt"/>
        <line num="124" count="0" type="stmt"/>
        <line num="125" count="0" type="stmt"/>
        <line num="126" count="0" type="stmt"/>
        <line num="129" count="0" type="stmt"/>
        <line num="135" count="0" type="stmt"/>
        <line num="140" count="0" type="stmt"/>
        <line num="143" count="0" type="stmt"/>
        <line num="148" count="12" type="stmt"/>
        <line num="149" count="11" type="stmt"/>
        <line num="150" count="11" type="stmt"/>
        <line num="151" count="11" type="stmt"/>
        <line num="152" count="11" type="stmt"/>
        <line num="153" count="11" type="stmt"/>
        <line num="157" count="19" type="stmt"/>
      </file>
      <file name="useBudgetBooks.js" path="C:\ADJS\huishoudboekje\src\hooks\useBudgetBooks.js">
        <metrics statements="56" coveredstatements="42" conditionals="28" coveredconditionals="24" methods="5" coveredmethods="5"/>
        <line num="12" count="19" type="stmt"/>
        <line num="16" count="6" type="stmt"/>
        <line num="18" count="6" type="cond" truecount="2" falsecount="0"/>
        <line num="19" count="1" type="stmt"/>
        <line num="20" count="1" type="stmt"/>
        <line num="21" count="1" type="stmt"/>
        <line num="24" count="5" type="stmt"/>
        <line num="25" count="5" type="cond" truecount="1" falsecount="1"/>
        <line num="26" count="0" type="stmt"/>
        <line num="27" count="0" type="stmt"/>
        <line num="30" count="5" type="cond" truecount="2" falsecount="0"/>
        <line num="31" count="3" type="cond" truecount="2" falsecount="0"/>
        <line num="32" count="1" type="stmt"/>
        <line num="33" count="1" type="stmt"/>
        <line num="34" count="1" type="stmt"/>
        <line num="37" count="2" type="stmt"/>
        <line num="38" count="2" type="stmt"/>
        <line num="40" count="1" type="stmt"/>
        <line num="44" count="1" type="stmt"/>
        <line num="45" count="1" type="stmt"/>
        <line num="48" count="1" type="stmt"/>
        <line num="51" count="2" type="stmt"/>
        <line num="52" count="2" type="stmt"/>
        <line num="53" count="1" type="stmt"/>
        <line num="55" count="1" type="stmt"/>
        <line num="59" count="1" type="stmt"/>
        <line num="60" count="1" type="stmt"/>
        <line num="65" count="3" type="stmt"/>
        <line num="67" count="3" type="cond" truecount="4" falsecount="0"/>
        <line num="68" count="1" type="stmt"/>
        <line num="69" count="1" type="stmt"/>
        <line num="72" count="2" type="stmt"/>
        <line num="73" count="2" type="stmt"/>
        <line num="75" count="1" type="stmt"/>
        <line num="82" count="1" type="stmt"/>
        <line num="84" count="1" type="cond" truecount="3" falsecount="1"/>
        <line num="85" count="0" type="stmt"/>
        <line num="86" count="0" type="stmt"/>
        <line num="89" count="1" type="stmt"/>
        <line num="90" count="1" type="stmt"/>
        <line num="92" count="0" type="stmt"/>
        <line num="99" count="1" type="stmt"/>
        <line num="101" count="1" type="cond" truecount="3" falsecount="1"/>
        <line num="102" count="0" type="stmt"/>
        <line num="103" count="0" type="stmt"/>
        <line num="104" count="0" type="stmt"/>
        <line num="107" count="1" type="cond" truecount="1" falsecount="1"/>
        <line num="108" count="0" type="stmt"/>
        <line num="109" count="0" type="stmt"/>
        <line num="110" count="0" type="stmt"/>
        <line num="113" count="1" type="stmt"/>
        <line num="114" count="1" type="stmt"/>
        <line num="116" count="0" type="stmt"/>
        <line num="120" count="0" type="stmt"/>
        <line num="121" count="0" type="stmt"/>
        <line num="125" count="19" type="stmt"/>
      </file>
      <file name="useExpenses.js" path="C:\ADJS\huishoudboekje\src\hooks\useExpenses.js">
        <metrics statements="44" coveredstatements="39" conditionals="30" coveredconditionals="28" methods="7" coveredmethods="7"/>
        <line num="12" count="15" type="stmt"/>
        <line num="13" count="15" type="cond" truecount="2" falsecount="0"/>
        <line num="14" count="15" type="stmt"/>
        <line num="16" count="15" type="stmt"/>
        <line num="17" count="9" type="cond" truecount="4" falsecount="0"/>
        <line num="18" count="1" type="stmt"/>
        <line num="21" count="8" type="stmt"/>
        <line num="24" count="1" type="stmt"/>
        <line num="25" count="1" type="stmt"/>
        <line num="28" count="1" type="stmt"/>
        <line num="29" count="1" type="stmt"/>
        <line num="35" count="4" type="stmt"/>
        <line num="37" count="4" type="cond" truecount="4" falsecount="0"/>
        <line num="38" count="1" type="stmt"/>
        <line num="39" count="1" type="stmt"/>
        <line num="40" count="1" type="stmt"/>
        <line num="43" count="3" type="stmt"/>
        <line num="44" count="3" type="cond" truecount="2" falsecount="0"/>
        <line num="45" count="1" type="stmt"/>
        <line num="46" count="1" type="stmt"/>
        <line num="49" count="2" type="stmt"/>
        <line num="50" count="2" type="stmt"/>
        <line num="52" count="1" type="stmt"/>
        <line num="56" count="1" type="stmt"/>
        <line num="57" count="1" type="stmt"/>
        <line num="62" count="3" type="stmt"/>
        <line num="64" count="3" type="cond" truecount="4" falsecount="0"/>
        <line num="65" count="1" type="stmt"/>
        <line num="66" count="1" type="stmt"/>
        <line num="67" count="1" type="stmt"/>
        <line num="70" count="2" type="stmt"/>
        <line num="71" count="2" type="stmt"/>
        <line num="73" count="1" type="stmt"/>
        <line num="80" count="1" type="stmt"/>
        <line num="82" count="1" type="cond" truecount="3" falsecount="1"/>
        <line num="83" count="0" type="stmt"/>
        <line num="84" count="0" type="stmt"/>
        <line num="87" count="1" type="cond" truecount="1" falsecount="1"/>
        <line num="88" count="0" type="stmt"/>
        <line num="89" count="0" type="stmt"/>
        <line num="92" count="1" type="stmt"/>
        <line num="93" count="1" type="stmt"/>
        <line num="95" count="0" type="stmt"/>
        <line num="101" count="15" type="stmt"/>
      </file>
      <file name="useParticipants.js" path="C:\ADJS\huishoudboekje\src\hooks\useParticipants.js">
        <metrics statements="8" coveredstatements="8" conditionals="5" coveredconditionals="5" methods="3" coveredmethods="3"/>
        <line num="6" count="5" type="stmt"/>
        <line num="7" count="5" type="stmt"/>
        <line num="9" count="5" type="stmt"/>
        <line num="10" count="3" type="cond" truecount="5" falsecount="0"/>
        <line num="11" count="1" type="stmt"/>
        <line num="14" count="2" type="stmt"/>
        <line num="18" count="1" type="stmt"/>
        <line num="23" count="5" type="stmt"/>
      </file>
    </package>
    <package name="src.pages">
      <metrics statements="74" coveredstatements="69" conditionals="73" coveredconditionals="66" methods="21" coveredmethods="19"/>
      <file name="BookDetailPage.jsx" path="C:\ADJS\huishoudboekje\src\pages\BookDetailPage.jsx">
        <metrics statements="16" coveredstatements="16" conditionals="24" coveredconditionals="20" methods="5" coveredmethods="5"/>
        <line num="14" count="5" type="stmt"/>
        <line num="21" count="5" type="stmt"/>
        <line num="23" count="5" type="stmt"/>
        <line num="24" count="5" type="cond" truecount="2" falsecount="0"/>
        <line num="25" count="5" type="stmt"/>
        <line num="27" count="5" type="stmt"/>
        <line num="28" count="5" type="cond" truecount="2" falsecount="0"/>
        <line num="29" count="4" type="stmt"/>
        <line num="32" count="2" type="stmt"/>
        <line num="35" count="5" type="cond" truecount="2" falsecount="0"/>
        <line num="36" count="1" type="stmt"/>
        <line num="43" count="4" type="cond" truecount="2" falsecount="0"/>
        <line num="44" count="1" type="stmt"/>
        <line num="61" count="3" type="stmt"/>
        <line num="102" count="1" type="stmt"/>
        <line num="106" count="18" type="stmt"/>
      </file>
      <file name="DashboardPage.jsx" path="C:\ADJS\huishoudboekje\src\pages\DashboardPage.jsx">
        <metrics statements="35" coveredstatements="32" conditionals="31" coveredconditionals="28" methods="11" coveredmethods="10"/>
        <line num="10" count="18" type="stmt"/>
        <line num="11" count="18" type="stmt"/>
        <line num="12" count="18" type="stmt"/>
        <line num="13" count="18" type="stmt"/>
        <line num="22" count="18" type="stmt"/>
        <line num="24" count="18" type="cond" truecount="2" falsecount="0"/>
        <line num="26" count="18" type="stmt"/>
        <line num="27" count="19" type="cond" truecount="2" falsecount="0"/>
        <line num="30" count="18" type="cond" truecount="3" falsecount="0"/>
        <line num="33" count="1" type="stmt"/>
        <line num="34" count="1" type="stmt"/>
        <line num="35" count="1" type="stmt"/>
        <line num="37" count="1" type="cond" truecount="1" falsecount="1"/>
        <line num="38" count="1" type="stmt"/>
        <line num="43" count="2" type="stmt"/>
        <line num="45" count="2" type="stmt"/>
        <line num="46" count="2" type="stmt"/>
        <line num="48" count="1" type="cond" truecount="1" falsecount="1"/>
        <line num="49" count="1" type="stmt"/>
        <line num="52" count="1" type="stmt"/>
        <line num="57" count="1" type="stmt"/>
        <line num="59" count="1" type="stmt"/>
        <line num="60" count="1" type="stmt"/>
        <line num="62" count="1" type="cond" truecount="1" falsecount="1"/>
        <line num="63" count="0" type="stmt"/>
        <line num="66" count="0" type="stmt"/>
        <line num="71" count="1" type="stmt"/>
        <line num="72" count="1" type="stmt"/>
        <line num="73" count="1" type="stmt"/>
        <line num="74" count="1" type="stmt"/>
        <line num="77" count="18" type="stmt"/>
        <line num="87" count="1" type="stmt"/>
        <line num="96" count="0" type="stmt"/>
        <line num="103" count="1" type="stmt"/>
        <line num="130" count="1" type="stmt"/>
      </file>
      <file name="LoginPage.jsx" path="C:\ADJS\huishoudboekje\src\pages\LoginPage.jsx">
        <metrics statements="23" coveredstatements="21" conditionals="18" coveredconditionals="18" methods="5" coveredmethods="4"/>
        <line num="5" count="1" type="stmt"/>
        <line num="17" count="15" type="stmt"/>
        <line num="18" count="15" type="stmt"/>
        <line num="19" count="15" type="stmt"/>
        <line num="20" count="15" type="stmt"/>
        <line num="23" count="4" type="stmt"/>
        <line num="30" count="3" type="stmt"/>
        <line num="31" count="3" type="stmt"/>
        <line num="33" count="3" type="stmt"/>
        <line num="34" count="3" type="cond" truecount="2" falsecount="0"/>
        <line num="35" count="1" type="stmt"/>
        <line num="36" count="1" type="stmt"/>
        <line num="39" count="2" type="stmt"/>
        <line num="41" count="2" type="stmt"/>
        <line num="42" count="2" type="cond" truecount="2" falsecount="0"/>
        <line num="43" count="1" type="stmt"/>
        <line num="45" count="1" type="stmt"/>
        <line num="48" count="0" type="stmt"/>
        <line num="50" count="2" type="stmt"/>
        <line num="54" count="15" type="cond" truecount="2" falsecount="0"/>
        <line num="56" count="15" type="stmt"/>
        <line num="70" count="0" type="stmt"/>
        <line num="77" count="1" type="stmt"/>
      </file>
    </package>
    <package name="src.services">
      <metrics statements="45" coveredstatements="38" conditionals="12" coveredconditionals="8" methods="33" coveredmethods="29"/>
      <file name="authService.js" path="C:\ADJS\huishoudboekje\src\services\authService.js">
        <metrics statements="5" coveredstatements="5" conditionals="0" coveredconditionals="0" methods="5" coveredmethods="5"/>
        <line num="11" count="1" type="stmt"/>
        <line num="15" count="1" type="stmt"/>
        <line num="19" count="1" type="stmt"/>
        <line num="23" count="1" type="stmt"/>
        <line num="27" count="1" type="stmt"/>
      </file>
      <file name="budgetBookService.js" path="C:\ADJS\huishoudboekje\src\services\budgetBookService.js">
        <metrics statements="20" coveredstatements="13" conditionals="8" coveredconditionals="4" methods="14" coveredmethods="10"/>
        <line num="14" count="1" type="stmt"/>
        <line num="17" count="2" type="stmt"/>
        <line num="19" count="2" type="stmt"/>
        <line num="31" count="1" type="stmt"/>
        <line num="35" count="1" type="stmt"/>
        <line num="39" count="2" type="stmt"/>
        <line num="45" count="2" type="stmt"/>
        <line num="48" count="2" type="stmt"/>
        <line num="51" count="1" type="stmt"/>
        <line num="58" count="0" type="cond" truecount="0" falsecount="2"/>
        <line num="59" count="0" type="stmt"/>
        <line num="60" count="0" type="stmt"/>
        <line num="63" count="0" type="stmt"/>
        <line num="69" count="0" type="stmt"/>
        <line num="72" count="0" type="stmt"/>
        <line num="75" count="0" type="stmt"/>
        <line num="82" count="1" type="stmt"/>
        <line num="93" count="1" type="stmt"/>
        <line num="101" count="1" type="stmt"/>
        <line num="108" count="1" type="stmt"/>
      </file>
      <file name="expenseService.js" path="C:\ADJS\huishoudboekje\src\services\expenseService.js">
        <metrics statements="10" coveredstatements="10" conditionals="4" coveredconditionals="4" methods="7" coveredmethods="7"/>
        <line num="14" count="1" type="stmt"/>
        <line num="17" count="2" type="stmt"/>
        <line num="19" count="2" type="stmt"/>
        <line num="33" count="1" type="stmt"/>
        <line num="38" count="1" type="stmt"/>
        <line num="41" count="1" type="stmt"/>
        <line num="44" count="1" type="stmt"/>
        <line num="51" count="1" type="stmt"/>
        <line num="64" count="1" type="stmt"/>
        <line num="68" count="1" type="stmt"/>
      </file>
      <file name="participantService.js" path="C:\ADJS\huishoudboekje\src\services\participantService.js">
        <metrics statements="10" coveredstatements="10" conditionals="0" coveredconditionals="0" methods="7" coveredmethods="7"/>
        <line num="14" count="3" type="stmt"/>
        <line num="18" count="2" type="stmt"/>
        <line num="20" count="2" type="stmt"/>
        <line num="28" count="1" type="stmt"/>
        <line num="33" count="1" type="stmt"/>
        <line num="35" count="1" type="stmt"/>
        <line num="41" count="1" type="stmt"/>
        <line num="43" count="1" type="stmt"/>
        <line num="49" count="1" type="stmt"/>
        <line num="51" count="1" type="stmt"/>
      </file>
    </package>
    <package name="src.utils">
      <metrics statements="41" coveredstatements="41" conditionals="28" coveredconditionals="28" methods="19" coveredmethods="19"/>
      <file name="categories.js" path="C:\ADJS\huishoudboekje\src\utils\categories.js">
        <metrics statements="1" coveredstatements="1" conditionals="0" coveredconditionals="0" methods="0" coveredmethods="0"/>
        <line num="1" count="5" type="stmt"/>
      </file>
      <file name="chartData.js" path="C:\ADJS\huishoudboekje\src\utils\chartData.js">
        <metrics statements="11" coveredstatements="11" conditionals="4" coveredconditionals="4" methods="8" coveredmethods="8"/>
        <line num="2" count="6" type="stmt"/>
        <line num="4" count="9" type="stmt"/>
        <line num="5" count="9" type="cond" truecount="2" falsecount="0"/>
        <line num="6" count="9" type="stmt"/>
        <line num="9" count="2" type="stmt"/>
        <line num="10" count="6" type="stmt"/>
        <line num="14" count="6" type="stmt"/>
        <line num="16" count="9" type="cond" truecount="2" falsecount="0"/>
        <line num="17" count="9" type="stmt"/>
        <line num="20" count="4" type="stmt"/>
        <line num="21" count="8" type="stmt"/>
      </file>
      <file name="expenseTotals.js" path="C:\ADJS\huishoudboekje\src\utils\expenseTotals.js">
        <metrics statements="4" coveredstatements="4" conditionals="2" coveredconditionals="2" methods="4" coveredmethods="4"/>
        <line num="2" count="10" type="stmt"/>
        <line num="6" count="11" type="stmt"/>
        <line num="7" count="16" type="cond" truecount="2" falsecount="0"/>
        <line num="8" count="16" type="stmt"/>
      </file>
      <file name="formatters.js" path="C:\ADJS\huishoudboekje\src\utils\formatters.js">
        <metrics statements="5" coveredstatements="5" conditionals="2" coveredconditionals="2" methods="3" coveredmethods="3"/>
        <line num="2" count="51" type="stmt"/>
        <line num="9" count="7" type="cond" truecount="2" falsecount="0"/>
        <line num="10" count="1" type="stmt"/>
        <line num="13" count="6" type="stmt"/>
        <line num="21" count="3" type="stmt"/>
      </file>
      <file name="validation.js" path="C:\ADJS\huishoudboekje\src\utils\validation.js">
        <metrics statements="20" coveredstatements="20" conditionals="20" coveredconditionals="20" methods="4" coveredmethods="4"/>
        <line num="2" count="13" type="cond" truecount="4" falsecount="0"/>
        <line num="3" count="12" type="stmt"/>
        <line num="6" count="1" type="stmt"/>
        <line num="10" count="11" type="cond" truecount="2" falsecount="0"/>
        <line num="11" count="2" type="stmt"/>
        <line num="14" count="9" type="stmt"/>
        <line num="18" count="11" type="cond" truecount="2" falsecount="0"/>
        <line num="19" count="3" type="stmt"/>
        <line num="22" count="8" type="cond" truecount="2" falsecount="0"/>
        <line num="23" count="1" type="stmt"/>
        <line num="26" count="7" type="cond" truecount="2" falsecount="0"/>
        <line num="27" count="1" type="stmt"/>
        <line num="30" count="6" type="stmt"/>
        <line num="34" count="11" type="cond" truecount="2" falsecount="0"/>
        <line num="35" count="3" type="stmt"/>
        <line num="38" count="8" type="cond" truecount="4" falsecount="0"/>
        <line num="39" count="2" type="stmt"/>
        <line num="42" count="6" type="cond" truecount="2" falsecount="0"/>
        <line num="43" count="1" type="stmt"/>
        <line num="46" count="5" type="stmt"/>
      </file>
    </package>
  </project>
</coverage>
