{"C:\\ADJS\\huishoudboekje\\src\\App.jsx": {"path":"C:\\ADJS\\huishoudboekje\\src\\App.jsx","statementMap":{"0":{"start":{"line":7,"column":39},"end":{"line":7,"column":null}},"1":{"start":{"line":9,"column":2},"end":{"line":11,"column":null}},"2":{"start":{"line":10,"column":4},"end":{"line":10,"column":null}},"3":{"start":{"line":13,"column":2},"end":{"line":13,"column":null}}},"fnMap":{"0":{"name":"App","decl":{"start":{"line":6,"column":9},"end":{"line":6,"column":15}},"loc":{"start":{"line":6,"column":15},"end":{"line":14,"column":null}},"line":6}},"branchMap":{"0":{"loc":{"start":{"line":9,"column":2},"end":{"line":11,"column":null}},"type":"if","locations":[{"start":{"line":9,"column":2},"end":{"line":11,"column":null}},{"start":{},"end":{}}],"line":9}},"s":{"0":2,"1":2,"2":1,"3":1},"f":{"0":2},"b":{"0":[1,1]},"meta":{"lastBranch":1,"lastFunction":1,"lastStatement":4,"seen":{"f:6:9:6:15":0,"s:7:39:7:Infinity":0,"b:9:2:11:Infinity:undefined:undefined:undefined:undefined":0,"s:9:2:11:Infinity":1,"s:10:4:10:Infinity":2,"s:13:2:13:Infinity":3}}}
,"C:\\ADJS\\huishoudboekje\\src\\components\\Alert.jsx": {"path":"C:\\ADJS\\huishoudboekje\\src\\components\\Alert.jsx","statementMap":{"0":{"start":{"line":2,"column":2},"end":{"line":4,"column":null}},"1":{"start":{"line":3,"column":4},"end":{"line":3,"column":null}},"2":{"start":{"line":6,"column":2},"end":{"line":6,"column":null}}},"fnMap":{"0":{"name":"Alert","decl":{"start":{"line":1,"column":16},"end":{"line":1,"column":22}},"loc":{"start":{"line":1,"column":36},"end":{"line":7,"column":null}},"line":1}},"branchMap":{"0":{"loc":{"start":{"line":2,"column":2},"end":{"line":4,"column":null}},"type":"if","locations":[{"start":{"line":2,"column":2},"end":{"line":4,"column":null}},{"start":{},"end":{}}],"line":2}},"s":{"0":19,"1":14,"2":5},"f":{"0":19},"b":{"0":[14,5]},"meta":{"lastBranch":1,"lastFunction":1,"lastStatement":3,"seen":{"f:1:16:1:22":0,"b:2:2:4:Infinity:undefined:undefined:undefined:undefined":0,"s:2:2:4:Infinity":0,"s:3:4:3:Infinity":1,"s:6:2:6:Infinity":2}}}
,"C:\\ADJS\\huishoudboekje\\src\\components\\AppHeader.jsx": {"path":"C:\\ADJS\\huishoudboekje\\src\\components\\AppHeader.jsx","statementMap":{"0":{"start":{"line":2,"column":2},"end":{"line":16,"column":null}}},"fnMap":{"0":{"name":"AppHeader","decl":{"start":{"line":1,"column":16},"end":{"line":1,"column":26}},"loc":{"start":{"line":1,"column":47},"end":{"line":18,"column":null}},"line":1}},"branchMap":{"0":{"loc":{"start":{"line":8,"column":7},"end":{"line":15,"column":null}},"type":"cond-expr","locations":[{"start":{"line":9,"column":8},"end":{"line":15,"column":null}},{"start":{"line":15,"column":10},"end":{"line":15,"column":null}}],"line":8}},"s":{"0":14},"f":{"0":14},"b":{"0":[13,1]},"meta":{"lastBranch":1,"lastFunction":1,"lastStatement":1,"seen":{"f:1:16:1:26":0,"s:2:2:16:Infinity":0,"b:9:8:15:Infinity:15:10:15:Infinity":0}}}
,"C:\\ADJS\\huishoudboekje\\src\\components\\BudgetBookForm.jsx": {"path":"C:\\ADJS\\huishoudboekje\\src\\components\\BudgetBookForm.jsx","statementMap":{"0":{"start":{"line":4,"column":22},"end":{"line":7,"column":null}},"1":{"start":{"line":10,"column":17},"end":{"line":17,"column":null}},"2":{"start":{"line":18,"column":17},"end":{"line":18,"column":null}},"3":{"start":{"line":19,"column":16},"end":{"line":19,"column":null}},"4":{"start":{"line":22,"column":4},"end":{"line":25,"column":null}},"5":{"start":{"line":29,"column":4},"end":{"line":29,"column":null}},"6":{"start":{"line":30,"column":4},"end":{"line":30,"column":null}},"7":{"start":{"line":32,"column":10},"end":{"line":32,"column":null}},"8":{"start":{"line":33,"column":4},"end":{"line":36,"column":null}},"9":{"start":{"line":34,"column":6},"end":{"line":34,"column":null}},"10":{"start":{"line":35,"column":6},"end":{"line":35,"column":null}},"11":{"start":{"line":38,"column":4},"end":{"line":38,"column":null}},"12":{"start":{"line":40,"column":4},"end":{"line":49,"column":null}},"13":{"start":{"line":41,"column":6},"end":{"line":41,"column":null}},"14":{"start":{"line":42,"column":6},"end":{"line":42,"column":null}},"15":{"start":{"line":44,"column":6},"end":{"line":46,"column":null}},"16":{"start":{"line":48,"column":6},"end":{"line":48,"column":null}},"17":{"start":{"line":52,"column":2},"end":{"line":92,"column":null}}},"fnMap":{"0":{"name":"BudgetBookForm","decl":{"start":{"line":9,"column":16},"end":{"line":9,"column":31}},"loc":{"start":{"line":9,"column":69},"end":{"line":94,"column":null}},"line":9},"1":{"name":"updateField","decl":{"start":{"line":21,"column":11},"end":{"line":21,"column":23}},"loc":{"start":{"line":21,"column":30},"end":{"line":26,"column":null}},"line":21},"2":{"name":"handleSubmit","decl":{"start":{"line":28,"column":17},"end":{"line":28,"column":30}},"loc":{"start":{"line":28,"column":37},"end":{"line":50,"column":null}},"line":28}},"branchMap":{"0":{"loc":{"start":{"line":11,"column":4},"end":{"line":16,"column":null}},"type":"cond-expr","locations":[{"start":{"line":12,"column":8},"end":{"line":15,"column":null}},{"start":{"line":16,"column":8},"end":{"line":16,"column":null}}],"line":11},"1":{"loc":{"start":{"line":33,"column":4},"end":{"line":36,"column":null}},"type":"if","locations":[{"start":{"line":33,"column":4},"end":{"line":36,"column":null}},{"start":{},"end":{}}],"line":33},"2":{"loc":{"start":{"line":55,"column":13},"end":{"line":55,"column":76}},"type":"cond-expr","locations":[{"start":{"line":55,"column":28},"end":{"line":55,"column":57}},{"start":{"line":55,"column":57},"end":{"line":55,"column":76}}],"line":55},"3":{"loc":{"start":{"line":56,"column":9},"end":{"line":60,"column":null}},"type":"cond-expr","locations":[{"start":{"line":57,"column":10},"end":{"line":60,"column":null}},{"start":{"line":60,"column":12},"end":{"line":60,"column":null}}],"line":56},"4":{"loc":{"start":{"line":87,"column":7},"end":{"line":87,"column":null}},"type":"cond-expr","locations":[{"start":{"line":87,"column":15},"end":{"line":87,"column":null}},{"start":{"line":87,"column":56},"end":{"line":87,"column":null}}],"line":87},"5":{"loc":{"start":{"line":90,"column":9},"end":{"line":90,"column":null}},"type":"cond-expr","locations":[{"start":{"line":90,"column":18},"end":{"line":90,"column":33}},{"start":{"line":90,"column":33},"end":{"line":90,"column":null}}],"line":90}},"s":{"0":2,"1":26,"2":26,"3":26,"4":4,"5":4,"6":4,"7":4,"8":4,"9":1,"10":1,"11":3,"12":3,"13":3,"14":2,"15":1,"16":3,"17":26},"f":{"0":26,"1":4,"2":4},"b":{"0":[2,24],"1":[1,3],"2":[2,24],"3":[2,24],"4":[2,24],"5":[3,23]},"meta":{"lastBranch":6,"lastFunction":3,"lastStatement":18,"seen":{"s:4:22:7:Infinity":0,"f:9:16:9:31":0,"s:10:17:17:Infinity":1,"b:12:8:15:Infinity:16:8:16:Infinity":0,"s:18:17:18:Infinity":2,"s:19:16:19:Infinity":3,"f:21:11:21:23":1,"s:22:4:25:Infinity":4,"f:28:17:28:30":2,"s:29:4:29:Infinity":5,"s:30:4:30:Infinity":6,"s:32:10:32:Infinity":7,"b:33:4:36:Infinity:undefined:undefined:undefined:undefined":1,"s:33:4:36:Infinity":8,"s:34:6:34:Infinity":9,"s:35:6:35:Infinity":10,"s:38:4:38:Infinity":11,"s:40:4:49:Infinity":12,"s:41:6:41:Infinity":13,"s:42:6:42:Infinity":14,"s:44:6:46:Infinity":15,"s:48:6:48:Infinity":16,"s:52:2:92:Infinity":17,"b:55:28:55:57:55:57:55:76":2,"b:57:10:60:Infinity:60:12:60:Infinity":3,"b:87:15:87:Infinity:87:56:87:Infinity":4,"b:90:18:90:33:90:33:90:Infinity":5}}}
,"C:\\ADJS\\huishoudboekje\\src\\components\\BudgetBookList.jsx": {"path":"C:\\ADJS\\huishoudboekje\\src\\components\\BudgetBookList.jsx","statementMap":{"0":{"start":{"line":8,"column":2},"end":{"line":50,"column":null}},"1":{"start":{"line":22,"column":12},"end":{"line":46,"column":null}},"2":{"start":{"line":26,"column":51},"end":{"line":26,"column":null}},"3":{"start":{"line":34,"column":33},"end":{"line":34,"column":null}},"4":{"start":{"line":41,"column":33},"end":{"line":41,"column":null}}},"fnMap":{"0":{"name":"BudgetBookList","decl":{"start":{"line":1,"column":16},"end":{"line":1,"column":31}},"loc":{"start":{"line":7,"column":3},"end":{"line":52,"column":null}},"line":7},"1":{"name":"(anonymous_1)","decl":{"start":{"line":21,"column":23},"end":{"line":21,"column":28}},"loc":{"start":{"line":22,"column":12},"end":{"line":46,"column":null}},"line":22},"2":{"name":"(anonymous_2)","decl":{"start":{"line":26,"column":36},"end":{"line":26,"column":51}},"loc":{"start":{"line":26,"column":51},"end":{"line":26,"column":null}},"line":26},"3":{"name":"(anonymous_3)","decl":{"start":{"line":34,"column":18},"end":{"line":34,"column":33}},"loc":{"start":{"line":34,"column":33},"end":{"line":34,"column":null}},"line":34},"4":{"name":"(anonymous_4)","decl":{"start":{"line":41,"column":18},"end":{"line":41,"column":33}},"loc":{"start":{"line":41,"column":33},"end":{"line":41,"column":null}},"line":41}},"branchMap":{"0":{"loc":{"start":{"line":17,"column":7},"end":{"line":50,"column":null}},"type":"cond-expr","locations":[{"start":{"line":18,"column":8},"end":{"line":20,"column":9}},{"start":{"line":20,"column":8},"end":{"line":50,"column":null}}],"line":17},"1":{"loc":{"start":{"line":24,"column":25},"end":{"line":24,"column":null}},"type":"cond-expr","locations":[{"start":{"line":24,"column":56},"end":{"line":24,"column":69}},{"start":{"line":24,"column":69},"end":{"line":24,"column":null}}],"line":24},"2":{"loc":{"start":{"line":28,"column":23},"end":{"line":28,"column":69}},"type":"binary-expr","locations":[{"start":{"line":28,"column":23},"end":{"line":28,"column":43}},{"start":{"line":28,"column":43},"end":{"line":28,"column":69}}],"line":28}},"s":{"0":14,"1":26,"2":2,"3":2,"4":3},"f":{"0":14,"1":26,"2":2,"3":2,"4":3},"b":{"0":[1,13],"1":[13,13],"2":[26,13]},"meta":{"lastBranch":3,"lastFunction":5,"lastStatement":5,"seen":{"f:1:16:1:31":0,"s:8:2:50:Infinity":0,"b:18:8:20:9:20:8:50:Infinity":0,"f:21:23:21:28":1,"s:22:12:46:Infinity":1,"b:24:56:24:69:24:69:24:Infinity":1,"f:26:36:26:51":2,"s:26:51:26:Infinity":2,"b:28:23:28:43:28:43:28:69":2,"f:34:18:34:33":3,"s:34:33:34:Infinity":3,"f:41:18:41:33":4,"s:41:33:41:Infinity":4}}}
,"C:\\ADJS\\huishoudboekje\\src\\components\\ExpenseForm.jsx": {"path":"C:\\ADJS\\huishoudboekje\\src\\components\\ExpenseForm.jsx","statementMap":{"0":{"start":{"line":6,"column":22},"end":{"line":12,"column":null}},"1":{"start":{"line":15,"column":17},"end":{"line":15,"column":null}},"2":{"start":{"line":16,"column":17},"end":{"line":16,"column":null}},"3":{"start":{"line":17,"column":16},"end":{"line":17,"column":null}},"4":{"start":{"line":20,"column":4},"end":{"line":23,"column":null}},"5":{"start":{"line":27,"column":4},"end":{"line":27,"column":null}},"6":{"start":{"line":28,"column":4},"end":{"line":28,"column":null}},"7":{"start":{"line":30,"column":10},"end":{"line":30,"column":null}},"8":{"start":{"line":31,"column":4},"end":{"line":34,"column":null}},"9":{"start":{"line":32,"column":6},"end":{"line":32,"column":null}},"10":{"start":{"line":33,"column":6},"end":{"line":33,"column":null}},"11":{"start":{"line":36,"column":4},"end":{"line":36,"column":null}},"12":{"start":{"line":38,"column":4},"end":{"line":48,"column":null}},"13":{"start":{"line":39,"column":6},"end":{"line":39,"column":null}},"14":{"start":{"line":40,"column":6},"end":{"line":43,"column":null}},"15":{"start":{"line":45,"column":6},"end":{"line":45,"column":null}},"16":{"start":{"line":47,"column":6},"end":{"line":47,"column":null}},"17":{"start":{"line":51,"column":2},"end":{"line":123,"column":null}},"18":{"start":{"line":89,"column":14},"end":{"line":89,"column":null}}},"fnMap":{"0":{"name":"ExpenseForm","decl":{"start":{"line":14,"column":16},"end":{"line":14,"column":28}},"loc":{"start":{"line":14,"column":52},"end":{"line":125,"column":null}},"line":14},"1":{"name":"updateField","decl":{"start":{"line":19,"column":11},"end":{"line":19,"column":23}},"loc":{"start":{"line":19,"column":30},"end":{"line":24,"column":null}},"line":19},"2":{"name":"handleSubmit","decl":{"start":{"line":26,"column":17},"end":{"line":26,"column":30}},"loc":{"start":{"line":26,"column":37},"end":{"line":49,"column":null}},"line":26},"3":{"name":"(anonymous_3)","decl":{"start":{"line":88,"column":31},"end":{"line":88,"column":36}},"loc":{"start":{"line":89,"column":14},"end":{"line":89,"column":null}},"line":89}},"branchMap":{"0":{"loc":{"start":{"line":31,"column":4},"end":{"line":34,"column":null}},"type":"if","locations":[{"start":{"line":31,"column":4},"end":{"line":34,"column":null}},{"start":{},"end":{}}],"line":31},"1":{"loc":{"start":{"line":118,"column":7},"end":{"line":118,"column":null}},"type":"cond-expr","locations":[{"start":{"line":118,"column":15},"end":{"line":118,"column":null}},{"start":{"line":118,"column":56},"end":{"line":118,"column":null}}],"line":118},"2":{"loc":{"start":{"line":120,"column":65},"end":{"line":120,"column":null}},"type":"binary-expr","locations":[{"start":{"line":120,"column":65},"end":{"line":120,"column":77}},{"start":{"line":120,"column":77},"end":{"line":120,"column":null}}],"line":120},"3":{"loc":{"start":{"line":121,"column":9},"end":{"line":121,"column":null}},"type":"cond-expr","locations":[{"start":{"line":121,"column":18},"end":{"line":121,"column":35}},{"start":{"line":121,"column":35},"end":{"line":121,"column":null}}],"line":121}},"s":{"0":2,"1":20,"2":20,"3":20,"4":7,"5":4,"6":4,"7":4,"8":4,"9":2,"10":2,"11":2,"12":2,"13":2,"14":1,"15":1,"16":2,"17":20,"18":120},"f":{"0":20,"1":7,"2":4,"3":120},"b":{"0":[2,2],"1":[3,17],"2":[20,19],"3":[2,18]},"meta":{"lastBranch":4,"lastFunction":4,"lastStatement":19,"seen":{"s:6:22:12:Infinity":0,"f:14:16:14:28":0,"s:15:17:15:Infinity":1,"s:16:17:16:Infinity":2,"s:17:16:17:Infinity":3,"f:19:11:19:23":1,"s:20:4:23:Infinity":4,"f:26:17:26:30":2,"s:27:4:27:Infinity":5,"s:28:4:28:Infinity":6,"s:30:10:30:Infinity":7,"b:31:4:34:Infinity:undefined:undefined:undefined:undefined":0,"s:31:4:34:Infinity":8,"s:32:6:32:Infinity":9,"s:33:6:33:Infinity":10,"s:36:4:36:Infinity":11,"s:38:4:48:Infinity":12,"s:39:6:39:Infinity":13,"s:40:6:43:Infinity":14,"s:45:6:45:Infinity":15,"s:47:6:47:Infinity":16,"s:51:2:123:Infinity":17,"f:88:31:88:36":3,"s:89:14:89:Infinity":18,"b:118:15:118:Infinity:118:56:118:Infinity":1,"b:120:65:120:77:120:77:120:Infinity":2,"b:121:18:121:35:121:35:121:Infinity":3}}}
,"C:\\ADJS\\huishoudboekje\\src\\components\\ExpenseList.jsx": {"path":"C:\\ADJS\\huishoudboekje\\src\\components\\ExpenseList.jsx","statementMap":{"0":{"start":{"line":4,"column":2},"end":{"line":6,"column":null}},"1":{"start":{"line":5,"column":4},"end":{"line":5,"column":null}},"2":{"start":{"line":8,"column":2},"end":{"line":31,"column":null}},"3":{"start":{"line":11,"column":8},"end":{"line":29,"column":null}},"4":{"start":{"line":24,"column":29},"end":{"line":24,"column":null}}},"fnMap":{"0":{"name":"ExpenseList","decl":{"start":{"line":3,"column":16},"end":{"line":3,"column":28}},"loc":{"start":{"line":3,"column":52},"end":{"line":33,"column":null}},"line":3},"1":{"name":"(anonymous_1)","decl":{"start":{"line":10,"column":16},"end":{"line":10,"column":21}},"loc":{"start":{"line":11,"column":8},"end":{"line":29,"column":null}},"line":11},"2":{"name":"(anonymous_2)","decl":{"start":{"line":24,"column":14},"end":{"line":24,"column":29}},"loc":{"start":{"line":24,"column":29},"end":{"line":24,"column":null}},"line":24}},"branchMap":{"0":{"loc":{"start":{"line":4,"column":2},"end":{"line":6,"column":null}},"type":"if","locations":[{"start":{"line":4,"column":2},"end":{"line":6,"column":null}},{"start":{},"end":{}}],"line":4},"1":{"loc":{"start":{"line":17,"column":13},"end":{"line":17,"column":null}},"type":"cond-expr","locations":[{"start":{"line":17,"column":28},"end":{"line":17,"column":null}},{"start":{"line":17,"column":60},"end":{"line":17,"column":null}}],"line":17}},"s":{"0":5,"1":1,"2":4,"3":5,"4":1},"f":{"0":5,"1":5,"2":1},"b":{"0":[1,4],"1":[1,4]},"meta":{"lastBranch":2,"lastFunction":3,"lastStatement":5,"seen":{"f:3:16:3:28":0,"b:4:2:6:Infinity:undefined:undefined:undefined:undefined":0,"s:4:2:6:Infinity":0,"s:5:4:5:Infinity":1,"s:8:2:31:Infinity":2,"f:10:16:10:21":1,"s:11:8:29:Infinity":3,"b:17:28:17:Infinity:17:60:17:Infinity":1,"f:24:14:24:29":2,"s:24:29:24:Infinity":4}}}
,"C:\\ADJS\\huishoudboekje\\src\\components\\SummaryCards.jsx": {"path":"C:\\ADJS\\huishoudboekje\\src\\components\\SummaryCards.jsx","statementMap":{"0":{"start":{"line":6,"column":8},"end":{"line":6,"column":null}},"1":{"start":{"line":7,"column":8},"end":{"line":7,"column":null}},"2":{"start":{"line":8,"column":26},"end":{"line":13,"column":null}},"3":{"start":{"line":9,"column":24},"end":{"line":12,"column":6}},"4":{"start":{"line":13,"column":29},"end":{"line":13,"column":55}},"5":{"start":{"line":15,"column":2},"end":{"line":31,"column":null}}},"fnMap":{"0":{"name":"SummaryCards","decl":{"start":{"line":5,"column":16},"end":{"line":5,"column":29}},"loc":{"start":{"line":5,"column":43},"end":{"line":33,"column":null}},"line":5},"1":{"name":"(anonymous_1)","decl":{"start":{"line":9,"column":5},"end":{"line":9,"column":10}},"loc":{"start":{"line":9,"column":24},"end":{"line":12,"column":6}},"line":9},"2":{"name":"(anonymous_2)","decl":{"start":{"line":13,"column":5},"end":{"line":13,"column":11}},"loc":{"start":{"line":13,"column":29},"end":{"line":13,"column":55}},"line":13}},"branchMap":{"0":{"loc":{"start":{"line":11,"column":13},"end":{"line":11,"column":null}},"type":"binary-expr","locations":[{"start":{"line":11,"column":13},"end":{"line":11,"column":41}},{"start":{"line":11,"column":41},"end":{"line":11,"column":null}}],"line":11},"1":{"loc":{"start":{"line":28,"column":11},"end":{"line":28,"column":null}},"type":"cond-expr","locations":[{"start":{"line":28,"column":40},"end":{"line":28,"column":67}},{"start":{"line":28,"column":67},"end":{"line":28,"column":null}}],"line":28}},"s":{"0":5,"1":5,"2":5,"3":30,"4":33,"5":5},"f":{"0":5,"1":30,"2":33},"b":{"0":[30,26],"1":[3,2]},"meta":{"lastBranch":2,"lastFunction":3,"lastStatement":6,"seen":{"f:5:16:5:29":0,"s:6:8:6:Infinity":0,"s:7:8:7:Infinity":1,"s:8:26:13:Infinity":2,"f:9:5:9:10":1,"s:9:24:12:6":3,"b:11:13:11:41:11:41:11:Infinity":0,"f:13:5:13:11":2,"s:13:29:13:55":4,"s:15:2:31:Infinity":5,"b:28:40:28:67:28:67:28:Infinity":1}}}
,"C:\\ADJS\\huishoudboekje\\src\\hooks\\useAuth.js": {"path":"C:\\ADJS\\huishoudboekje\\src\\hooks\\useAuth.js","statementMap":{"0":{"start":{"line":6,"column":15},"end":{"line":6,"column":null}},"1":{"start":{"line":7,"column":18},"end":{"line":7,"column":null}},"2":{"start":{"line":8,"column":16},"end":{"line":8,"column":null}},"3":{"start":{"line":10,"column":2},"end":{"line":15,"column":null}},"4":{"start":{"line":11,"column":4},"end":{"line":14,"column":null}},"5":{"start":{"line":12,"column":6},"end":{"line":12,"column":null}},"6":{"start":{"line":13,"column":6},"end":{"line":13,"column":null}},"7":{"start":{"line":18,"column":4},"end":{"line":18,"column":null}},"8":{"start":{"line":20,"column":4},"end":{"line":24,"column":null}},"9":{"start":{"line":21,"column":6},"end":{"line":21,"column":null}},"10":{"start":{"line":23,"column":6},"end":{"line":23,"column":null}},"11":{"start":{"line":28,"column":4},"end":{"line":28,"column":null}},"12":{"start":{"line":30,"column":4},"end":{"line":34,"column":null}},"13":{"start":{"line":31,"column":6},"end":{"line":31,"column":null}},"14":{"start":{"line":33,"column":6},"end":{"line":33,"column":null}},"15":{"start":{"line":37,"column":2},"end":{"line":43,"column":null}}},"fnMap":{"0":{"name":"useAuth","decl":{"start":{"line":5,"column":16},"end":{"line":5,"column":26}},"loc":{"start":{"line":5,"column":26},"end":{"line":44,"column":null}},"line":5},"1":{"name":"(anonymous_1)","decl":{"start":{"line":10,"column":2},"end":{"line":10,"column":18}},"loc":{"start":{"line":10,"column":18},"end":{"line":15,"column":5}},"line":10},"2":{"name":"(anonymous_2)","decl":{"start":{"line":11,"column":11},"end":{"line":11,"column":28}},"loc":{"start":{"line":11,"column":44},"end":{"line":14,"column":5}},"line":11},"3":{"name":"login","decl":{"start":{"line":17,"column":17},"end":{"line":17,"column":25}},"loc":{"start":{"line":17,"column":25},"end":{"line":25,"column":null}},"line":17},"4":{"name":"logout","decl":{"start":{"line":27,"column":17},"end":{"line":27,"column":26}},"loc":{"start":{"line":27,"column":26},"end":{"line":35,"column":null}},"line":27}},"branchMap":{},"s":{"0":5,"1":5,"2":5,"3":5,"4":3,"5":1,"6":1,"7":2,"8":2,"9":2,"10":1,"11":1,"12":1,"13":1,"14":0,"15":5},"f":{"0":5,"1":3,"2":1,"3":2,"4":1},"b":{},"meta":{"lastBranch":0,"lastFunction":5,"lastStatement":16,"seen":{"f:5:16:5:26":0,"s:6:15:6:Infinity":0,"s:7:18:7:Infinity":1,"s:8:16:8:Infinity":2,"s:10:2:15:Infinity":3,"f:10:2:10:18":1,"s:11:4:14:Infinity":4,"f:11:11:11:28":2,"s:12:6:12:Infinity":5,"s:13:6:13:Infinity":6,"f:17:17:17:25":3,"s:18:4:18:Infinity":7,"s:20:4:24:Infinity":8,"s:21:6:21:Infinity":9,"s:23:6:23:Infinity":10,"f:27:17:27:26":4,"s:28:4:28:Infinity":11,"s:30:4:34:Infinity":12,"s:31:6:31:Infinity":13,"s:33:6:33:Infinity":14,"s:37:2:43:Infinity":15}}}
,"C:\\ADJS\\huishoudboekje\\src\\hooks\\useBudgetBooks.js": {"path":"C:\\ADJS\\huishoudboekje\\src\\hooks\\useBudgetBooks.js","statementMap":{"0":{"start":{"line":11,"column":22},"end":{"line":11,"column":null}},"1":{"start":{"line":12,"column":18},"end":{"line":12,"column":null}},"2":{"start":{"line":13,"column":16},"end":{"line":13,"column":null}},"3":{"start":{"line":15,"column":2},"end":{"line":36,"column":null}},"4":{"start":{"line":16,"column":4},"end":{"line":18,"column":null}},"5":{"start":{"line":17,"column":6},"end":{"line":17,"column":null}},"6":{"start":{"line":20,"column":4},"end":{"line":35,"column":null}},"7":{"start":{"line":23,"column":8},"end":{"line":23,"column":null}},"8":{"start":{"line":24,"column":8},"end":{"line":24,"column":null}},"9":{"start":{"line":27,"column":8},"end":{"line":32,"column":null}},"10":{"start":{"line":33,"column":8},"end":{"line":33,"column":null}},"11":{"start":{"line":39,"column":4},"end":{"line":39,"column":null}},"12":{"start":{"line":41,"column":4},"end":{"line":45,"column":null}},"13":{"start":{"line":42,"column":22},"end":{"line":42,"column":null}},"14":{"start":{"line":43,"column":6},"end":{"line":43,"column":null}},"15":{"start":{"line":44,"column":6},"end":{"line":44,"column":null}},"16":{"start":{"line":47,"column":10},"end":{"line":47,"column":null}},"17":{"start":{"line":48,"column":4},"end":{"line":51,"column":null}},"18":{"start":{"line":49,"column":6},"end":{"line":49,"column":null}},"19":{"start":{"line":50,"column":6},"end":{"line":50,"column":null}},"20":{"start":{"line":53,"column":4},"end":{"line":72,"column":null}},"21":{"start":{"line":54,"column":6},"end":{"line":58,"column":null}},"22":{"start":{"line":55,"column":24},"end":{"line":55,"column":null}},"23":{"start":{"line":56,"column":8},"end":{"line":56,"column":null}},"24":{"start":{"line":57,"column":8},"end":{"line":57,"column":null}},"25":{"start":{"line":60,"column":6},"end":{"line":69,"column":null}},"26":{"start":{"line":61,"column":8},"end":{"line":61,"column":null}},"27":{"start":{"line":63,"column":14},"end":{"line":66,"column":null}},"28":{"start":{"line":67,"column":8},"end":{"line":67,"column":null}},"29":{"start":{"line":68,"column":8},"end":{"line":68,"column":null}},"30":{"start":{"line":71,"column":6},"end":{"line":71,"column":null}},"31":{"start":{"line":74,"column":4},"end":{"line":84,"column":null}},"32":{"start":{"line":75,"column":26},"end":{"line":75,"column":null}},"33":{"start":{"line":76,"column":6},"end":{"line":76,"column":null}},"34":{"start":{"line":78,"column":12},"end":{"line":81,"column":null}},"35":{"start":{"line":82,"column":6},"end":{"line":82,"column":null}},"36":{"start":{"line":83,"column":6},"end":{"line":83,"column":null}},"37":{"start":{"line":88,"column":4},"end":{"line":88,"column":null}},"38":{"start":{"line":90,"column":4},"end":{"line":93,"column":null}},"39":{"start":{"line":91,"column":6},"end":{"line":91,"column":null}},"40":{"start":{"line":92,"column":6},"end":{"line":92,"column":null}},"41":{"start":{"line":95,"column":4},"end":{"line":101,"column":null}},"42":{"start":{"line":96,"column":6},"end":{"line":96,"column":null}},"43":{"start":{"line":98,"column":6},"end":{"line":100,"column":null}},"44":{"start":{"line":104,"column":2},"end":{"line":110,"column":null}}},"fnMap":{"0":{"name":"useBudgetBooks","decl":{"start":{"line":10,"column":16},"end":{"line":10,"column":31}},"loc":{"start":{"line":10,"column":37},"end":{"line":111,"column":null}},"line":10},"1":{"name":"(anonymous_1)","decl":{"start":{"line":15,"column":2},"end":{"line":15,"column":18}},"loc":{"start":{"line":15,"column":18},"end":{"line":36,"column":5}},"line":15},"2":{"name":"(anonymous_2)","decl":{"start":{"line":21,"column":11},"end":{"line":21,"column":null}},"loc":{"start":{"line":22,"column":17},"end":{"line":25,"column":null}},"line":22},"3":{"name":"(anonymous_3)","decl":{"start":{"line":25,"column":6},"end":{"line":25,"column":null}},"loc":{"start":{"line":26,"column":25},"end":{"line":34,"column":null}},"line":26},"4":{"name":"saveBudgetBook","decl":{"start":{"line":38,"column":17},"end":{"line":38,"column":32}},"loc":{"start":{"line":38,"column":54},"end":{"line":85,"column":null}},"line":38},"5":{"name":"archiveBook","decl":{"start":{"line":87,"column":17},"end":{"line":87,"column":29}},"loc":{"start":{"line":87,"column":35},"end":{"line":102,"column":null}},"line":87}},"branchMap":{"0":{"loc":{"start":{"line":16,"column":4},"end":{"line":18,"column":null}},"type":"if","locations":[{"start":{"line":16,"column":4},"end":{"line":18,"column":null}},{"start":{},"end":{}}],"line":16},"1":{"loc":{"start":{"line":41,"column":4},"end":{"line":45,"column":null}},"type":"if","locations":[{"start":{"line":41,"column":4},"end":{"line":45,"column":null}},{"start":{},"end":{}}],"line":41},"2":{"loc":{"start":{"line":48,"column":4},"end":{"line":51,"column":null}},"type":"if","locations":[{"start":{"line":48,"column":4},"end":{"line":51,"column":null}},{"start":{},"end":{}}],"line":48},"3":{"loc":{"start":{"line":53,"column":4},"end":{"line":72,"column":null}},"type":"if","locations":[{"start":{"line":53,"column":4},"end":{"line":72,"column":null}},{"start":{},"end":{}}],"line":53},"4":{"loc":{"start":{"line":54,"column":6},"end":{"line":58,"column":null}},"type":"if","locations":[{"start":{"line":54,"column":6},"end":{"line":58,"column":null}},{"start":{},"end":{}}],"line":54},"5":{"loc":{"start":{"line":90,"column":4},"end":{"line":93,"column":null}},"type":"if","locations":[{"start":{"line":90,"column":4},"end":{"line":93,"column":null}},{"start":{},"end":{}}],"line":90},"6":{"loc":{"start":{"line":90,"column":8},"end":{"line":90,"column":44}},"type":"binary-expr","locations":[{"start":{"line":90,"column":8},"end":{"line":90,"column":17}},{"start":{"line":90,"column":17},"end":{"line":90,"column":44}}],"line":90},"7":{"loc":{"start":{"line":105,"column":17},"end":{"line":105,"column":null}},"type":"cond-expr","locations":[{"start":{"line":105,"column":24},"end":{"line":105,"column":38}},{"start":{"line":105,"column":38},"end":{"line":105,"column":null}}],"line":105},"8":{"loc":{"start":{"line":106,"column":13},"end":{"line":106,"column":null}},"type":"binary-expr","locations":[{"start":{"line":106,"column":13},"end":{"line":106,"column":30}},{"start":{"line":106,"column":30},"end":{"line":106,"column":null}}],"line":106}},"s":{"0":17,"1":17,"2":17,"3":17,"4":10,"5":1,"6":9,"7":1,"8":1,"9":1,"10":1,"11":6,"12":6,"13":1,"14":1,"15":1,"16":5,"17":5,"18":0,"19":0,"20":5,"21":3,"22":1,"23":1,"24":1,"25":2,"26":2,"27":1,"28":1,"29":1,"30":1,"31":2,"32":2,"33":1,"34":1,"35":1,"36":1,"37":3,"38":3,"39":1,"40":1,"41":2,"42":2,"43":1,"44":17},"f":{"0":17,"1":10,"2":1,"3":1,"4":6,"5":3},"b":{"0":[1,9],"1":[1,5],"2":[0,5],"3":[3,2],"4":[1,2],"5":[1,2],"6":[3,3],"7":[15,2],"8":[17,15]},"meta":{"lastBranch":9,"lastFunction":6,"lastStatement":45,"seen":{"f:10:16:10:31":0,"s:11:22:11:Infinity":0,"s:12:18:12:Infinity":1,"s:13:16:13:Infinity":2,"s:15:2:36:Infinity":3,"f:15:2:15:18":1,"b:16:4:18:Infinity:undefined:undefined:undefined:undefined":0,"s:16:4:18:Infinity":4,"s:17:6:17:Infinity":5,"s:20:4:35:Infinity":6,"f:21:11:21:Infinity":2,"s:23:8:23:Infinity":7,"s:24:8:24:Infinity":8,"f:25:6:25:Infinity":3,"s:27:8:32:Infinity":9,"s:33:8:33:Infinity":10,"f:38:17:38:32":4,"s:39:4:39:Infinity":11,"b:41:4:45:Infinity:undefined:undefined:undefined:undefined":1,"s:41:4:45:Infinity":12,"s:42:22:42:Infinity":13,"s:43:6:43:Infinity":14,"s:44:6:44:Infinity":15,"s:47:10:47:Infinity":16,"b:48:4:51:Infinity:undefined:undefined:undefined:undefined":2,"s:48:4:51:Infinity":17,"s:49:6:49:Infinity":18,"s:50:6:50:Infinity":19,"b:53:4:72:Infinity:undefined:undefined:undefined:undefined":3,"s:53:4:72:Infinity":20,"b:54:6:58:Infinity:undefined:undefined:undefined:undefined":4,"s:54:6:58:Infinity":21,"s:55:24:55:Infinity":22,"s:56:8:56:Infinity":23,"s:57:8:57:Infinity":24,"s:60:6:69:Infinity":25,"s:61:8:61:Infinity":26,"s:63:14:66:Infinity":27,"s:67:8:67:Infinity":28,"s:68:8:68:Infinity":29,"s:71:6:71:Infinity":30,"s:74:4:84:Infinity":31,"s:75:26:75:Infinity":32,"s:76:6:76:Infinity":33,"s:78:12:81:Infinity":34,"s:82:6:82:Infinity":35,"s:83:6:83:Infinity":36,"f:87:17:87:29":5,"s:88:4:88:Infinity":37,"b:90:4:93:Infinity:undefined:undefined:undefined:undefined":5,"s:90:4:93:Infinity":38,"b:90:8:90:17:90:17:90:44":6,"s:91:6:91:Infinity":39,"s:92:6:92:Infinity":40,"s:95:4:101:Infinity":41,"s:96:6:96:Infinity":42,"s:98:6:100:Infinity":43,"s:104:2:110:Infinity":44,"b:105:24:105:38:105:38:105:Infinity":7,"b:106:13:106:30:106:30:106:Infinity":8}}}
,"C:\\ADJS\\huishoudboekje\\src\\hooks\\useExpenses.js": {"path":"C:\\ADJS\\huishoudboekje\\src\\hooks\\useExpenses.js","statementMap":{"0":{"start":{"line":10,"column":19},"end":{"line":10,"column":null}},"1":{"start":{"line":11,"column":18},"end":{"line":11,"column":null}},"2":{"start":{"line":12,"column":16},"end":{"line":12,"column":null}},"3":{"start":{"line":14,"column":2},"end":{"line":31,"column":null}},"4":{"start":{"line":15,"column":4},"end":{"line":17,"column":null}},"5":{"start":{"line":16,"column":6},"end":{"line":16,"column":null}},"6":{"start":{"line":19,"column":4},"end":{"line":30,"column":null}},"7":{"start":{"line":23,"column":8},"end":{"line":23,"column":null}},"8":{"start":{"line":24,"column":8},"end":{"line":24,"column":null}},"9":{"start":{"line":27,"column":8},"end":{"line":27,"column":null}},"10":{"start":{"line":28,"column":8},"end":{"line":28,"column":null}},"11":{"start":{"line":34,"column":4},"end":{"line":34,"column":null}},"12":{"start":{"line":36,"column":4},"end":{"line":40,"column":null}},"13":{"start":{"line":37,"column":22},"end":{"line":37,"column":null}},"14":{"start":{"line":38,"column":6},"end":{"line":38,"column":null}},"15":{"start":{"line":39,"column":6},"end":{"line":39,"column":null}},"16":{"start":{"line":42,"column":10},"end":{"line":42,"column":null}},"17":{"start":{"line":43,"column":4},"end":{"line":46,"column":null}},"18":{"start":{"line":44,"column":6},"end":{"line":44,"column":null}},"19":{"start":{"line":45,"column":6},"end":{"line":45,"column":null}},"20":{"start":{"line":48,"column":4},"end":{"line":57,"column":null}},"21":{"start":{"line":49,"column":6},"end":{"line":49,"column":null}},"22":{"start":{"line":51,"column":12},"end":{"line":54,"column":null}},"23":{"start":{"line":55,"column":6},"end":{"line":55,"column":null}},"24":{"start":{"line":56,"column":6},"end":{"line":56,"column":null}},"25":{"start":{"line":61,"column":4},"end":{"line":61,"column":null}},"26":{"start":{"line":63,"column":4},"end":{"line":67,"column":null}},"27":{"start":{"line":64,"column":22},"end":{"line":64,"column":null}},"28":{"start":{"line":65,"column":6},"end":{"line":65,"column":null}},"29":{"start":{"line":66,"column":6},"end":{"line":66,"column":null}},"30":{"start":{"line":69,"column":4},"end":{"line":75,"column":null}},"31":{"start":{"line":70,"column":6},"end":{"line":70,"column":null}},"32":{"start":{"line":72,"column":6},"end":{"line":74,"column":null}},"33":{"start":{"line":78,"column":2},"end":{"line":84,"column":null}}},"fnMap":{"0":{"name":"useExpenses","decl":{"start":{"line":9,"column":16},"end":{"line":9,"column":28}},"loc":{"start":{"line":9,"column":40},"end":{"line":85,"column":null}},"line":9},"1":{"name":"(anonymous_1)","decl":{"start":{"line":14,"column":2},"end":{"line":14,"column":18}},"loc":{"start":{"line":14,"column":18},"end":{"line":31,"column":5}},"line":14},"2":{"name":"(anonymous_2)","decl":{"start":{"line":21,"column":11},"end":{"line":21,"column":null}},"loc":{"start":{"line":22,"column":24},"end":{"line":25,"column":null}},"line":22},"3":{"name":"(anonymous_3)","decl":{"start":{"line":25,"column":6},"end":{"line":25,"column":null}},"loc":{"start":{"line":26,"column":25},"end":{"line":29,"column":null}},"line":26},"4":{"name":"addExpense","decl":{"start":{"line":33,"column":17},"end":{"line":33,"column":28}},"loc":{"start":{"line":33,"column":36},"end":{"line":58,"column":null}},"line":33},"5":{"name":"removeExpense","decl":{"start":{"line":60,"column":17},"end":{"line":60,"column":31}},"loc":{"start":{"line":60,"column":40},"end":{"line":76,"column":null}},"line":60}},"branchMap":{"0":{"loc":{"start":{"line":11,"column":49},"end":{"line":11,"column":61}},"type":"binary-expr","locations":[{"start":{"line":11,"column":49},"end":{"line":11,"column":57}},{"start":{"line":11,"column":57},"end":{"line":11,"column":61}}],"line":11},"1":{"loc":{"start":{"line":15,"column":4},"end":{"line":17,"column":null}},"type":"if","locations":[{"start":{"line":15,"column":4},"end":{"line":17,"column":null}},{"start":{},"end":{}}],"line":15},"2":{"loc":{"start":{"line":15,"column":8},"end":{"line":15,"column":24}},"type":"binary-expr","locations":[{"start":{"line":15,"column":8},"end":{"line":15,"column":17}},{"start":{"line":15,"column":17},"end":{"line":15,"column":24}}],"line":15},"3":{"loc":{"start":{"line":36,"column":4},"end":{"line":40,"column":null}},"type":"if","locations":[{"start":{"line":36,"column":4},"end":{"line":40,"column":null}},{"start":{},"end":{}}],"line":36},"4":{"loc":{"start":{"line":36,"column":8},"end":{"line":36,"column":24}},"type":"binary-expr","locations":[{"start":{"line":36,"column":8},"end":{"line":36,"column":17}},{"start":{"line":36,"column":17},"end":{"line":36,"column":24}}],"line":36},"5":{"loc":{"start":{"line":43,"column":4},"end":{"line":46,"column":null}},"type":"if","locations":[{"start":{"line":43,"column":4},"end":{"line":46,"column":null}},{"start":{},"end":{}}],"line":43},"6":{"loc":{"start":{"line":63,"column":4},"end":{"line":67,"column":null}},"type":"if","locations":[{"start":{"line":63,"column":4},"end":{"line":67,"column":null}},{"start":{},"end":{}}],"line":63},"7":{"loc":{"start":{"line":63,"column":8},"end":{"line":63,"column":47}},"type":"binary-expr","locations":[{"start":{"line":63,"column":8},"end":{"line":63,"column":17}},{"start":{"line":63,"column":17},"end":{"line":63,"column":47}}],"line":63},"8":{"loc":{"start":{"line":79,"column":14},"end":{"line":79,"column":null}},"type":"cond-expr","locations":[{"start":{"line":79,"column":29},"end":{"line":79,"column":40}},{"start":{"line":79,"column":40},"end":{"line":79,"column":null}}],"line":79},"9":{"loc":{"start":{"line":79,"column":14},"end":{"line":79,"column":29}},"type":"binary-expr","locations":[{"start":{"line":79,"column":14},"end":{"line":79,"column":22}},{"start":{"line":79,"column":22},"end":{"line":79,"column":29}}],"line":79},"10":{"loc":{"start":{"line":80,"column":13},"end":{"line":80,"column":null}},"type":"binary-expr","locations":[{"start":{"line":80,"column":13},"end":{"line":80,"column":38}},{"start":{"line":80,"column":38},"end":{"line":80,"column":null}}],"line":80},"11":{"loc":{"start":{"line":80,"column":21},"end":{"line":80,"column":33}},"type":"binary-expr","locations":[{"start":{"line":80,"column":21},"end":{"line":80,"column":29}},{"start":{"line":80,"column":29},"end":{"line":80,"column":33}}],"line":80}},"s":{"0":14,"1":14,"2":14,"3":14,"4":8,"5":1,"6":7,"7":1,"8":1,"9":1,"10":1,"11":4,"12":4,"13":1,"14":1,"15":1,"16":3,"17":3,"18":1,"19":1,"20":2,"21":2,"22":1,"23":1,"24":1,"25":3,"26":3,"27":1,"28":1,"29":1,"30":2,"31":2,"32":1,"33":14},"f":{"0":14,"1":8,"2":1,"3":1,"4":4,"5":3},"b":{"0":[14,12],"1":[1,7],"2":[8,7],"3":[1,3],"4":[4,3],"5":[1,2],"6":[1,2],"7":[3,3],"8":[12,2],"9":[14,12],"10":[14,12],"11":[14,12]},"meta":{"lastBranch":12,"lastFunction":6,"lastStatement":34,"seen":{"f:9:16:9:28":0,"s:10:19:10:Infinity":0,"s:11:18:11:Infinity":1,"b:11:49:11:57:11:57:11:61":0,"s:12:16:12:Infinity":2,"s:14:2:31:Infinity":3,"f:14:2:14:18":1,"b:15:4:17:Infinity:undefined:undefined:undefined:undefined":1,"s:15:4:17:Infinity":4,"b:15:8:15:17:15:17:15:24":2,"s:16:6:16:Infinity":5,"s:19:4:30:Infinity":6,"f:21:11:21:Infinity":2,"s:23:8:23:Infinity":7,"s:24:8:24:Infinity":8,"f:25:6:25:Infinity":3,"s:27:8:27:Infinity":9,"s:28:8:28:Infinity":10,"f:33:17:33:28":4,"s:34:4:34:Infinity":11,"b:36:4:40:Infinity:undefined:undefined:undefined:undefined":3,"s:36:4:40:Infinity":12,"b:36:8:36:17:36:17:36:24":4,"s:37:22:37:Infinity":13,"s:38:6:38:Infinity":14,"s:39:6:39:Infinity":15,"s:42:10:42:Infinity":16,"b:43:4:46:Infinity:undefined:undefined:undefined:undefined":5,"s:43:4:46:Infinity":17,"s:44:6:44:Infinity":18,"s:45:6:45:Infinity":19,"s:48:4:57:Infinity":20,"s:49:6:49:Infinity":21,"s:51:12:54:Infinity":22,"s:55:6:55:Infinity":23,"s:56:6:56:Infinity":24,"f:60:17:60:31":5,"s:61:4:61:Infinity":25,"b:63:4:67:Infinity:undefined:undefined:undefined:undefined":6,"s:63:4:67:Infinity":26,"b:63:8:63:17:63:17:63:47":7,"s:64:22:64:Infinity":27,"s:65:6:65:Infinity":28,"s:66:6:66:Infinity":29,"s:69:4:75:Infinity":30,"s:70:6:70:Infinity":31,"s:72:6:74:Infinity":32,"s:78:2:84:Infinity":33,"b:79:29:79:40:79:40:79:Infinity":8,"b:79:14:79:22:79:22:79:29":9,"b:80:13:80:38:80:38:80:Infinity":10,"b:80:21:80:29:80:29:80:33":11}}}
,"C:\\ADJS\\huishoudboekje\\src\\pages\\BookDetailPage.jsx": {"path":"C:\\ADJS\\huishoudboekje\\src\\pages\\BookDetailPage.jsx","statementMap":{"0":{"start":{"line":10,"column":25},"end":{"line":10,"column":null}},"1":{"start":{"line":11,"column":48},"end":{"line":14,"column":null}},"2":{"start":{"line":16,"column":8},"end":{"line":22,"column":null}},"3":{"start":{"line":17,"column":4},"end":{"line":19,"column":null}},"4":{"start":{"line":18,"column":6},"end":{"line":18,"column":null}},"5":{"start":{"line":21,"column":4},"end":{"line":21,"column":null}},"6":{"start":{"line":21,"column":40},"end":{"line":21,"column":75}},"7":{"start":{"line":24,"column":2},"end":{"line":30,"column":null}},"8":{"start":{"line":25,"column":4},"end":{"line":28,"column":null}},"9":{"start":{"line":32,"column":2},"end":{"line":67,"column":null}},"10":{"start":{"line":52,"column":33},"end":{"line":52,"column":null}},"11":{"start":{"line":56,"column":14},"end":{"line":56,"column":null}}},"fnMap":{"0":{"name":"BookDetailPage","decl":{"start":{"line":9,"column":16},"end":{"line":9,"column":31}},"loc":{"start":{"line":9,"column":47},"end":{"line":69,"column":null}},"line":9},"1":{"name":"(anonymous_1)","decl":{"start":{"line":16,"column":27},"end":{"line":16,"column":41}},"loc":{"start":{"line":16,"column":41},"end":{"line":22,"column":5}},"line":16},"2":{"name":"(anonymous_2)","decl":{"start":{"line":21,"column":20},"end":{"line":21,"column":28}},"loc":{"start":{"line":21,"column":40},"end":{"line":21,"column":75}},"line":21},"3":{"name":"(anonymous_3)","decl":{"start":{"line":52,"column":12},"end":{"line":52,"column":23}},"loc":{"start":{"line":52,"column":33},"end":{"line":52,"column":null}},"line":52},"4":{"name":"(anonymous_4)","decl":{"start":{"line":55,"column":31},"end":{"line":55,"column":36}},"loc":{"start":{"line":56,"column":14},"end":{"line":56,"column":null}},"line":56}},"branchMap":{"0":{"loc":{"start":{"line":17,"column":4},"end":{"line":19,"column":null}},"type":"if","locations":[{"start":{"line":17,"column":4},"end":{"line":19,"column":null}},{"start":{},"end":{}}],"line":17},"1":{"loc":{"start":{"line":24,"column":2},"end":{"line":30,"column":null}},"type":"if","locations":[{"start":{"line":24,"column":2},"end":{"line":30,"column":null}},{"start":{},"end":{}}],"line":24},"2":{"loc":{"start":{"line":37,"column":14},"end":{"line":37,"column":69}},"type":"binary-expr","locations":[{"start":{"line":37,"column":14},"end":{"line":37,"column":34}},{"start":{"line":37,"column":34},"end":{"line":37,"column":69}}],"line":37},"3":{"loc":{"start":{"line":62,"column":7},"end":{"line":65,"column":null}},"type":"cond-expr","locations":[{"start":{"line":63,"column":8},"end":{"line":65,"column":9}},{"start":{"line":65,"column":8},"end":{"line":65,"column":null}}],"line":62}},"s":{"0":4,"1":4,"2":4,"3":4,"4":3,"5":1,"6":2,"7":4,"8":1,"9":3,"10":1,"11":18},"f":{"0":4,"1":4,"2":2,"3":1,"4":18},"b":{"0":[3,1],"1":[1,3],"2":[3,0],"3":[1,2]},"meta":{"lastBranch":4,"lastFunction":5,"lastStatement":12,"seen":{"f:9:16:9:31":0,"s:10:25:10:Infinity":0,"s:11:48:14:Infinity":1,"s:16:8:22:Infinity":2,"f:16:27:16:41":1,"b:17:4:19:Infinity:undefined:undefined:undefined:undefined":0,"s:17:4:19:Infinity":3,"s:18:6:18:Infinity":4,"s:21:4:21:Infinity":5,"f:21:20:21:28":2,"s:21:40:21:75":6,"b:24:2:30:Infinity:undefined:undefined:undefined:undefined":1,"s:24:2:30:Infinity":7,"s:25:4:28:Infinity":8,"s:32:2:67:Infinity":9,"b:37:14:37:34:37:34:37:69":2,"f:52:12:52:23":3,"s:52:33:52:Infinity":10,"f:55:31:55:36":4,"s:56:14:56:Infinity":11,"b:63:8:65:9:65:8:65:Infinity":3}}}
,"C:\\ADJS\\huishoudboekje\\src\\pages\\DashboardPage.jsx": {"path":"C:\\ADJS\\huishoudboekje\\src\\pages\\DashboardPage.jsx","statementMap":{"0":{"start":{"line":10,"column":25},"end":{"line":10,"column":null}},"1":{"start":{"line":11,"column":22},"end":{"line":11,"column":null}},"2":{"start":{"line":12,"column":22},"end":{"line":12,"column":null}},"3":{"start":{"line":13,"column":55},"end":{"line":14,"column":null}},"4":{"start":{"line":16,"column":8},"end":{"line":19,"column":null}},"5":{"start":{"line":17,"column":10},"end":{"line":17,"column":null}},"6":{"start":{"line":17,"column":37},"end":{"line":17,"column":63}},"7":{"start":{"line":20,"column":22},"end":{"line":20,"column":null}},"8":{"start":{"line":23,"column":4},"end":{"line":23,"column":null}},"9":{"start":{"line":24,"column":24},"end":{"line":24,"column":null}},"10":{"start":{"line":25,"column":4},"end":{"line":25,"column":null}},"11":{"start":{"line":27,"column":4},"end":{"line":29,"column":null}},"12":{"start":{"line":28,"column":6},"end":{"line":28,"column":null}},"13":{"start":{"line":33,"column":4},"end":{"line":33,"column":null}},"14":{"start":{"line":35,"column":4},"end":{"line":43,"column":null}},"15":{"start":{"line":36,"column":6},"end":{"line":36,"column":null}},"16":{"start":{"line":38,"column":6},"end":{"line":40,"column":null}},"17":{"start":{"line":39,"column":8},"end":{"line":39,"column":null}},"18":{"start":{"line":42,"column":6},"end":{"line":42,"column":null}},"19":{"start":{"line":46,"column":2},"end":{"line":78,"column":null}},"20":{"start":{"line":55,"column":28},"end":{"line":55,"column":null}},"21":{"start":{"line":71,"column":34},"end":{"line":71,"column":null}}},"fnMap":{"0":{"name":"DashboardPage","decl":{"start":{"line":9,"column":16},"end":{"line":9,"column":30}},"loc":{"start":{"line":9,"column":51},"end":{"line":80,"column":null}},"line":9},"1":{"name":"(anonymous_1)","decl":{"start":{"line":16,"column":23},"end":{"line":16,"column":null}},"loc":{"start":{"line":17,"column":10},"end":{"line":17,"column":null}},"line":17},"2":{"name":"(anonymous_2)","decl":{"start":{"line":17,"column":22},"end":{"line":17,"column":28}},"loc":{"start":{"line":17,"column":37},"end":{"line":17,"column":63}},"line":17},"3":{"name":"handleSaveBudgetBook","decl":{"start":{"line":22,"column":17},"end":{"line":22,"column":38}},"loc":{"start":{"line":22,"column":46},"end":{"line":30,"column":null}},"line":22},"4":{"name":"handleArchive","decl":{"start":{"line":32,"column":17},"end":{"line":32,"column":31}},"loc":{"start":{"line":32,"column":37},"end":{"line":44,"column":null}},"line":32},"5":{"name":"(anonymous_5)","decl":{"start":{"line":55,"column":12},"end":{"line":55,"column":28}},"loc":{"start":{"line":55,"column":28},"end":{"line":55,"column":null}},"line":55},"6":{"name":"(anonymous_6)","decl":{"start":{"line":71,"column":14},"end":{"line":71,"column":25}},"loc":{"start":{"line":71,"column":34},"end":{"line":71,"column":null}},"line":71}},"branchMap":{"0":{"loc":{"start":{"line":17,"column":10},"end":{"line":17,"column":null}},"type":"binary-expr","locations":[{"start":{"line":17,"column":10},"end":{"line":17,"column":68}},{"start":{"line":17,"column":68},"end":{"line":17,"column":null}}],"line":17},"1":{"loc":{"start":{"line":20,"column":22},"end":{"line":20,"column":null}},"type":"binary-expr","locations":[{"start":{"line":20,"column":22},"end":{"line":20,"column":38}},{"start":{"line":20,"column":38},"end":{"line":20,"column":56}},{"start":{"line":20,"column":56},"end":{"line":20,"column":null}}],"line":20},"2":{"loc":{"start":{"line":27,"column":4},"end":{"line":29,"column":null}},"type":"if","locations":[{"start":{"line":27,"column":4},"end":{"line":29,"column":null}},{"start":{},"end":{}}],"line":27},"3":{"loc":{"start":{"line":38,"column":6},"end":{"line":40,"column":null}},"type":"if","locations":[{"start":{"line":38,"column":6},"end":{"line":40,"column":null}},{"start":{},"end":{}}],"line":38},"4":{"loc":{"start":{"line":53,"column":17},"end":{"line":53,"column":null}},"type":"binary-expr","locations":[{"start":{"line":53,"column":17},"end":{"line":53,"column":36}},{"start":{"line":53,"column":36},"end":{"line":53,"column":null}}],"line":53},"5":{"loc":{"start":{"line":59,"column":18},"end":{"line":59,"column":46}},"type":"binary-expr","locations":[{"start":{"line":59,"column":18},"end":{"line":59,"column":27}},{"start":{"line":59,"column":27},"end":{"line":59,"column":46}}],"line":59},"6":{"loc":{"start":{"line":61,"column":11},"end":{"line":72,"column":null}},"type":"cond-expr","locations":[{"start":{"line":62,"column":12},"end":{"line":66,"column":13}},{"start":{"line":66,"column":12},"end":{"line":72,"column":null}}],"line":61}},"s":{"0":15,"1":15,"2":15,"3":15,"4":15,"5":9,"6":16,"7":15,"8":1,"9":1,"10":1,"11":1,"12":1,"13":2,"14":2,"15":2,"16":1,"17":1,"18":1,"19":15,"20":1,"21":1},"f":{"0":15,"1":9,"2":16,"3":1,"4":2,"5":1,"6":1},"b":{"0":[9,7],"1":[15,11,1],"2":[1,0],"3":[1,0],"4":[15,14],"5":[15,14],"6":[1,14]},"meta":{"lastBranch":7,"lastFunction":7,"lastStatement":22,"seen":{"f:9:16:9:30":0,"s:10:25:10:Infinity":0,"s:11:22:11:Infinity":1,"s:12:22:12:Infinity":2,"s:13:55:14:Infinity":3,"s:16:8:19:Infinity":4,"f:16:23:16:Infinity":1,"s:17:10:17:Infinity":5,"b:17:10:17:68:17:68:17:Infinity":0,"f:17:22:17:28":2,"s:17:37:17:63":6,"s:20:22:20:Infinity":7,"b:20:22:20:38:20:38:20:56:20:56:20:Infinity":1,"f:22:17:22:38":3,"s:23:4:23:Infinity":8,"s:24:24:24:Infinity":9,"s:25:4:25:Infinity":10,"b:27:4:29:Infinity:undefined:undefined:undefined:undefined":2,"s:27:4:29:Infinity":11,"s:28:6:28:Infinity":12,"f:32:17:32:31":4,"s:33:4:33:Infinity":13,"s:35:4:43:Infinity":14,"s:36:6:36:Infinity":15,"b:38:6:40:Infinity:undefined:undefined:undefined:undefined":3,"s:38:6:40:Infinity":16,"s:39:8:39:Infinity":17,"s:42:6:42:Infinity":18,"s:46:2:78:Infinity":19,"f:55:12:55:28":5,"s:55:28:55:Infinity":20,"b:53:17:53:36:53:36:53:Infinity":4,"b:59:18:59:27:59:27:59:46":5,"b:62:12:66:13:66:12:72:Infinity":6,"f:71:14:71:25":6,"s:71:34:71:Infinity":21}}}
,"C:\\ADJS\\huishoudboekje\\src\\pages\\LoginPage.jsx": {"path":"C:\\ADJS\\huishoudboekje\\src\\pages\\LoginPage.jsx","statementMap":{"0":{"start":{"line":4,"column":2},"end":{"line":23,"column":null}}},"fnMap":{"0":{"name":"LoginPage","decl":{"start":{"line":3,"column":16},"end":{"line":3,"column":26}},"loc":{"start":{"line":3,"column":55},"end":{"line":25,"column":null}},"line":3}},"branchMap":{"0":{"loc":{"start":{"line":19,"column":11},"end":{"line":19,"column":null}},"type":"cond-expr","locations":[{"start":{"line":19,"column":21},"end":{"line":19,"column":34}},{"start":{"line":19,"column":34},"end":{"line":19,"column":null}}],"line":19}},"s":{"0":2},"f":{"0":2},"b":{"0":[1,1]},"meta":{"lastBranch":1,"lastFunction":1,"lastStatement":1,"seen":{"f:3:16:3:26":0,"s:4:2:23:Infinity":0,"b:19:21:19:34:19:34:19:Infinity":0}}}
,"C:\\ADJS\\huishoudboekje\\src\\services\\authService.js": {"path":"C:\\ADJS\\huishoudboekje\\src\\services\\authService.js","statementMap":{"0":{"start":{"line":9,"column":2},"end":{"line":9,"column":null}},"1":{"start":{"line":13,"column":2},"end":{"line":13,"column":null}},"2":{"start":{"line":17,"column":2},"end":{"line":17,"column":null}}},"fnMap":{"0":{"name":"subscribeToAuth","decl":{"start":{"line":8,"column":16},"end":{"line":8,"column":32}},"loc":{"start":{"line":8,"column":42},"end":{"line":10,"column":null}},"line":8},"1":{"name":"signInAsGuest","decl":{"start":{"line":12,"column":16},"end":{"line":12,"column":32}},"loc":{"start":{"line":12,"column":32},"end":{"line":14,"column":null}},"line":12},"2":{"name":"signOut","decl":{"start":{"line":16,"column":16},"end":{"line":16,"column":26}},"loc":{"start":{"line":16,"column":26},"end":{"line":18,"column":null}},"line":16}},"branchMap":{},"s":{"0":1,"1":1,"2":1},"f":{"0":1,"1":1,"2":1},"b":{},"meta":{"lastBranch":0,"lastFunction":3,"lastStatement":3,"seen":{"f:8:16:8:32":0,"s:9:2:9:Infinity":0,"f:12:16:12:32":1,"s:13:2:13:Infinity":1,"f:16:16:16:26":2,"s:17:2:17:Infinity":2}}}
,"C:\\ADJS\\huishoudboekje\\src\\services\\budgetBookService.js": {"path":"C:\\ADJS\\huishoudboekje\\src\\services\\budgetBookService.js","statementMap":{"0":{"start":{"line":13,"column":6},"end":{"line":13,"column":null}},"1":{"start":{"line":16,"column":15},"end":{"line":16,"column":null}},"2":{"start":{"line":18,"column":2},"end":{"line":26,"column":null}},"3":{"start":{"line":30,"column":8},"end":{"line":34,"column":null}},"4":{"start":{"line":36,"column":2},"end":{"line":45,"column":null}},"5":{"start":{"line":39,"column":6},"end":{"line":43,"column":null}},"6":{"start":{"line":42,"column":35},"end":{"line":42,"column":69}},"7":{"start":{"line":49,"column":2},"end":{"line":56,"column":null}},"8":{"start":{"line":60,"column":2},"end":{"line":64,"column":null}},"9":{"start":{"line":68,"column":2},"end":{"line":71,"column":null}}},"fnMap":{"0":{"name":"mapBudgetBook","decl":{"start":{"line":15,"column":9},"end":{"line":15,"column":23}},"loc":{"start":{"line":15,"column":41},"end":{"line":27,"column":null}},"line":15},"1":{"name":"subscribeToActiveBudgetBooks","decl":{"start":{"line":29,"column":16},"end":{"line":29,"column":45}},"loc":{"start":{"line":29,"column":73},"end":{"line":46,"column":null}},"line":29},"2":{"name":"(anonymous_2)","decl":{"start":{"line":37,"column":4},"end":{"line":37,"column":null}},"loc":{"start":{"line":39,"column":6},"end":{"line":43,"column":null}},"line":39},"3":{"name":"(anonymous_3)","decl":{"start":{"line":42,"column":11},"end":{"line":42,"column":17}},"loc":{"start":{"line":42,"column":35},"end":{"line":42,"column":69}},"line":42},"4":{"name":"createBudgetBook","decl":{"start":{"line":48,"column":16},"end":{"line":48,"column":33}},"loc":{"start":{"line":48,"column":50},"end":{"line":57,"column":null}},"line":48},"5":{"name":"updateBudgetBook","decl":{"start":{"line":59,"column":16},"end":{"line":59,"column":33}},"loc":{"start":{"line":59,"column":47},"end":{"line":65,"column":null}},"line":59},"6":{"name":"archiveBudgetBook","decl":{"start":{"line":67,"column":16},"end":{"line":67,"column":34}},"loc":{"start":{"line":67,"column":40},"end":{"line":72,"column":null}},"line":67}},"branchMap":{"0":{"loc":{"start":{"line":21,"column":17},"end":{"line":21,"column":null}},"type":"binary-expr","locations":[{"start":{"line":21,"column":17},"end":{"line":21,"column":37}},{"start":{"line":21,"column":37},"end":{"line":21,"column":null}}],"line":21},"1":{"loc":{"start":{"line":24,"column":15},"end":{"line":24,"column":null}},"type":"binary-expr","locations":[{"start":{"line":24,"column":15},"end":{"line":24,"column":45}},{"start":{"line":24,"column":45},"end":{"line":24,"column":null}}],"line":24},"2":{"loc":{"start":{"line":25,"column":15},"end":{"line":25,"column":null}},"type":"binary-expr","locations":[{"start":{"line":25,"column":15},"end":{"line":25,"column":45}},{"start":{"line":25,"column":45},"end":{"line":25,"column":null}}],"line":25}},"s":{"0":1,"1":2,"2":2,"3":1,"4":1,"5":1,"6":1,"7":1,"8":1,"9":1},"f":{"0":2,"1":1,"2":1,"3":1,"4":1,"5":1,"6":1},"b":{"0":[2,1],"1":[2,0],"2":[2,0]},"meta":{"lastBranch":3,"lastFunction":7,"lastStatement":10,"seen":{"s:13:6:13:Infinity":0,"f:15:9:15:23":0,"s:16:15:16:Infinity":1,"s:18:2:26:Infinity":2,"b:21:17:21:37:21:37:21:Infinity":0,"b:24:15:24:45:24:45:24:Infinity":1,"b:25:15:25:45:25:45:25:Infinity":2,"f:29:16:29:45":1,"s:30:8:34:Infinity":3,"s:36:2:45:Infinity":4,"f:37:4:37:Infinity":2,"s:39:6:43:Infinity":5,"f:42:11:42:17":3,"s:42:35:42:69":6,"f:48:16:48:33":4,"s:49:2:56:Infinity":7,"f:59:16:59:33":5,"s:60:2:64:Infinity":8,"f:67:16:67:34":6,"s:68:2:71:Infinity":9}}}
,"C:\\ADJS\\huishoudboekje\\src\\services\\expenseService.js": {"path":"C:\\ADJS\\huishoudboekje\\src\\services\\expenseService.js","statementMap":{"0":{"start":{"line":13,"column":6},"end":{"line":13,"column":null}},"1":{"start":{"line":16,"column":15},"end":{"line":16,"column":null}},"2":{"start":{"line":18,"column":2},"end":{"line":28,"column":null}},"3":{"start":{"line":32,"column":8},"end":{"line":36,"column":null}},"4":{"start":{"line":38,"column":2},"end":{"line":47,"column":null}},"5":{"start":{"line":41,"column":6},"end":{"line":45,"column":null}},"6":{"start":{"line":44,"column":35},"end":{"line":44,"column":72}},"7":{"start":{"line":51,"column":2},"end":{"line":60,"column":null}},"8":{"start":{"line":64,"column":2},"end":{"line":64,"column":null}}},"fnMap":{"0":{"name":"mapExpense","decl":{"start":{"line":15,"column":9},"end":{"line":15,"column":20}},"loc":{"start":{"line":15,"column":38},"end":{"line":29,"column":null}},"line":15},"1":{"name":"subscribeToExpenses","decl":{"start":{"line":31,"column":16},"end":{"line":31,"column":36}},"loc":{"start":{"line":31,"column":72},"end":{"line":48,"column":null}},"line":31},"2":{"name":"(anonymous_2)","decl":{"start":{"line":39,"column":4},"end":{"line":39,"column":null}},"loc":{"start":{"line":41,"column":6},"end":{"line":45,"column":null}},"line":41},"3":{"name":"(anonymous_3)","decl":{"start":{"line":44,"column":11},"end":{"line":44,"column":17}},"loc":{"start":{"line":44,"column":35},"end":{"line":44,"column":72}},"line":44},"4":{"name":"createExpense","decl":{"start":{"line":50,"column":16},"end":{"line":50,"column":30}},"loc":{"start":{"line":50,"column":53},"end":{"line":61,"column":null}},"line":50},"5":{"name":"deleteExpense","decl":{"start":{"line":63,"column":16},"end":{"line":63,"column":30}},"loc":{"start":{"line":63,"column":39},"end":{"line":65,"column":null}},"line":63}},"branchMap":{"0":{"loc":{"start":{"line":26,"column":10},"end":{"line":26,"column":null}},"type":"binary-expr","locations":[{"start":{"line":26,"column":10},"end":{"line":26,"column":23}},{"start":{"line":26,"column":23},"end":{"line":26,"column":null}}],"line":26},"1":{"loc":{"start":{"line":27,"column":15},"end":{"line":27,"column":null}},"type":"binary-expr","locations":[{"start":{"line":27,"column":15},"end":{"line":27,"column":45}},{"start":{"line":27,"column":45},"end":{"line":27,"column":null}}],"line":27}},"s":{"0":1,"1":2,"2":2,"3":1,"4":1,"5":1,"6":1,"7":1,"8":1},"f":{"0":2,"1":1,"2":1,"3":1,"4":1,"5":1},"b":{"0":[2,1],"1":[2,1]},"meta":{"lastBranch":2,"lastFunction":6,"lastStatement":9,"seen":{"s:13:6:13:Infinity":0,"f:15:9:15:20":0,"s:16:15:16:Infinity":1,"s:18:2:28:Infinity":2,"b:26:10:26:23:26:23:26:Infinity":0,"b:27:15:27:45:27:45:27:Infinity":1,"f:31:16:31:36":1,"s:32:8:36:Infinity":3,"s:38:2:47:Infinity":4,"f:39:4:39:Infinity":2,"s:41:6:45:Infinity":5,"f:44:11:44:17":3,"s:44:35:44:72":6,"f:50:16:50:30":4,"s:51:2:60:Infinity":7,"f:63:16:63:30":5,"s:64:2:64:Infinity":8}}}
,"C:\\ADJS\\huishoudboekje\\src\\utils\\categories.js": {"path":"C:\\ADJS\\huishoudboekje\\src\\utils\\categories.js","statementMap":{"0":{"start":{"line":1,"column":33},"end":{"line":8,"column":null}}},"fnMap":{},"branchMap":{},"s":{"0":3},"f":{},"b":{},"meta":{"lastBranch":0,"lastFunction":0,"lastStatement":1,"seen":{"s:1:33:8:Infinity":0}}}
,"C:\\ADJS\\huishoudboekje\\src\\utils\\expenseTotals.js": {"path":"C:\\ADJS\\huishoudboekje\\src\\utils\\expenseTotals.js","statementMap":{"0":{"start":{"line":2,"column":2},"end":{"line":2,"column":null}},"1":{"start":{"line":2,"column":45},"end":{"line":2,"column":69}},"2":{"start":{"line":6,"column":2},"end":{"line":9,"column":null}},"3":{"start":{"line":7,"column":4},"end":{"line":7,"column":null}},"4":{"start":{"line":8,"column":4},"end":{"line":8,"column":null}}},"fnMap":{"0":{"name":"getTotalExpenses","decl":{"start":{"line":1,"column":16},"end":{"line":1,"column":33}},"loc":{"start":{"line":1,"column":43},"end":{"line":3,"column":null}},"line":1},"1":{"name":"(anonymous_1)","decl":{"start":{"line":2,"column":18},"end":{"line":2,"column":26}},"loc":{"start":{"line":2,"column":45},"end":{"line":2,"column":69}},"line":2},"2":{"name":"getCategoryTotals","decl":{"start":{"line":5,"column":16},"end":{"line":5,"column":34}},"loc":{"start":{"line":5,"column":44},"end":{"line":10,"column":null}},"line":5},"3":{"name":"(anonymous_3)","decl":{"start":{"line":6,"column":18},"end":{"line":6,"column":26}},"loc":{"start":{"line":6,"column":46},"end":{"line":9,"column":5}},"line":6}},"branchMap":{"0":{"loc":{"start":{"line":7,"column":32},"end":{"line":7,"column":65}},"type":"binary-expr","locations":[{"start":{"line":7,"column":32},"end":{"line":7,"column":60}},{"start":{"line":7,"column":60},"end":{"line":7,"column":65}}],"line":7}},"s":{"0":6,"1":10,"2":6,"3":10,"4":10},"f":{"0":6,"1":10,"2":6,"3":10},"b":{"0":[10,8]},"meta":{"lastBranch":1,"lastFunction":4,"lastStatement":5,"seen":{"f:1:16:1:33":0,"s:2:2:2:Infinity":0,"f:2:18:2:26":1,"s:2:45:2:69":1,"f:5:16:5:34":2,"s:6:2:9:Infinity":2,"f:6:18:6:26":3,"s:7:4:7:Infinity":3,"b:7:32:7:60:7:60:7:65":0,"s:8:4:8:Infinity":4}}}
,"C:\\ADJS\\huishoudboekje\\src\\utils\\formatters.js": {"path":"C:\\ADJS\\huishoudboekje\\src\\utils\\formatters.js","statementMap":{"0":{"start":{"line":2,"column":2},"end":{"line":5,"column":null}},"1":{"start":{"line":9,"column":2},"end":{"line":11,"column":null}},"2":{"start":{"line":10,"column":4},"end":{"line":10,"column":null}},"3":{"start":{"line":13,"column":2},"end":{"line":17,"column":null}},"4":{"start":{"line":21,"column":2},"end":{"line":21,"column":null}}},"fnMap":{"0":{"name":"formatCurrency","decl":{"start":{"line":1,"column":16},"end":{"line":1,"column":31}},"loc":{"start":{"line":1,"column":38},"end":{"line":6,"column":null}},"line":1},"1":{"name":"formatDate","decl":{"start":{"line":8,"column":16},"end":{"line":8,"column":27}},"loc":{"start":{"line":8,"column":33},"end":{"line":18,"column":null}},"line":8},"2":{"name":"todayAsInputValue","decl":{"start":{"line":20,"column":16},"end":{"line":20,"column":36}},"loc":{"start":{"line":20,"column":36},"end":{"line":22,"column":null}},"line":20}},"branchMap":{"0":{"loc":{"start":{"line":9,"column":2},"end":{"line":11,"column":null}},"type":"if","locations":[{"start":{"line":9,"column":2},"end":{"line":11,"column":null}},{"start":{},"end":{}}],"line":9}},"s":{"0":11,"1":7,"2":1,"3":6,"4":3},"f":{"0":11,"1":7,"2":3},"b":{"0":[1,6]},"meta":{"lastBranch":1,"lastFunction":3,"lastStatement":5,"seen":{"f:1:16:1:31":0,"s:2:2:5:Infinity":0,"f:8:16:8:27":1,"b:9:2:11:Infinity:undefined:undefined:undefined:undefined":0,"s:9:2:11:Infinity":1,"s:10:4:10:Infinity":2,"s:13:2:17:Infinity":3,"f:20:16:20:36":2,"s:21:2:21:Infinity":4}}}
,"C:\\ADJS\\huishoudboekje\\src\\utils\\validation.js": {"path":"C:\\ADJS\\huishoudboekje\\src\\utils\\validation.js","statementMap":{"0":{"start":{"line":2,"column":2},"end":{"line":4,"column":null}},"1":{"start":{"line":3,"column":4},"end":{"line":3,"column":null}},"2":{"start":{"line":6,"column":2},"end":{"line":6,"column":null}},"3":{"start":{"line":10,"column":2},"end":{"line":12,"column":null}},"4":{"start":{"line":11,"column":4},"end":{"line":11,"column":null}},"5":{"start":{"line":14,"column":2},"end":{"line":14,"column":null}},"6":{"start":{"line":18,"column":2},"end":{"line":20,"column":null}},"7":{"start":{"line":19,"column":4},"end":{"line":19,"column":null}},"8":{"start":{"line":22,"column":2},"end":{"line":24,"column":null}},"9":{"start":{"line":23,"column":4},"end":{"line":23,"column":null}},"10":{"start":{"line":26,"column":2},"end":{"line":28,"column":null}},"11":{"start":{"line":27,"column":4},"end":{"line":27,"column":null}},"12":{"start":{"line":30,"column":2},"end":{"line":30,"column":null}}},"fnMap":{"0":{"name":"getErrorMessage","decl":{"start":{"line":1,"column":16},"end":{"line":1,"column":32}},"loc":{"start":{"line":1,"column":56},"end":{"line":7,"column":null}},"line":1},"1":{"name":"validateBudgetBook","decl":{"start":{"line":9,"column":16},"end":{"line":9,"column":35}},"loc":{"start":{"line":9,"column":43},"end":{"line":15,"column":null}},"line":9},"2":{"name":"validateExpense","decl":{"start":{"line":17,"column":16},"end":{"line":17,"column":32}},"loc":{"start":{"line":17,"column":40},"end":{"line":31,"column":null}},"line":17}},"branchMap":{"0":{"loc":{"start":{"line":2,"column":2},"end":{"line":4,"column":null}},"type":"if","locations":[{"start":{"line":2,"column":2},"end":{"line":4,"column":null}},{"start":{},"end":{}}],"line":2},"1":{"loc":{"start":{"line":2,"column":6},"end":{"line":2,"column":47}},"type":"binary-expr","locations":[{"start":{"line":2,"column":6},"end":{"line":2,"column":32}},{"start":{"line":2,"column":32},"end":{"line":2,"column":47}}],"line":2},"2":{"loc":{"start":{"line":10,"column":2},"end":{"line":12,"column":null}},"type":"if","locations":[{"start":{"line":10,"column":2},"end":{"line":12,"column":null}},{"start":{},"end":{}}],"line":10},"3":{"loc":{"start":{"line":18,"column":2},"end":{"line":20,"column":null}},"type":"if","locations":[{"start":{"line":18,"column":2},"end":{"line":20,"column":null}},{"start":{},"end":{}}],"line":18},"4":{"loc":{"start":{"line":22,"column":2},"end":{"line":24,"column":null}},"type":"if","locations":[{"start":{"line":22,"column":2},"end":{"line":24,"column":null}},{"start":{},"end":{}}],"line":22},"5":{"loc":{"start":{"line":22,"column":6},"end":{"line":22,"column":52}},"type":"binary-expr","locations":[{"start":{"line":22,"column":6},"end":{"line":22,"column":24}},{"start":{"line":22,"column":24},"end":{"line":22,"column":52}}],"line":22},"6":{"loc":{"start":{"line":26,"column":2},"end":{"line":28,"column":null}},"type":"if","locations":[{"start":{"line":26,"column":2},"end":{"line":28,"column":null}},{"start":{},"end":{}}],"line":26}},"s":{"0":11,"1":10,"2":1,"3":11,"4":2,"5":9,"6":11,"7":3,"8":8,"9":2,"10":6,"11":1,"12":5},"f":{"0":11,"1":11,"2":11},"b":{"0":[10,1],"1":[11,10],"2":[2,9],"3":[3,8],"4":[2,6],"5":[8,8],"6":[1,5]},"meta":{"lastBranch":7,"lastFunction":3,"lastStatement":13,"seen":{"f:1:16:1:32":0,"b:2:2:4:Infinity:undefined:undefined:undefined:undefined":0,"s:2:2:4:Infinity":0,"b:2:6:2:32:2:32:2:47":1,"s:3:4:3:Infinity":1,"s:6:2:6:Infinity":2,"f:9:16:9:35":1,"b:10:2:12:Infinity:undefined:undefined:undefined:undefined":2,"s:10:2:12:Infinity":3,"s:11:4:11:Infinity":4,"s:14:2:14:Infinity":5,"f:17:16:17:32":2,"b:18:2:20:Infinity:undefined:undefined:undefined:undefined":3,"s:18:2:20:Infinity":6,"s:19:4:19:Infinity":7,"b:22:2:24:Infinity:undefined:undefined:undefined:undefined":4,"s:22:2:24:Infinity":8,"b:22:6:22:24:22:24:22:52":5,"s:23:4:23:Infinity":9,"b:26:2:28:Infinity:undefined:undefined:undefined:undefined":6,"s:26:2:28:Infinity":10,"s:27:4:27:Infinity":11,"s:30:2:30:Infinity":12}}}
}
