{"C:\\ADJS\\huishoudboekje\\src\\App.jsx": {"path":"C:\\ADJS\\huishoudboekje\\src\\App.jsx","statementMap":{"0":{"start":{"line":7,"column":70},"end":{"line":8,"column":null}},"1":{"start":{"line":10,"column":2},"end":{"line":20,"column":null}},"2":{"start":{"line":11,"column":4},"end":{"line":18,"column":null}},"3":{"start":{"line":22,"column":2},"end":{"line":22,"column":null}}},"fnMap":{"0":{"name":"App","decl":{"start":{"line":6,"column":9},"end":{"line":6,"column":15}},"loc":{"start":{"line":6,"column":15},"end":{"line":23,"column":null}},"line":6}},"branchMap":{"0":{"loc":{"start":{"line":10,"column":2},"end":{"line":20,"column":null}},"type":"if","locations":[{"start":{"line":10,"column":2},"end":{"line":20,"column":null}},{"start":{},"end":{}}],"line":10}},"s":{"0":2,"1":2,"2":1,"3":1},"f":{"0":2},"b":{"0":[1,1]},"meta":{"lastBranch":1,"lastFunction":1,"lastStatement":4,"seen":{"f:6:9:6:15":0,"s:7:70:8:Infinity":0,"b:10:2:20:Infinity:undefined:undefined:undefined:undefined":0,"s:10:2:20:Infinity":1,"s:11:4:18:Infinity":2,"s:22:2:22:Infinity":3}}}
,"C:\\ADJS\\huishoudboekje\\src\\components\\Alert.jsx": {"path":"C:\\ADJS\\huishoudboekje\\src\\components\\Alert.jsx","statementMap":{"0":{"start":{"line":2,"column":2},"end":{"line":4,"column":null}},"1":{"start":{"line":3,"column":4},"end":{"line":3,"column":null}},"2":{"start":{"line":6,"column":2},"end":{"line":6,"column":null}}},"fnMap":{"0":{"name":"Alert","decl":{"start":{"line":1,"column":16},"end":{"line":1,"column":22}},"loc":{"start":{"line":1,"column":36},"end":{"line":7,"column":null}},"line":1}},"branchMap":{"0":{"loc":{"start":{"line":2,"column":2},"end":{"line":4,"column":null}},"type":"if","locations":[{"start":{"line":2,"column":2},"end":{"line":4,"column":null}},{"start":{},"end":{}}],"line":2}},"s":{"0":34,"1":29,"2":5},"f":{"0":34},"b":{"0":[29,5]},"meta":{"lastBranch":1,"lastFunction":1,"lastStatement":3,"seen":{"f:1:16:1:22":0,"b:2:2:4:Infinity:undefined:undefined:undefined:undefined":0,"s:2:2:4:Infinity":0,"s:3:4:3:Infinity":1,"s:6:2:6:Infinity":2}}}
,"C:\\ADJS\\huishoudboekje\\src\\components\\AppHeader.jsx": {"path":"C:\\ADJS\\huishoudboekje\\src\\components\\AppHeader.jsx","statementMap":{"0":{"start":{"line":2,"column":2},"end":{"line":16,"column":null}}},"fnMap":{"0":{"name":"AppHeader","decl":{"start":{"line":1,"column":16},"end":{"line":1,"column":26}},"loc":{"start":{"line":1,"column":47},"end":{"line":18,"column":null}},"line":1}},"branchMap":{"0":{"loc":{"start":{"line":8,"column":7},"end":{"line":15,"column":null}},"type":"cond-expr","locations":[{"start":{"line":9,"column":8},"end":{"line":15,"column":null}},{"start":{"line":15,"column":10},"end":{"line":15,"column":null}}],"line":8}},"s":{"0":16},"f":{"0":16},"b":{"0":[15,1]},"meta":{"lastBranch":1,"lastFunction":1,"lastStatement":1,"seen":{"f:1:16:1:26":0,"s:2:2:16:Infinity":0,"b:9:8:15:Infinity:15:10:15:Infinity":0}}}
,"C:\\ADJS\\huishoudboekje\\src\\components\\BudgetBookForm.jsx": {"path":"C:\\ADJS\\huishoudboekje\\src\\components\\BudgetBookForm.jsx","statementMap":{"0":{"start":{"line":4,"column":22},"end":{"line":7,"column":null}},"1":{"start":{"line":10,"column":17},"end":{"line":17,"column":null}},"2":{"start":{"line":18,"column":17},"end":{"line":18,"column":null}},"3":{"start":{"line":19,"column":16},"end":{"line":19,"column":null}},"4":{"start":{"line":22,"column":4},"end":{"line":25,"column":null}},"5":{"start":{"line":29,"column":4},"end":{"line":29,"column":null}},"6":{"start":{"line":30,"column":4},"end":{"line":30,"column":null}},"7":{"start":{"line":32,"column":10},"end":{"line":32,"column":null}},"8":{"start":{"line":33,"column":4},"end":{"line":36,"column":null}},"9":{"start":{"line":34,"column":6},"end":{"line":34,"column":null}},"10":{"start":{"line":35,"column":6},"end":{"line":35,"column":null}},"11":{"start":{"line":38,"column":4},"end":{"line":38,"column":null}},"12":{"start":{"line":40,"column":4},"end":{"line":49,"column":null}},"13":{"start":{"line":41,"column":6},"end":{"line":41,"column":null}},"14":{"start":{"line":42,"column":6},"end":{"line":42,"column":null}},"15":{"start":{"line":44,"column":6},"end":{"line":46,"column":null}},"16":{"start":{"line":48,"column":6},"end":{"line":48,"column":null}},"17":{"start":{"line":52,"column":2},"end":{"line":92,"column":null}}},"fnMap":{"0":{"name":"BudgetBookForm","decl":{"start":{"line":9,"column":16},"end":{"line":9,"column":31}},"loc":{"start":{"line":9,"column":69},"end":{"line":94,"column":null}},"line":9},"1":{"name":"updateField","decl":{"start":{"line":21,"column":11},"end":{"line":21,"column":23}},"loc":{"start":{"line":21,"column":30},"end":{"line":26,"column":null}},"line":21},"2":{"name":"handleSubmit","decl":{"start":{"line":28,"column":17},"end":{"line":28,"column":30}},"loc":{"start":{"line":28,"column":37},"end":{"line":50,"column":null}},"line":28}},"branchMap":{"0":{"loc":{"start":{"line":11,"column":4},"end":{"line":16,"column":null}},"type":"cond-expr","locations":[{"start":{"line":12,"column":8},"end":{"line":15,"column":null}},{"start":{"line":16,"column":8},"end":{"line":16,"column":null}}],"line":11},"1":{"loc":{"start":{"line":33,"column":4},"end":{"line":36,"column":null}},"type":"if","locations":[{"start":{"line":33,"column":4},"end":{"line":36,"column":null}},{"start":{},"end":{}}],"line":33},"2":{"loc":{"start":{"line":55,"column":13},"end":{"line":55,"column":76}},"type":"cond-expr","locations":[{"start":{"line":55,"column":28},"end":{"line":55,"column":57}},{"start":{"line":55,"column":57},"end":{"line":55,"column":76}}],"line":55},"3":{"loc":{"start":{"line":56,"column":9},"end":{"line":60,"column":null}},"type":"cond-expr","locations":[{"start":{"line":57,"column":10},"end":{"line":60,"column":null}},{"start":{"line":60,"column":12},"end":{"line":60,"column":null}}],"line":56},"4":{"loc":{"start":{"line":87,"column":7},"end":{"line":87,"column":null}},"type":"cond-expr","locations":[{"start":{"line":87,"column":15},"end":{"line":87,"column":null}},{"start":{"line":87,"column":56},"end":{"line":87,"column":null}}],"line":87},"5":{"loc":{"start":{"line":90,"column":9},"end":{"line":90,"column":null}},"type":"cond-expr","locations":[{"start":{"line":90,"column":18},"end":{"line":90,"column":33}},{"start":{"line":90,"column":33},"end":{"line":90,"column":null}}],"line":90}},"s":{"0":2,"1":27,"2":27,"3":27,"4":4,"5":4,"6":4,"7":4,"8":4,"9":1,"10":1,"11":3,"12":3,"13":3,"14":2,"15":1,"16":3,"17":27},"f":{"0":27,"1":4,"2":4},"b":{"0":[2,25],"1":[1,3],"2":[2,25],"3":[2,25],"4":[2,25],"5":[3,24]},"meta":{"lastBranch":6,"lastFunction":3,"lastStatement":18,"seen":{"s:4:22:7:Infinity":0,"f:9:16:9:31":0,"s:10:17:17:Infinity":1,"b:12:8:15:Infinity:16:8:16:Infinity":0,"s:18:17:18:Infinity":2,"s:19:16:19:Infinity":3,"f:21:11:21:23":1,"s:22:4:25:Infinity":4,"f:28:17:28:30":2,"s:29:4:29:Infinity":5,"s:30:4:30:Infinity":6,"s:32:10:32:Infinity":7,"b:33:4:36:Infinity:undefined:undefined:undefined:undefined":1,"s:33:4:36:Infinity":8,"s:34:6:34:Infinity":9,"s:35:6:35:Infinity":10,"s:38:4:38:Infinity":11,"s:40:4:49:Infinity":12,"s:41:6:41:Infinity":13,"s:42:6:42:Infinity":14,"s:44:6:46:Infinity":15,"s:48:6:48:Infinity":16,"s:52:2:92:Infinity":17,"b:55:28:55:57:55:57:55:76":2,"b:57:10:60:Infinity:60:12:60:Infinity":3,"b:87:15:87:Infinity:87:56:87:Infinity":4,"b:90:18:90:33:90:33:90:Infinity":5}}}
,"C:\\ADJS\\huishoudboekje\\src\\components\\BudgetBookList.jsx": {"path":"C:\\ADJS\\huishoudboekje\\src\\components\\BudgetBookList.jsx","statementMap":{"0":{"start":{"line":14,"column":2},"end":{"line":70,"column":null}},"1":{"start":{"line":30,"column":12},"end":{"line":66,"column":null}},"2":{"start":{"line":31,"column":51},"end":{"line":31,"column":null}},"3":{"start":{"line":43,"column":35},"end":{"line":43,"column":null}},"4":{"start":{"line":52,"column":37},"end":{"line":52,"column":null}},"5":{"start":{"line":59,"column":37},"end":{"line":59,"column":null}}},"fnMap":{"0":{"name":"BudgetBookList","decl":{"start":{"line":1,"column":16},"end":{"line":1,"column":31}},"loc":{"start":{"line":13,"column":3},"end":{"line":72,"column":null}},"line":13},"1":{"name":"(anonymous_1)","decl":{"start":{"line":29,"column":23},"end":{"line":29,"column":28}},"loc":{"start":{"line":30,"column":12},"end":{"line":66,"column":null}},"line":30},"2":{"name":"(anonymous_2)","decl":{"start":{"line":31,"column":36},"end":{"line":31,"column":51}},"loc":{"start":{"line":31,"column":51},"end":{"line":31,"column":null}},"line":31},"3":{"name":"(anonymous_3)","decl":{"start":{"line":43,"column":20},"end":{"line":43,"column":35}},"loc":{"start":{"line":43,"column":35},"end":{"line":43,"column":null}},"line":43},"4":{"name":"(anonymous_4)","decl":{"start":{"line":52,"column":22},"end":{"line":52,"column":37}},"loc":{"start":{"line":52,"column":37},"end":{"line":52,"column":null}},"line":52},"5":{"name":"(anonymous_5)","decl":{"start":{"line":59,"column":22},"end":{"line":59,"column":37}},"loc":{"start":{"line":59,"column":37},"end":{"line":59,"column":null}},"line":59}},"branchMap":{"0":{"loc":{"start":{"line":3,"column":2},"end":{"line":3,"column":null}},"type":"default-arg","locations":[{"start":{"line":3,"column":17},"end":{"line":3,"column":null}}],"line":3},"1":{"loc":{"start":{"line":5,"column":2},"end":{"line":5,"column":null}},"type":"default-arg","locations":[{"start":{"line":5,"column":15},"end":{"line":5,"column":null}}],"line":5},"2":{"loc":{"start":{"line":6,"column":2},"end":{"line":6,"column":null}},"type":"default-arg","locations":[{"start":{"line":6,"column":14},"end":{"line":6,"column":null}}],"line":6},"3":{"loc":{"start":{"line":12,"column":2},"end":{"line":12,"column":null}},"type":"default-arg","locations":[{"start":{"line":12,"column":10},"end":{"line":12,"column":null}}],"line":12},"4":{"loc":{"start":{"line":25,"column":7},"end":{"line":70,"column":null}},"type":"cond-expr","locations":[{"start":{"line":26,"column":8},"end":{"line":28,"column":9}},{"start":{"line":28,"column":8},"end":{"line":70,"column":null}}],"line":25},"5":{"loc":{"start":{"line":30,"column":41},"end":{"line":30,"column":null}},"type":"cond-expr","locations":[{"start":{"line":30,"column":72},"end":{"line":30,"column":85}},{"start":{"line":30,"column":85},"end":{"line":30,"column":null}}],"line":30},"6":{"loc":{"start":{"line":33,"column":23},"end":{"line":33,"column":69}},"type":"binary-expr","locations":[{"start":{"line":33,"column":23},"end":{"line":33,"column":43}},{"start":{"line":33,"column":43},"end":{"line":33,"column":69}}],"line":33},"7":{"loc":{"start":{"line":34,"column":17},"end":{"line":36,"column":null}},"type":"cond-expr","locations":[{"start":{"line":35,"column":18},"end":{"line":36,"column":null}},{"start":{"line":36,"column":20},"end":{"line":36,"column":null}}],"line":34},"8":{"loc":{"start":{"line":39,"column":17},"end":{"line":63,"column":null}},"type":"cond-expr","locations":[{"start":{"line":39,"column":50},"end":{"line":39,"column":57}},{"start":{"line":39,"column":57},"end":{"line":63,"column":null}}],"line":39},"9":{"loc":{"start":{"line":39,"column":57},"end":{"line":63,"column":null}},"type":"cond-expr","locations":[{"start":{"line":40,"column":18},"end":{"line":48,"column":null}},{"start":{"line":48,"column":18},"end":{"line":63,"column":null}}],"line":39}},"s":{"0":16,"1":29,"2":2,"3":1,"4":2,"5":3},"f":{"0":16,"1":29,"2":2,"3":1,"4":2,"5":3},"b":{"0":[16],"1":[16],"2":[16],"3":[16],"4":[1,15],"5":[15,14],"6":[29,14],"7":[0,29],"8":[0,29],"9":[1,28]},"meta":{"lastBranch":10,"lastFunction":6,"lastStatement":6,"seen":{"f:1:16:1:31":0,"b:3:17:3:Infinity":0,"b:5:15:5:Infinity":1,"b:6:14:6:Infinity":2,"b:12:10:12:Infinity":3,"s:14:2:70:Infinity":0,"b:26:8:28:9:28:8:70:Infinity":4,"f:29:23:29:28":1,"s:30:12:66:Infinity":1,"b:30:72:30:85:30:85:30:Infinity":5,"f:31:36:31:51":2,"s:31:51:31:Infinity":2,"b:33:23:33:43:33:43:33:69":6,"b:35:18:36:Infinity:36:20:36:Infinity":7,"b:39:50:39:57:39:57:63:Infinity":8,"b:40:18:48:Infinity:48:18:63:Infinity":9,"f:43:20:43:35":3,"s:43:35:43:Infinity":3,"f:52:22:52:37":4,"s:52:37:52:Infinity":4,"f:59:22:59:37":5,"s:59:37:59:Infinity":5}}}
,"C:\\ADJS\\huishoudboekje\\src\\components\\CategoryDropBoard.jsx": {"path":"C:\\ADJS\\huishoudboekje\\src\\components\\CategoryDropBoard.jsx","statementMap":{"0":{"start":{"line":6,"column":8},"end":{"line":6,"column":null}},"1":{"start":{"line":9,"column":4},"end":{"line":9,"column":null}},"2":{"start":{"line":11,"column":22},"end":{"line":11,"column":null}},"3":{"start":{"line":12,"column":20},"end":{"line":12,"column":null}},"4":{"start":{"line":12,"column":49},"end":{"line":12,"column":75}},"5":{"start":{"line":14,"column":4},"end":{"line":16,"column":null}},"6":{"start":{"line":15,"column":6},"end":{"line":15,"column":null}},"7":{"start":{"line":19,"column":2},"end":{"line":37,"column":null}},"8":{"start":{"line":26,"column":10},"end":{"line":34,"column":null}},"9":{"start":{"line":29,"column":35},"end":{"line":29,"column":null}},"10":{"start":{"line":30,"column":31},"end":{"line":30,"column":null}}},"fnMap":{"0":{"name":"CategoryDropBoard","decl":{"start":{"line":5,"column":16},"end":{"line":5,"column":34}},"loc":{"start":{"line":5,"column":73},"end":{"line":39,"column":null}},"line":5},"1":{"name":"handleDrop","decl":{"start":{"line":8,"column":11},"end":{"line":8,"column":22}},"loc":{"start":{"line":8,"column":39},"end":{"line":17,"column":null}},"line":8},"2":{"name":"(anonymous_2)","decl":{"start":{"line":12,"column":29},"end":{"line":12,"column":35}},"loc":{"start":{"line":12,"column":49},"end":{"line":12,"column":75}},"line":12},"3":{"name":"(anonymous_3)","decl":{"start":{"line":25,"column":27},"end":{"line":25,"column":32}},"loc":{"start":{"line":26,"column":10},"end":{"line":34,"column":null}},"line":26},"4":{"name":"(anonymous_4)","decl":{"start":{"line":29,"column":12},"end":{"line":29,"column":25}},"loc":{"start":{"line":29,"column":35},"end":{"line":29,"column":null}},"line":29},"5":{"name":"(anonymous_5)","decl":{"start":{"line":30,"column":12},"end":{"line":30,"column":21}},"loc":{"start":{"line":30,"column":31},"end":{"line":30,"column":null}},"line":30}},"branchMap":{"0":{"loc":{"start":{"line":14,"column":4},"end":{"line":16,"column":null}},"type":"if","locations":[{"start":{"line":14,"column":4},"end":{"line":16,"column":null}},{"start":{},"end":{}}],"line":14},"1":{"loc":{"start":{"line":14,"column":8},"end":{"line":14,"column":30}},"type":"binary-expr","locations":[{"start":{"line":14,"column":8},"end":{"line":14,"column":19}},{"start":{"line":14,"column":19},"end":{"line":14,"column":30}}],"line":14},"2":{"loc":{"start":{"line":28,"column":23},"end":{"line":28,"column":null}},"type":"cond-expr","locations":[{"start":{"line":28,"column":34},"end":{"line":28,"column":57}},{"start":{"line":28,"column":57},"end":{"line":28,"column":null}}],"line":28},"3":{"loc":{"start":{"line":33,"column":34},"end":{"line":33,"column":55}},"type":"binary-expr","locations":[{"start":{"line":33,"column":34},"end":{"line":33,"column":54}},{"start":{"line":33,"column":54},"end":{"line":33,"column":55}}],"line":33}},"s":{"0":5,"1":1,"2":1,"3":1,"4":1,"5":1,"6":1,"7":5,"8":30,"9":0,"10":1},"f":{"0":5,"1":1,"2":1,"3":30,"4":0,"5":1},"b":{"0":[1,0],"1":[1,1],"2":[0,30],"3":[30,26]},"meta":{"lastBranch":4,"lastFunction":6,"lastStatement":11,"seen":{"f:5:16:5:34":0,"s:6:8:6:Infinity":0,"f:8:11:8:22":1,"s:9:4:9:Infinity":1,"s:11:22:11:Infinity":2,"s:12:20:12:Infinity":3,"f:12:29:12:35":2,"s:12:49:12:75":4,"b:14:4:16:Infinity:undefined:undefined:undefined:undefined":0,"s:14:4:16:Infinity":5,"b:14:8:14:19:14:19:14:30":1,"s:15:6:15:Infinity":6,"s:19:2:37:Infinity":7,"f:25:27:25:32":3,"s:26:10:34:Infinity":8,"b:28:34:28:57:28:57:28:Infinity":2,"f:29:12:29:25":4,"s:29:35:29:Infinity":9,"f:30:12:30:21":5,"s:30:31:30:Infinity":10,"b:33:34:33:54:33:54:33:55":3}}}
,"C:\\ADJS\\huishoudboekje\\src\\components\\ExpenseCharts.jsx": {"path":"C:\\ADJS\\huishoudboekje\\src\\components\\ExpenseCharts.jsx","statementMap":{"0":{"start":{"line":8,"column":2},"end":{"line":10,"column":null}},"1":{"start":{"line":9,"column":4},"end":{"line":9,"column":null}},"2":{"start":{"line":12,"column":2},"end":{"line":18,"column":null}},"3":{"start":{"line":14,"column":17},"end":{"line":14,"column":null}},"4":{"start":{"line":15,"column":16},"end":{"line":15,"column":null}},"5":{"start":{"line":16,"column":6},"end":{"line":16,"column":null}},"6":{"start":{"line":22,"column":8},"end":{"line":22,"column":null}},"7":{"start":{"line":23,"column":8},"end":{"line":23,"column":null}},"8":{"start":{"line":24,"column":26},"end":{"line":24,"column":null}},"9":{"start":{"line":24,"column":66},"end":{"line":24,"column":76}},"10":{"start":{"line":25,"column":27},"end":{"line":25,"column":null}},"11":{"start":{"line":25,"column":68},"end":{"line":25,"column":78}},"12":{"start":{"line":27,"column":2},"end":{"line":84,"column":null}},"13":{"start":{"line":50,"column":18},"end":{"line":52,"column":null}},"14":{"start":{"line":53,"column":26},"end":{"line":53,"column":null}},"15":{"start":{"line":55,"column":16},"end":{"line":55,"column":null}},"16":{"start":{"line":60,"column":16},"end":{"line":63,"column":null}},"17":{"start":{"line":72,"column":16},"end":{"line":78,"column":null}}},"fnMap":{"0":{"name":"createLinePoints","decl":{"start":{"line":7,"column":9},"end":{"line":7,"column":26}},"loc":{"start":{"line":7,"column":43},"end":{"line":19,"column":null}},"line":7},"1":{"name":"(anonymous_1)","decl":{"start":{"line":13,"column":5},"end":{"line":13,"column":10}},"loc":{"start":{"line":13,"column":26},"end":{"line":17,"column":5}},"line":13},"2":{"name":"ExpenseCharts","decl":{"start":{"line":21,"column":16},"end":{"line":21,"column":30}},"loc":{"start":{"line":21,"column":44},"end":{"line":86,"column":null}},"line":21},"3":{"name":"(anonymous_3)","decl":{"start":{"line":24,"column":52},"end":{"line":24,"column":57}},"loc":{"start":{"line":24,"column":66},"end":{"line":24,"column":76}},"line":24},"4":{"name":"(anonymous_4)","decl":{"start":{"line":25,"column":54},"end":{"line":25,"column":59}},"loc":{"start":{"line":25,"column":68},"end":{"line":25,"column":78}},"line":25},"5":{"name":"(anonymous_5)","decl":{"start":{"line":48,"column":29},"end":{"line":48,"column":34}},"loc":{"start":{"line":48,"column":50},"end":{"line":56,"column":15}},"line":48},"6":{"name":"(anonymous_6)","decl":{"start":{"line":59,"column":29},"end":{"line":59,"column":34}},"loc":{"start":{"line":60,"column":16},"end":{"line":63,"column":null}},"line":60},"7":{"name":"(anonymous_7)","decl":{"start":{"line":71,"column":30},"end":{"line":71,"column":35}},"loc":{"start":{"line":72,"column":16},"end":{"line":78,"column":null}},"line":72}},"branchMap":{"0":{"loc":{"start":{"line":8,"column":2},"end":{"line":10,"column":null}},"type":"if","locations":[{"start":{"line":8,"column":2},"end":{"line":10,"column":null}},{"start":{},"end":{}}],"line":8},"1":{"loc":{"start":{"line":33,"column":7},"end":{"line":84,"column":null}},"type":"cond-expr","locations":[{"start":{"line":34,"column":8},"end":{"line":36,"column":9}},{"start":{"line":36,"column":8},"end":{"line":84,"column":null}}],"line":33},"2":{"loc":{"start":{"line":50,"column":18},"end":{"line":52,"column":null}},"type":"cond-expr","locations":[{"start":{"line":51,"column":22},"end":{"line":51,"column":null}},{"start":{"line":52,"column":23},"end":{"line":52,"column":null}}],"line":50}},"s":{"0":3,"1":2,"2":1,"3":2,"4":2,"5":2,"6":5,"7":5,"8":5,"9":4,"10":5,"11":6,"12":5,"13":4,"14":4,"15":4,"16":4,"17":6},"f":{"0":3,"1":2,"2":5,"3":4,"4":6,"5":4,"6":4,"7":6},"b":{"0":[2,1],"1":[2,3],"2":[2,2]},"meta":{"lastBranch":3,"lastFunction":8,"lastStatement":18,"seen":{"f:7:9:7:26":0,"b:8:2:10:Infinity:undefined:undefined:undefined:undefined":0,"s:8:2:10:Infinity":0,"s:9:4:9:Infinity":1,"s:12:2:18:Infinity":2,"f:13:5:13:10":1,"s:14:17:14:Infinity":3,"s:15:16:15:Infinity":4,"s:16:6:16:Infinity":5,"f:21:16:21:30":2,"s:22:8:22:Infinity":6,"s:23:8:23:Infinity":7,"s:24:26:24:Infinity":8,"f:24:52:24:57":3,"s:24:66:24:76":9,"s:25:27:25:Infinity":10,"f:25:54:25:59":4,"s:25:68:25:78":11,"s:27:2:84:Infinity":12,"b:34:8:36:9:36:8:84:Infinity":1,"f:48:29:48:34":5,"s:50:18:52:Infinity":13,"b:51:22:51:Infinity:52:23:52:Infinity":2,"s:53:26:53:Infinity":14,"s:55:16:55:Infinity":15,"f:59:29:59:34":6,"s:60:16:63:Infinity":16,"f:71:30:71:35":7,"s:72:16:78:Infinity":17}}}
,"C:\\ADJS\\huishoudboekje\\src\\components\\ExpenseForm.jsx": {"path":"C:\\ADJS\\huishoudboekje\\src\\components\\ExpenseForm.jsx","statementMap":{"0":{"start":{"line":6,"column":22},"end":{"line":12,"column":null}},"1":{"start":{"line":15,"column":17},"end":{"line":15,"column":null}},"2":{"start":{"line":16,"column":17},"end":{"line":16,"column":null}},"3":{"start":{"line":17,"column":16},"end":{"line":17,"column":null}},"4":{"start":{"line":20,"column":4},"end":{"line":23,"column":null}},"5":{"start":{"line":27,"column":4},"end":{"line":27,"column":null}},"6":{"start":{"line":28,"column":4},"end":{"line":28,"column":null}},"7":{"start":{"line":30,"column":10},"end":{"line":30,"column":null}},"8":{"start":{"line":31,"column":4},"end":{"line":34,"column":null}},"9":{"start":{"line":32,"column":6},"end":{"line":32,"column":null}},"10":{"start":{"line":33,"column":6},"end":{"line":33,"column":null}},"11":{"start":{"line":36,"column":4},"end":{"line":36,"column":null}},"12":{"start":{"line":38,"column":4},"end":{"line":48,"column":null}},"13":{"start":{"line":39,"column":6},"end":{"line":39,"column":null}},"14":{"start":{"line":40,"column":6},"end":{"line":43,"column":null}},"15":{"start":{"line":45,"column":6},"end":{"line":45,"column":null}},"16":{"start":{"line":47,"column":6},"end":{"line":47,"column":null}},"17":{"start":{"line":51,"column":2},"end":{"line":123,"column":null}},"18":{"start":{"line":89,"column":14},"end":{"line":89,"column":null}}},"fnMap":{"0":{"name":"ExpenseForm","decl":{"start":{"line":14,"column":16},"end":{"line":14,"column":28}},"loc":{"start":{"line":14,"column":52},"end":{"line":125,"column":null}},"line":14},"1":{"name":"updateField","decl":{"start":{"line":19,"column":11},"end":{"line":19,"column":23}},"loc":{"start":{"line":19,"column":30},"end":{"line":24,"column":null}},"line":19},"2":{"name":"handleSubmit","decl":{"start":{"line":26,"column":17},"end":{"line":26,"column":30}},"loc":{"start":{"line":26,"column":37},"end":{"line":49,"column":null}},"line":26},"3":{"name":"(anonymous_3)","decl":{"start":{"line":88,"column":31},"end":{"line":88,"column":36}},"loc":{"start":{"line":89,"column":14},"end":{"line":89,"column":null}},"line":89}},"branchMap":{"0":{"loc":{"start":{"line":31,"column":4},"end":{"line":34,"column":null}},"type":"if","locations":[{"start":{"line":31,"column":4},"end":{"line":34,"column":null}},{"start":{},"end":{}}],"line":31},"1":{"loc":{"start":{"line":118,"column":7},"end":{"line":118,"column":null}},"type":"cond-expr","locations":[{"start":{"line":118,"column":15},"end":{"line":118,"column":null}},{"start":{"line":118,"column":56},"end":{"line":118,"column":null}}],"line":118},"2":{"loc":{"start":{"line":120,"column":65},"end":{"line":120,"column":null}},"type":"binary-expr","locations":[{"start":{"line":120,"column":65},"end":{"line":120,"column":77}},{"start":{"line":120,"column":77},"end":{"line":120,"column":null}}],"line":120},"3":{"loc":{"start":{"line":121,"column":9},"end":{"line":121,"column":null}},"type":"cond-expr","locations":[{"start":{"line":121,"column":18},"end":{"line":121,"column":35}},{"start":{"line":121,"column":35},"end":{"line":121,"column":null}}],"line":121}},"s":{"0":2,"1":20,"2":20,"3":20,"4":7,"5":4,"6":4,"7":4,"8":4,"9":2,"10":2,"11":2,"12":2,"13":2,"14":1,"15":1,"16":2,"17":20,"18":120},"f":{"0":20,"1":7,"2":4,"3":120},"b":{"0":[2,2],"1":[3,17],"2":[20,19],"3":[2,18]},"meta":{"lastBranch":4,"lastFunction":4,"lastStatement":19,"seen":{"s:6:22:12:Infinity":0,"f:14:16:14:28":0,"s:15:17:15:Infinity":1,"s:16:17:16:Infinity":2,"s:17:16:17:Infinity":3,"f:19:11:19:23":1,"s:20:4:23:Infinity":4,"f:26:17:26:30":2,"s:27:4:27:Infinity":5,"s:28:4:28:Infinity":6,"s:30:10:30:Infinity":7,"b:31:4:34:Infinity:undefined:undefined:undefined:undefined":0,"s:31:4:34:Infinity":8,"s:32:6:32:Infinity":9,"s:33:6:33:Infinity":10,"s:36:4:36:Infinity":11,"s:38:4:48:Infinity":12,"s:39:6:39:Infinity":13,"s:40:6:43:Infinity":14,"s:45:6:45:Infinity":15,"s:47:6:47:Infinity":16,"s:51:2:123:Infinity":17,"f:88:31:88:36":3,"s:89:14:89:Infinity":18,"b:118:15:118:Infinity:118:56:118:Infinity":1,"b:120:65:120:77:120:77:120:Infinity":2,"b:121:18:121:35:121:35:121:Infinity":3}}}
,"C:\\ADJS\\huishoudboekje\\src\\components\\ExpenseList.jsx": {"path":"C:\\ADJS\\huishoudboekje\\src\\components\\ExpenseList.jsx","statementMap":{"0":{"start":{"line":4,"column":2},"end":{"line":6,"column":null}},"1":{"start":{"line":5,"column":4},"end":{"line":5,"column":null}},"2":{"start":{"line":8,"column":2},"end":{"line":39,"column":null}},"3":{"start":{"line":11,"column":8},"end":{"line":37,"column":null}},"4":{"start":{"line":15,"column":12},"end":{"line":15,"column":null}},"5":{"start":{"line":31,"column":31},"end":{"line":31,"column":null}}},"fnMap":{"0":{"name":"ExpenseList","decl":{"start":{"line":3,"column":16},"end":{"line":3,"column":28}},"loc":{"start":{"line":3,"column":70},"end":{"line":41,"column":null}},"line":3},"1":{"name":"(anonymous_1)","decl":{"start":{"line":10,"column":16},"end":{"line":10,"column":21}},"loc":{"start":{"line":11,"column":8},"end":{"line":37,"column":null}},"line":11},"2":{"name":"(anonymous_2)","decl":{"start":{"line":14,"column":10},"end":{"line":14,"column":24}},"loc":{"start":{"line":15,"column":12},"end":{"line":15,"column":null}},"line":15},"3":{"name":"(anonymous_3)","decl":{"start":{"line":31,"column":16},"end":{"line":31,"column":31}},"loc":{"start":{"line":31,"column":31},"end":{"line":31,"column":null}},"line":31}},"branchMap":{"0":{"loc":{"start":{"line":3,"column":50},"end":{"line":3,"column":70}},"type":"default-arg","locations":[{"start":{"line":3,"column":61},"end":{"line":3,"column":70}}],"line":3},"1":{"loc":{"start":{"line":4,"column":2},"end":{"line":6,"column":null}},"type":"if","locations":[{"start":{"line":4,"column":2},"end":{"line":6,"column":null}},{"start":{},"end":{}}],"line":4},"2":{"loc":{"start":{"line":23,"column":13},"end":{"line":23,"column":null}},"type":"cond-expr","locations":[{"start":{"line":23,"column":28},"end":{"line":23,"column":null}},{"start":{"line":23,"column":60},"end":{"line":23,"column":null}}],"line":23},"3":{"loc":{"start":{"line":27,"column":13},"end":{"line":36,"column":null}},"type":"cond-expr","locations":[{"start":{"line":27,"column":24},"end":{"line":27,"column":null}},{"start":{"line":28,"column":14},"end":{"line":36,"column":null}}],"line":27}},"s":{"0":5,"1":1,"2":4,"3":5,"4":0,"5":1},"f":{"0":5,"1":5,"2":0,"3":1},"b":{"0":[5],"1":[1,4],"2":[1,4],"3":[0,5]},"meta":{"lastBranch":4,"lastFunction":4,"lastStatement":6,"seen":{"f:3:16:3:28":0,"b:3:61:3:70":0,"b:4:2:6:Infinity:undefined:undefined:undefined:undefined":1,"s:4:2:6:Infinity":0,"s:5:4:5:Infinity":1,"s:8:2:39:Infinity":2,"f:10:16:10:21":1,"s:11:8:37:Infinity":3,"f:14:10:14:24":2,"s:15:12:15:Infinity":4,"b:23:28:23:Infinity:23:60:23:Infinity":2,"b:27:24:27:Infinity:28:14:36:Infinity":3,"f:31:16:31:31":3,"s:31:31:31:Infinity":5}}}
,"C:\\ADJS\\huishoudboekje\\src\\components\\ParticipantManager.jsx": {"path":"C:\\ADJS\\huishoudboekje\\src\\components\\ParticipantManager.jsx","statementMap":{"0":{"start":{"line":10,"column":16},"end":{"line":10,"column":null}},"1":{"start":{"line":11,"column":16},"end":{"line":11,"column":null}},"2":{"start":{"line":12,"column":17},"end":{"line":12,"column":null}},"3":{"start":{"line":15,"column":4},"end":{"line":15,"column":null}},"4":{"start":{"line":16,"column":4},"end":{"line":16,"column":null}},"5":{"start":{"line":18,"column":4},"end":{"line":21,"column":null}},"6":{"start":{"line":19,"column":6},"end":{"line":19,"column":null}},"7":{"start":{"line":20,"column":6},"end":{"line":20,"column":null}},"8":{"start":{"line":23,"column":4},"end":{"line":23,"column":null}},"9":{"start":{"line":25,"column":4},"end":{"line":34,"column":null}},"10":{"start":{"line":26,"column":6},"end":{"line":26,"column":null}},"11":{"start":{"line":27,"column":6},"end":{"line":27,"column":null}},"12":{"start":{"line":29,"column":6},"end":{"line":31,"column":null}},"13":{"start":{"line":33,"column":6},"end":{"line":33,"column":null}},"14":{"start":{"line":37,"column":2},"end":{"line":77,"column":null}},"15":{"start":{"line":47,"column":12},"end":{"line":47,"column":null}},"16":{"start":{"line":61,"column":33},"end":{"line":61,"column":null}}},"fnMap":{"0":{"name":"ParticipantManager","decl":{"start":{"line":4,"column":16},"end":{"line":4,"column":35}},"loc":{"start":{"line":9,"column":3},"end":{"line":79,"column":null}},"line":9},"1":{"name":"handleSubmit","decl":{"start":{"line":14,"column":17},"end":{"line":14,"column":30}},"loc":{"start":{"line":14,"column":37},"end":{"line":35,"column":null}},"line":14},"2":{"name":"(anonymous_2)","decl":{"start":{"line":46,"column":24},"end":{"line":46,"column":29}},"loc":{"start":{"line":47,"column":12},"end":{"line":47,"column":null}},"line":47},"3":{"name":"(anonymous_3)","decl":{"start":{"line":61,"column":12},"end":{"line":61,"column":23}},"loc":{"start":{"line":61,"column":33},"end":{"line":61,"column":null}},"line":61}},"branchMap":{"0":{"loc":{"start":{"line":8,"column":2},"end":{"line":8,"column":null}},"type":"default-arg","locations":[{"start":{"line":8,"column":17},"end":{"line":8,"column":null}}],"line":8},"1":{"loc":{"start":{"line":18,"column":4},"end":{"line":21,"column":null}},"type":"if","locations":[{"start":{"line":18,"column":4},"end":{"line":21,"column":null}},{"start":{},"end":{}}],"line":18},"2":{"loc":{"start":{"line":44,"column":7},"end":{"line":51,"column":null}},"type":"cond-expr","locations":[{"start":{"line":45,"column":8},"end":{"line":51,"column":9}},{"start":{"line":51,"column":8},"end":{"line":51,"column":null}}],"line":44},"3":{"loc":{"start":{"line":63,"column":22},"end":{"line":63,"column":null}},"type":"binary-expr","locations":[{"start":{"line":63,"column":22},"end":{"line":63,"column":34}},{"start":{"line":63,"column":34},"end":{"line":63,"column":null}}],"line":63},"4":{"loc":{"start":{"line":67,"column":9},"end":{"line":67,"column":null}},"type":"cond-expr","locations":[{"start":{"line":67,"column":17},"end":{"line":67,"column":null}},{"start":{"line":67,"column":58},"end":{"line":67,"column":null}}],"line":67},"5":{"loc":{"start":{"line":72,"column":20},"end":{"line":72,"column":null}},"type":"binary-expr","locations":[{"start":{"line":72,"column":20},"end":{"line":72,"column":32}},{"start":{"line":72,"column":32},"end":{"line":72,"column":null}}],"line":72},"6":{"loc":{"start":{"line":74,"column":11},"end":{"line":74,"column":null}},"type":"cond-expr","locations":[{"start":{"line":74,"column":20},"end":{"line":74,"column":37}},{"start":{"line":74,"column":37},"end":{"line":74,"column":null}}],"line":74}},"s":{"0":10,"1":10,"2":10,"3":2,"4":2,"5":2,"6":1,"7":1,"8":1,"9":1,"10":1,"11":1,"12":0,"13":1,"14":10,"15":5,"16":1},"f":{"0":10,"1":2,"2":5,"3":1},"b":{"0":[10],"1":[1,1],"2":[5,5],"3":[10,9],"4":[1,9],"5":[10,9],"6":[1,9]},"meta":{"lastBranch":7,"lastFunction":4,"lastStatement":17,"seen":{"f:4:16:4:35":0,"b:8:17:8:Infinity":0,"s:10:16:10:Infinity":0,"s:11:16:11:Infinity":1,"s:12:17:12:Infinity":2,"f:14:17:14:30":1,"s:15:4:15:Infinity":3,"s:16:4:16:Infinity":4,"b:18:4:21:Infinity:undefined:undefined:undefined:undefined":1,"s:18:4:21:Infinity":5,"s:19:6:19:Infinity":6,"s:20:6:20:Infinity":7,"s:23:4:23:Infinity":8,"s:25:4:34:Infinity":9,"s:26:6:26:Infinity":10,"s:27:6:27:Infinity":11,"s:29:6:31:Infinity":12,"s:33:6:33:Infinity":13,"s:37:2:77:Infinity":14,"b:45:8:51:9:51:8:51:Infinity":2,"f:46:24:46:29":2,"s:47:12:47:Infinity":15,"f:61:12:61:23":3,"s:61:33:61:Infinity":16,"b:63:22:63:34:63:34:63:Infinity":3,"b:67:17:67:Infinity:67:58:67:Infinity":4,"b:72:20:72:32:72:32:72:Infinity":5,"b:74:20:74:37:74:37:74:Infinity":6}}}
,"C:\\ADJS\\huishoudboekje\\src\\components\\SummaryCards.jsx": {"path":"C:\\ADJS\\huishoudboekje\\src\\components\\SummaryCards.jsx","statementMap":{"0":{"start":{"line":6,"column":8},"end":{"line":6,"column":null}},"1":{"start":{"line":7,"column":8},"end":{"line":7,"column":null}},"2":{"start":{"line":8,"column":26},"end":{"line":13,"column":null}},"3":{"start":{"line":9,"column":24},"end":{"line":12,"column":6}},"4":{"start":{"line":13,"column":29},"end":{"line":13,"column":55}},"5":{"start":{"line":15,"column":2},"end":{"line":31,"column":null}}},"fnMap":{"0":{"name":"SummaryCards","decl":{"start":{"line":5,"column":16},"end":{"line":5,"column":29}},"loc":{"start":{"line":5,"column":43},"end":{"line":33,"column":null}},"line":5},"1":{"name":"(anonymous_1)","decl":{"start":{"line":9,"column":5},"end":{"line":9,"column":10}},"loc":{"start":{"line":9,"column":24},"end":{"line":12,"column":6}},"line":9},"2":{"name":"(anonymous_2)","decl":{"start":{"line":13,"column":5},"end":{"line":13,"column":11}},"loc":{"start":{"line":13,"column":29},"end":{"line":13,"column":55}},"line":13}},"branchMap":{"0":{"loc":{"start":{"line":11,"column":13},"end":{"line":11,"column":null}},"type":"binary-expr","locations":[{"start":{"line":11,"column":13},"end":{"line":11,"column":41}},{"start":{"line":11,"column":41},"end":{"line":11,"column":null}}],"line":11},"1":{"loc":{"start":{"line":28,"column":11},"end":{"line":28,"column":null}},"type":"cond-expr","locations":[{"start":{"line":28,"column":40},"end":{"line":28,"column":67}},{"start":{"line":28,"column":67},"end":{"line":28,"column":null}}],"line":28}},"s":{"0":5,"1":5,"2":5,"3":30,"4":33,"5":5},"f":{"0":5,"1":30,"2":33},"b":{"0":[30,26],"1":[3,2]},"meta":{"lastBranch":2,"lastFunction":3,"lastStatement":6,"seen":{"f:5:16:5:29":0,"s:6:8:6:Infinity":0,"s:7:8:7:Infinity":1,"s:8:26:13:Infinity":2,"f:9:5:9:10":1,"s:9:24:12:6":3,"b:11:13:11:41:11:41:11:Infinity":0,"f:13:5:13:11":2,"s:13:29:13:55":4,"s:15:2:31:Infinity":5,"b:28:40:28:67:28:67:28:Infinity":1}}}
,"C:\\ADJS\\huishoudboekje\\src\\hooks\\useAuth.js": {"path":"C:\\ADJS\\huishoudboekje\\src\\hooks\\useAuth.js","statementMap":{"0":{"start":{"line":12,"column":15},"end":{"line":12,"column":null}},"1":{"start":{"line":13,"column":18},"end":{"line":13,"column":null}},"2":{"start":{"line":14,"column":16},"end":{"line":14,"column":null}},"3":{"start":{"line":16,"column":2},"end":{"line":21,"column":null}},"4":{"start":{"line":17,"column":4},"end":{"line":20,"column":null}},"5":{"start":{"line":18,"column":6},"end":{"line":18,"column":null}},"6":{"start":{"line":19,"column":6},"end":{"line":19,"column":null}},"7":{"start":{"line":24,"column":4},"end":{"line":24,"column":null}},"8":{"start":{"line":26,"column":4},"end":{"line":30,"column":null}},"9":{"start":{"line":27,"column":6},"end":{"line":27,"column":null}},"10":{"start":{"line":29,"column":6},"end":{"line":29,"column":null}},"11":{"start":{"line":34,"column":4},"end":{"line":34,"column":null}},"12":{"start":{"line":36,"column":10},"end":{"line":36,"column":null}},"13":{"start":{"line":37,"column":4},"end":{"line":40,"column":null}},"14":{"start":{"line":38,"column":6},"end":{"line":38,"column":null}},"15":{"start":{"line":39,"column":6},"end":{"line":39,"column":null}},"16":{"start":{"line":42,"column":4},"end":{"line":48,"column":null}},"17":{"start":{"line":43,"column":6},"end":{"line":43,"column":null}},"18":{"start":{"line":45,"column":12},"end":{"line":45,"column":null}},"19":{"start":{"line":46,"column":6},"end":{"line":46,"column":null}},"20":{"start":{"line":47,"column":6},"end":{"line":47,"column":null}},"21":{"start":{"line":52,"column":4},"end":{"line":52,"column":null}},"22":{"start":{"line":54,"column":10},"end":{"line":54,"column":null}},"23":{"start":{"line":55,"column":4},"end":{"line":58,"column":null}},"24":{"start":{"line":56,"column":6},"end":{"line":56,"column":null}},"25":{"start":{"line":57,"column":6},"end":{"line":57,"column":null}},"26":{"start":{"line":60,"column":4},"end":{"line":66,"column":null}},"27":{"start":{"line":61,"column":6},"end":{"line":61,"column":null}},"28":{"start":{"line":63,"column":12},"end":{"line":63,"column":null}},"29":{"start":{"line":64,"column":6},"end":{"line":64,"column":null}},"30":{"start":{"line":65,"column":6},"end":{"line":65,"column":null}},"31":{"start":{"line":70,"column":4},"end":{"line":70,"column":null}},"32":{"start":{"line":72,"column":4},"end":{"line":76,"column":null}},"33":{"start":{"line":73,"column":6},"end":{"line":73,"column":null}},"34":{"start":{"line":75,"column":6},"end":{"line":75,"column":null}},"35":{"start":{"line":79,"column":2},"end":{"line":87,"column":null}}},"fnMap":{"0":{"name":"useAuth","decl":{"start":{"line":11,"column":16},"end":{"line":11,"column":26}},"loc":{"start":{"line":11,"column":26},"end":{"line":88,"column":null}},"line":11},"1":{"name":"(anonymous_1)","decl":{"start":{"line":16,"column":2},"end":{"line":16,"column":18}},"loc":{"start":{"line":16,"column":18},"end":{"line":21,"column":5}},"line":16},"2":{"name":"(anonymous_2)","decl":{"start":{"line":17,"column":11},"end":{"line":17,"column":28}},"loc":{"start":{"line":17,"column":44},"end":{"line":20,"column":5}},"line":17},"3":{"name":"loginAsGuest","decl":{"start":{"line":23,"column":17},"end":{"line":23,"column":32}},"loc":{"start":{"line":23,"column":32},"end":{"line":31,"column":null}},"line":23},"4":{"name":"loginWithEmail","decl":{"start":{"line":33,"column":17},"end":{"line":33,"column":32}},"loc":{"start":{"line":33,"column":40},"end":{"line":49,"column":null}},"line":33},"5":{"name":"register","decl":{"start":{"line":51,"column":17},"end":{"line":51,"column":26}},"loc":{"start":{"line":51,"column":34},"end":{"line":67,"column":null}},"line":51},"6":{"name":"logout","decl":{"start":{"line":69,"column":17},"end":{"line":69,"column":26}},"loc":{"start":{"line":69,"column":26},"end":{"line":77,"column":null}},"line":69}},"branchMap":{"0":{"loc":{"start":{"line":37,"column":4},"end":{"line":40,"column":null}},"type":"if","locations":[{"start":{"line":37,"column":4},"end":{"line":40,"column":null}},{"start":{},"end":{}}],"line":37},"1":{"loc":{"start":{"line":55,"column":4},"end":{"line":58,"column":null}},"type":"if","locations":[{"start":{"line":55,"column":4},"end":{"line":58,"column":null}},{"start":{},"end":{}}],"line":55}},"s":{"0":9,"1":9,"2":9,"3":9,"4":5,"5":1,"6":1,"7":2,"8":2,"9":2,"10":1,"11":2,"12":2,"13":2,"14":1,"15":1,"16":1,"17":1,"18":0,"19":0,"20":0,"21":2,"22":2,"23":2,"24":0,"25":0,"26":2,"27":2,"28":1,"29":1,"30":1,"31":1,"32":1,"33":1,"34":0,"35":9},"f":{"0":9,"1":5,"2":1,"3":2,"4":2,"5":2,"6":1},"b":{"0":[1,1],"1":[0,2]},"meta":{"lastBranch":2,"lastFunction":7,"lastStatement":36,"seen":{"f:11:16:11:26":0,"s:12:15:12:Infinity":0,"s:13:18:13:Infinity":1,"s:14:16:14:Infinity":2,"s:16:2:21:Infinity":3,"f:16:2:16:18":1,"s:17:4:20:Infinity":4,"f:17:11:17:28":2,"s:18:6:18:Infinity":5,"s:19:6:19:Infinity":6,"f:23:17:23:32":3,"s:24:4:24:Infinity":7,"s:26:4:30:Infinity":8,"s:27:6:27:Infinity":9,"s:29:6:29:Infinity":10,"f:33:17:33:32":4,"s:34:4:34:Infinity":11,"s:36:10:36:Infinity":12,"b:37:4:40:Infinity:undefined:undefined:undefined:undefined":0,"s:37:4:40:Infinity":13,"s:38:6:38:Infinity":14,"s:39:6:39:Infinity":15,"s:42:4:48:Infinity":16,"s:43:6:43:Infinity":17,"s:45:12:45:Infinity":18,"s:46:6:46:Infinity":19,"s:47:6:47:Infinity":20,"f:51:17:51:26":5,"s:52:4:52:Infinity":21,"s:54:10:54:Infinity":22,"b:55:4:58:Infinity:undefined:undefined:undefined:undefined":1,"s:55:4:58:Infinity":23,"s:56:6:56:Infinity":24,"s:57:6:57:Infinity":25,"s:60:4:66:Infinity":26,"s:61:6:61:Infinity":27,"s:63:12:63:Infinity":28,"s:64:6:64:Infinity":29,"s:65:6:65:Infinity":30,"f:69:17:69:26":6,"s:70:4:70:Infinity":31,"s:72:4:76:Infinity":32,"s:73:6:73:Infinity":33,"s:75:6:75:Infinity":34,"s:79:2:87:Infinity":35}}}
,"C:\\ADJS\\huishoudboekje\\src\\hooks\\useBudgetBookSubscriptions.js": {"path":"C:\\ADJS\\huishoudboekje\\src\\hooks\\useBudgetBookSubscriptions.js","statementMap":{"0":{"start":{"line":11,"column":2},"end":{"line":16,"column":null}},"1":{"start":{"line":14,"column":8},"end":{"line":14,"column":null}},"2":{"start":{"line":14,"column":39},"end":{"line":14,"column":63}},"3":{"start":{"line":16,"column":29},"end":{"line":16,"column":63}},"4":{"start":{"line":20,"column":22},"end":{"line":20,"column":null}},"5":{"start":{"line":21,"column":24},"end":{"line":21,"column":null}},"6":{"start":{"line":22,"column":18},"end":{"line":22,"column":null}},"7":{"start":{"line":23,"column":16},"end":{"line":23,"column":null}},"8":{"start":{"line":25,"column":2},"end":{"line":155,"column":null}},"9":{"start":{"line":26,"column":4},"end":{"line":28,"column":null}},"10":{"start":{"line":27,"column":6},"end":{"line":27,"column":null}},"11":{"start":{"line":30,"column":27},"end":{"line":30,"column":null}},"12":{"start":{"line":31,"column":28},"end":{"line":31,"column":null}},"13":{"start":{"line":32,"column":29},"end":{"line":32,"column":null}},"14":{"start":{"line":33,"column":30},"end":{"line":33,"column":null}},"15":{"start":{"line":34,"column":8},"end":{"line":34,"column":null}},"16":{"start":{"line":35,"column":8},"end":{"line":35,"column":null}},"17":{"start":{"line":36,"column":19},"end":{"line":41,"column":null}},"18":{"start":{"line":44,"column":6},"end":{"line":46,"column":null}},"19":{"start":{"line":45,"column":8},"end":{"line":45,"column":null}},"20":{"start":{"line":50,"column":6},"end":{"line":50,"column":null}},"21":{"start":{"line":54,"column":6},"end":{"line":54,"column":null}},"22":{"start":{"line":57,"column":10},"end":{"line":74,"column":null}},"23":{"start":{"line":60,"column":8},"end":{"line":60,"column":null}},"24":{"start":{"line":61,"column":8},"end":{"line":61,"column":null}},"25":{"start":{"line":62,"column":8},"end":{"line":62,"column":null}},"26":{"start":{"line":63,"column":8},"end":{"line":63,"column":null}},"27":{"start":{"line":66,"column":8},"end":{"line":71,"column":null}},"28":{"start":{"line":72,"column":8},"end":{"line":72,"column":null}},"29":{"start":{"line":76,"column":10},"end":{"line":88,"column":null}},"30":{"start":{"line":79,"column":8},"end":{"line":79,"column":null}},"31":{"start":{"line":80,"column":8},"end":{"line":80,"column":null}},"32":{"start":{"line":81,"column":8},"end":{"line":81,"column":null}},"33":{"start":{"line":82,"column":8},"end":{"line":82,"column":null}},"34":{"start":{"line":85,"column":8},"end":{"line":85,"column":null}},"35":{"start":{"line":86,"column":8},"end":{"line":86,"column":null}},"36":{"start":{"line":90,"column":40},"end":{"line":146,"column":null}},"37":{"start":{"line":94,"column":28},"end":{"line":94,"column":null}},"38":{"start":{"line":94,"column":48},"end":{"line":94,"column":65}},"39":{"start":{"line":96,"column":12},"end":{"line":96,"column":null}},"40":{"start":{"line":97,"column":12},"end":{"line":97,"column":null}},"41":{"start":{"line":99,"column":12},"end":{"line":117,"column":null}},"42":{"start":{"line":103,"column":16},"end":{"line":103,"column":null}},"43":{"start":{"line":104,"column":16},"end":{"line":104,"column":null}},"44":{"start":{"line":105,"column":16},"end":{"line":105,"column":null}},"45":{"start":{"line":106,"column":16},"end":{"line":106,"column":null}},"46":{"start":{"line":109,"column":16},"end":{"line":114,"column":null}},"47":{"start":{"line":115,"column":16},"end":{"line":115,"column":null}},"48":{"start":{"line":119,"column":12},"end":{"line":137,"column":null}},"49":{"start":{"line":123,"column":16},"end":{"line":123,"column":null}},"50":{"start":{"line":124,"column":16},"end":{"line":124,"column":null}},"51":{"start":{"line":125,"column":16},"end":{"line":125,"column":null}},"52":{"start":{"line":126,"column":16},"end":{"line":126,"column":null}},"53":{"start":{"line":129,"column":16},"end":{"line":134,"column":null}},"54":{"start":{"line":135,"column":16},"end":{"line":135,"column":null}},"55":{"start":{"line":140,"column":12},"end":{"line":142,"column":null}},"56":{"start":{"line":143,"column":12},"end":{"line":143,"column":null}},"57":{"start":{"line":148,"column":4},"end":{"line":154,"column":null}},"58":{"start":{"line":149,"column":6},"end":{"line":149,"column":null}},"59":{"start":{"line":150,"column":6},"end":{"line":150,"column":null}},"60":{"start":{"line":151,"column":6},"end":{"line":151,"column":null}},"61":{"start":{"line":152,"column":6},"end":{"line":152,"column":null}},"62":{"start":{"line":153,"column":6},"end":{"line":153,"column":null}},"63":{"start":{"line":157,"column":2},"end":{"line":163,"column":null}}},"fnMap":{"0":{"name":"mergeBooks","decl":{"start":{"line":10,"column":9},"end":{"line":10,"column":20}},"loc":{"start":{"line":10,"column":45},"end":{"line":17,"column":null}},"line":10},"1":{"name":"(anonymous_1)","decl":{"start":{"line":12,"column":5},"end":{"line":12,"column":null}},"loc":{"start":{"line":14,"column":8},"end":{"line":14,"column":null}},"line":14},"2":{"name":"(anonymous_2)","decl":{"start":{"line":14,"column":14},"end":{"line":14,"column":25}},"loc":{"start":{"line":14,"column":39},"end":{"line":14,"column":63}},"line":14},"3":{"name":"(anonymous_3)","decl":{"start":{"line":16,"column":5},"end":{"line":16,"column":11}},"loc":{"start":{"line":16,"column":29},"end":{"line":16,"column":63}},"line":16},"4":{"name":"useBudgetBookSubscriptions","decl":{"start":{"line":19,"column":16},"end":{"line":19,"column":43}},"loc":{"start":{"line":19,"column":49},"end":{"line":164,"column":null}},"line":19},"5":{"name":"(anonymous_5)","decl":{"start":{"line":25,"column":2},"end":{"line":25,"column":18}},"loc":{"start":{"line":25,"column":18},"end":{"line":155,"column":5}},"line":25},"6":{"name":"(anonymous_6)","decl":{"start":{"line":34,"column":8},"end":{"line":34,"column":45}},"loc":{"start":{"line":34,"column":45},"end":{"line":34,"column":null}},"line":34},"7":{"name":"(anonymous_7)","decl":{"start":{"line":35,"column":8},"end":{"line":35,"column":47}},"loc":{"start":{"line":35,"column":47},"end":{"line":35,"column":null}},"line":35},"8":{"name":"finishLoading","decl":{"start":{"line":43,"column":13},"end":{"line":43,"column":29}},"loc":{"start":{"line":43,"column":29},"end":{"line":47,"column":null}},"line":43},"9":{"name":"updateActiveBooks","decl":{"start":{"line":49,"column":13},"end":{"line":49,"column":33}},"loc":{"start":{"line":49,"column":33},"end":{"line":51,"column":null}},"line":49},"10":{"name":"updateArchivedBooks","decl":{"start":{"line":53,"column":13},"end":{"line":53,"column":35}},"loc":{"start":{"line":53,"column":35},"end":{"line":55,"column":null}},"line":53},"11":{"name":"(anonymous_11)","decl":{"start":{"line":58,"column":11},"end":{"line":58,"column":null}},"loc":{"start":{"line":59,"column":17},"end":{"line":64,"column":null}},"line":59},"12":{"name":"(anonymous_12)","decl":{"start":{"line":64,"column":6},"end":{"line":64,"column":null}},"loc":{"start":{"line":65,"column":25},"end":{"line":73,"column":null}},"line":65},"13":{"name":"(anonymous_13)","decl":{"start":{"line":77,"column":11},"end":{"line":77,"column":null}},"loc":{"start":{"line":78,"column":17},"end":{"line":83,"column":null}},"line":78},"14":{"name":"(anonymous_14)","decl":{"start":{"line":83,"column":6},"end":{"line":83,"column":null}},"loc":{"start":{"line":84,"column":25},"end":{"line":87,"column":null}},"line":84},"15":{"name":"(anonymous_15)","decl":{"start":{"line":92,"column":15},"end":{"line":92,"column":null}},"loc":{"start":{"line":93,"column":21},"end":{"line":138,"column":null}},"line":93},"16":{"name":"(anonymous_16)","decl":{"start":{"line":94,"column":34},"end":{"line":94,"column":39}},"loc":{"start":{"line":94,"column":48},"end":{"line":94,"column":65}},"line":94},"17":{"name":"(anonymous_17)","decl":{"start":{"line":101,"column":14},"end":{"line":101,"column":null}},"loc":{"start":{"line":102,"column":25},"end":{"line":107,"column":null}},"line":102},"18":{"name":"(anonymous_18)","decl":{"start":{"line":107,"column":14},"end":{"line":107,"column":null}},"loc":{"start":{"line":108,"column":33},"end":{"line":116,"column":null}},"line":108},"19":{"name":"(anonymous_19)","decl":{"start":{"line":121,"column":14},"end":{"line":121,"column":null}},"loc":{"start":{"line":122,"column":25},"end":{"line":127,"column":null}},"line":122},"20":{"name":"(anonymous_20)","decl":{"start":{"line":127,"column":14},"end":{"line":127,"column":null}},"loc":{"start":{"line":128,"column":33},"end":{"line":136,"column":null}},"line":128},"21":{"name":"(anonymous_21)","decl":{"start":{"line":138,"column":10},"end":{"line":138,"column":null}},"loc":{"start":{"line":139,"column":29},"end":{"line":144,"column":null}},"line":139},"22":{"name":"(anonymous_22)","decl":{"start":{"line":148,"column":4},"end":{"line":148,"column":17}},"loc":{"start":{"line":148,"column":17},"end":{"line":154,"column":null}},"line":148}},"branchMap":{"0":{"loc":{"start":{"line":26,"column":4},"end":{"line":28,"column":null}},"type":"if","locations":[{"start":{"line":26,"column":4},"end":{"line":28,"column":null}},{"start":{},"end":{}}],"line":26},"1":{"loc":{"start":{"line":44,"column":6},"end":{"line":46,"column":null}},"type":"if","locations":[{"start":{"line":44,"column":6},"end":{"line":46,"column":null}},{"start":{},"end":{}}],"line":44},"2":{"loc":{"start":{"line":90,"column":40},"end":{"line":146,"column":null}},"type":"cond-expr","locations":[{"start":{"line":90,"column":45},"end":{"line":145,"column":null}},{"start":{"line":146,"column":8},"end":{"line":146,"column":null}}],"line":90},"3":{"loc":{"start":{"line":158,"column":19},"end":{"line":158,"column":null}},"type":"cond-expr","locations":[{"start":{"line":158,"column":26},"end":{"line":158,"column":42}},{"start":{"line":158,"column":42},"end":{"line":158,"column":null}}],"line":158},"4":{"loc":{"start":{"line":159,"column":17},"end":{"line":159,"column":null}},"type":"cond-expr","locations":[{"start":{"line":159,"column":24},"end":{"line":159,"column":38}},{"start":{"line":159,"column":38},"end":{"line":159,"column":null}}],"line":159},"5":{"loc":{"start":{"line":161,"column":13},"end":{"line":161,"column":null}},"type":"binary-expr","locations":[{"start":{"line":161,"column":13},"end":{"line":161,"column":30}},{"start":{"line":161,"column":30},"end":{"line":161,"column":null}}],"line":161}},"s":{"0":2,"1":1,"2":1,"3":0,"4":19,"5":19,"6":19,"7":19,"8":19,"9":12,"10":1,"11":11,"12":11,"13":11,"14":11,"15":11,"16":11,"17":11,"18":2,"19":1,"20":1,"21":1,"22":11,"23":1,"24":1,"25":1,"26":1,"27":1,"28":1,"29":11,"30":1,"31":1,"32":1,"33":1,"34":0,"35":0,"36":11,"37":0,"38":0,"39":0,"40":0,"41":0,"42":0,"43":0,"44":0,"45":0,"46":0,"47":0,"48":0,"49":0,"50":0,"51":0,"52":0,"53":0,"54":0,"55":0,"56":0,"57":12,"58":11,"59":11,"60":11,"61":11,"62":11,"63":19},"f":{"0":2,"1":1,"2":1,"3":0,"4":19,"5":12,"6":11,"7":11,"8":2,"9":1,"10":1,"11":1,"12":1,"13":1,"14":0,"15":0,"16":0,"17":0,"18":0,"19":0,"20":0,"21":0,"22":11},"b":{"0":[1,11],"1":[1,1],"2":[0,11],"3":[17,2],"4":[17,2],"5":[19,17]},"meta":{"lastBranch":6,"lastFunction":23,"lastStatement":64,"seen":{"f:10:9:10:20":0,"s:11:2:16:Infinity":0,"f:12:5:12:Infinity":1,"s:14:8:14:Infinity":1,"f:14:14:14:25":2,"s:14:39:14:63":2,"f:16:5:16:11":3,"s:16:29:16:63":3,"f:19:16:19:43":4,"s:20:22:20:Infinity":4,"s:21:24:21:Infinity":5,"s:22:18:22:Infinity":6,"s:23:16:23:Infinity":7,"s:25:2:155:Infinity":8,"f:25:2:25:18":5,"b:26:4:28:Infinity:undefined:undefined:undefined:undefined":0,"s:26:4:28:Infinity":9,"s:27:6:27:Infinity":10,"s:30:27:30:Infinity":11,"s:31:28:31:Infinity":12,"s:32:29:32:Infinity":13,"s:33:30:33:Infinity":14,"s:34:8:34:Infinity":15,"f:34:8:34:45":6,"s:35:8:35:Infinity":16,"f:35:8:35:47":7,"s:36:19:41:Infinity":17,"f:43:13:43:29":8,"b:44:6:46:Infinity:undefined:undefined:undefined:undefined":1,"s:44:6:46:Infinity":18,"s:45:8:45:Infinity":19,"f:49:13:49:33":9,"s:50:6:50:Infinity":20,"f:53:13:53:35":10,"s:54:6:54:Infinity":21,"s:57:10:74:Infinity":22,"f:58:11:58:Infinity":11,"s:60:8:60:Infinity":23,"s:61:8:61:Infinity":24,"s:62:8:62:Infinity":25,"s:63:8:63:Infinity":26,"f:64:6:64:Infinity":12,"s:66:8:71:Infinity":27,"s:72:8:72:Infinity":28,"s:76:10:88:Infinity":29,"f:77:11:77:Infinity":13,"s:79:8:79:Infinity":30,"s:80:8:80:Infinity":31,"s:81:8:81:Infinity":32,"s:82:8:82:Infinity":33,"f:83:6:83:Infinity":14,"s:85:8:85:Infinity":34,"s:86:8:86:Infinity":35,"s:90:40:146:Infinity":36,"b:90:45:145:Infinity:146:8:146:Infinity":2,"f:92:15:92:Infinity":15,"s:94:28:94:Infinity":37,"f:94:34:94:39":16,"s:94:48:94:65":38,"s:96:12:96:Infinity":39,"s:97:12:97:Infinity":40,"s:99:12:117:Infinity":41,"f:101:14:101:Infinity":17,"s:103:16:103:Infinity":42,"s:104:16:104:Infinity":43,"s:105:16:105:Infinity":44,"s:106:16:106:Infinity":45,"f:107:14:107:Infinity":18,"s:109:16:114:Infinity":46,"s:115:16:115:Infinity":47,"s:119:12:137:Infinity":48,"f:121:14:121:Infinity":19,"s:123:16:123:Infinity":49,"s:124:16:124:Infinity":50,"s:125:16:125:Infinity":51,"s:126:16:126:Infinity":52,"f:127:14:127:Infinity":20,"s:129:16:134:Infinity":53,"s:135:16:135:Infinity":54,"f:138:10:138:Infinity":21,"s:140:12:142:Infinity":55,"s:143:12:143:Infinity":56,"s:148:4:154:Infinity":57,"f:148:4:148:17":22,"s:149:6:149:Infinity":58,"s:150:6:150:Infinity":59,"s:151:6:151:Infinity":60,"s:152:6:152:Infinity":61,"s:153:6:153:Infinity":62,"s:157:2:163:Infinity":63,"b:158:26:158:42:158:42:158:Infinity":3,"b:159:24:159:38:159:38:159:Infinity":4,"b:161:13:161:30:161:30:161:Infinity":5}}}
,"C:\\ADJS\\huishoudboekje\\src\\hooks\\useBudgetBooks.js": {"path":"C:\\ADJS\\huishoudboekje\\src\\hooks\\useBudgetBooks.js","statementMap":{"0":{"start":{"line":12,"column":54},"end":{"line":13,"column":null}},"1":{"start":{"line":16,"column":4},"end":{"line":16,"column":null}},"2":{"start":{"line":18,"column":4},"end":{"line":22,"column":null}},"3":{"start":{"line":19,"column":22},"end":{"line":19,"column":null}},"4":{"start":{"line":20,"column":6},"end":{"line":20,"column":null}},"5":{"start":{"line":21,"column":6},"end":{"line":21,"column":null}},"6":{"start":{"line":24,"column":10},"end":{"line":24,"column":null}},"7":{"start":{"line":25,"column":4},"end":{"line":28,"column":null}},"8":{"start":{"line":26,"column":6},"end":{"line":26,"column":null}},"9":{"start":{"line":27,"column":6},"end":{"line":27,"column":null}},"10":{"start":{"line":30,"column":4},"end":{"line":49,"column":null}},"11":{"start":{"line":31,"column":6},"end":{"line":35,"column":null}},"12":{"start":{"line":32,"column":24},"end":{"line":32,"column":null}},"13":{"start":{"line":33,"column":8},"end":{"line":33,"column":null}},"14":{"start":{"line":34,"column":8},"end":{"line":34,"column":null}},"15":{"start":{"line":37,"column":6},"end":{"line":46,"column":null}},"16":{"start":{"line":38,"column":8},"end":{"line":38,"column":null}},"17":{"start":{"line":40,"column":14},"end":{"line":43,"column":null}},"18":{"start":{"line":44,"column":8},"end":{"line":44,"column":null}},"19":{"start":{"line":45,"column":8},"end":{"line":45,"column":null}},"20":{"start":{"line":48,"column":6},"end":{"line":48,"column":null}},"21":{"start":{"line":51,"column":4},"end":{"line":61,"column":null}},"22":{"start":{"line":52,"column":26},"end":{"line":52,"column":null}},"23":{"start":{"line":53,"column":6},"end":{"line":53,"column":null}},"24":{"start":{"line":55,"column":12},"end":{"line":58,"column":null}},"25":{"start":{"line":59,"column":6},"end":{"line":59,"column":null}},"26":{"start":{"line":60,"column":6},"end":{"line":60,"column":null}},"27":{"start":{"line":65,"column":4},"end":{"line":65,"column":null}},"28":{"start":{"line":67,"column":4},"end":{"line":70,"column":null}},"29":{"start":{"line":68,"column":6},"end":{"line":68,"column":null}},"30":{"start":{"line":69,"column":6},"end":{"line":69,"column":null}},"31":{"start":{"line":72,"column":4},"end":{"line":78,"column":null}},"32":{"start":{"line":73,"column":6},"end":{"line":73,"column":null}},"33":{"start":{"line":75,"column":6},"end":{"line":77,"column":null}},"34":{"start":{"line":82,"column":4},"end":{"line":82,"column":null}},"35":{"start":{"line":84,"column":4},"end":{"line":87,"column":null}},"36":{"start":{"line":85,"column":6},"end":{"line":85,"column":null}},"37":{"start":{"line":86,"column":6},"end":{"line":86,"column":null}},"38":{"start":{"line":89,"column":4},"end":{"line":95,"column":null}},"39":{"start":{"line":90,"column":6},"end":{"line":90,"column":null}},"40":{"start":{"line":92,"column":6},"end":{"line":94,"column":null}},"41":{"start":{"line":99,"column":4},"end":{"line":99,"column":null}},"42":{"start":{"line":101,"column":4},"end":{"line":105,"column":null}},"43":{"start":{"line":102,"column":22},"end":{"line":102,"column":null}},"44":{"start":{"line":103,"column":6},"end":{"line":103,"column":null}},"45":{"start":{"line":104,"column":6},"end":{"line":104,"column":null}},"46":{"start":{"line":107,"column":4},"end":{"line":111,"column":null}},"47":{"start":{"line":108,"column":22},"end":{"line":108,"column":null}},"48":{"start":{"line":109,"column":6},"end":{"line":109,"column":null}},"49":{"start":{"line":110,"column":6},"end":{"line":110,"column":null}},"50":{"start":{"line":113,"column":4},"end":{"line":122,"column":null}},"51":{"start":{"line":114,"column":6},"end":{"line":114,"column":null}},"52":{"start":{"line":116,"column":12},"end":{"line":119,"column":null}},"53":{"start":{"line":120,"column":6},"end":{"line":120,"column":null}},"54":{"start":{"line":121,"column":6},"end":{"line":121,"column":null}},"55":{"start":{"line":125,"column":2},"end":{"line":134,"column":null}}},"fnMap":{"0":{"name":"useBudgetBooks","decl":{"start":{"line":11,"column":16},"end":{"line":11,"column":31}},"loc":{"start":{"line":11,"column":37},"end":{"line":135,"column":null}},"line":11},"1":{"name":"saveBudgetBook","decl":{"start":{"line":15,"column":17},"end":{"line":15,"column":32}},"loc":{"start":{"line":15,"column":54},"end":{"line":62,"column":null}},"line":15},"2":{"name":"archiveBook","decl":{"start":{"line":64,"column":17},"end":{"line":64,"column":29}},"loc":{"start":{"line":64,"column":35},"end":{"line":79,"column":null}},"line":64},"3":{"name":"restoreBook","decl":{"start":{"line":81,"column":17},"end":{"line":81,"column":29}},"loc":{"start":{"line":81,"column":35},"end":{"line":96,"column":null}},"line":81},"4":{"name":"addParticipant","decl":{"start":{"line":98,"column":17},"end":{"line":98,"column":32}},"loc":{"start":{"line":98,"column":45},"end":{"line":123,"column":null}},"line":98}},"branchMap":{"0":{"loc":{"start":{"line":18,"column":4},"end":{"line":22,"column":null}},"type":"if","locations":[{"start":{"line":18,"column":4},"end":{"line":22,"column":null}},{"start":{},"end":{}}],"line":18},"1":{"loc":{"start":{"line":25,"column":4},"end":{"line":28,"column":null}},"type":"if","locations":[{"start":{"line":25,"column":4},"end":{"line":28,"column":null}},{"start":{},"end":{}}],"line":25},"2":{"loc":{"start":{"line":30,"column":4},"end":{"line":49,"column":null}},"type":"if","locations":[{"start":{"line":30,"column":4},"end":{"line":49,"column":null}},{"start":{},"end":{}}],"line":30},"3":{"loc":{"start":{"line":31,"column":6},"end":{"line":35,"column":null}},"type":"if","locations":[{"start":{"line":31,"column":6},"end":{"line":35,"column":null}},{"start":{},"end":{}}],"line":31},"4":{"loc":{"start":{"line":67,"column":4},"end":{"line":70,"column":null}},"type":"if","locations":[{"start":{"line":67,"column":4},"end":{"line":70,"column":null}},{"start":{},"end":{}}],"line":67},"5":{"loc":{"start":{"line":67,"column":8},"end":{"line":67,"column":44}},"type":"binary-expr","locations":[{"start":{"line":67,"column":8},"end":{"line":67,"column":17}},{"start":{"line":67,"column":17},"end":{"line":67,"column":44}}],"line":67},"6":{"loc":{"start":{"line":84,"column":4},"end":{"line":87,"column":null}},"type":"if","locations":[{"start":{"line":84,"column":4},"end":{"line":87,"column":null}},{"start":{},"end":{}}],"line":84},"7":{"loc":{"start":{"line":84,"column":8},"end":{"line":84,"column":44}},"type":"binary-expr","locations":[{"start":{"line":84,"column":8},"end":{"line":84,"column":17}},{"start":{"line":84,"column":17},"end":{"line":84,"column":44}}],"line":84},"8":{"loc":{"start":{"line":101,"column":4},"end":{"line":105,"column":null}},"type":"if","locations":[{"start":{"line":101,"column":4},"end":{"line":105,"column":null}},{"start":{},"end":{}}],"line":101},"9":{"loc":{"start":{"line":101,"column":8},"end":{"line":101,"column":44}},"type":"binary-expr","locations":[{"start":{"line":101,"column":8},"end":{"line":101,"column":17}},{"start":{"line":101,"column":17},"end":{"line":101,"column":44}}],"line":101},"10":{"loc":{"start":{"line":107,"column":4},"end":{"line":111,"column":null}},"type":"if","locations":[{"start":{"line":107,"column":4},"end":{"line":111,"column":null}},{"start":{},"end":{}}],"line":107},"11":{"loc":{"start":{"line":126,"column":17},"end":{"line":126,"column":null}},"type":"cond-expr","locations":[{"start":{"line":126,"column":24},"end":{"line":126,"column":38}},{"start":{"line":126,"column":38},"end":{"line":126,"column":null}}],"line":126},"12":{"loc":{"start":{"line":127,"column":19},"end":{"line":127,"column":null}},"type":"cond-expr","locations":[{"start":{"line":127,"column":26},"end":{"line":127,"column":42}},{"start":{"line":127,"column":42},"end":{"line":127,"column":null}}],"line":127},"13":{"loc":{"start":{"line":128,"column":13},"end":{"line":128,"column":null}},"type":"binary-expr","locations":[{"start":{"line":128,"column":13},"end":{"line":128,"column":30}},{"start":{"line":128,"column":30},"end":{"line":128,"column":null}}],"line":128}},"s":{"0":19,"1":6,"2":6,"3":1,"4":1,"5":1,"6":5,"7":5,"8":0,"9":0,"10":5,"11":3,"12":1,"13":1,"14":1,"15":2,"16":2,"17":1,"18":1,"19":1,"20":1,"21":2,"22":2,"23":1,"24":1,"25":1,"26":1,"27":3,"28":3,"29":1,"30":1,"31":2,"32":2,"33":1,"34":1,"35":1,"36":0,"37":0,"38":1,"39":1,"40":0,"41":1,"42":1,"43":0,"44":0,"45":0,"46":1,"47":0,"48":0,"49":0,"50":1,"51":1,"52":0,"53":0,"54":0,"55":19},"f":{"0":19,"1":6,"2":3,"3":1,"4":1},"b":{"0":[1,5],"1":[0,5],"2":[3,2],"3":[1,2],"4":[1,2],"5":[3,3],"6":[0,1],"7":[1,1],"8":[0,1],"9":[1,1],"10":[0,1],"11":[17,2],"12":[17,2],"13":[19,17]},"meta":{"lastBranch":14,"lastFunction":5,"lastStatement":56,"seen":{"f:11:16:11:31":0,"s:12:54:13:Infinity":0,"f:15:17:15:32":1,"s:16:4:16:Infinity":1,"b:18:4:22:Infinity:undefined:undefined:undefined:undefined":0,"s:18:4:22:Infinity":2,"s:19:22:19:Infinity":3,"s:20:6:20:Infinity":4,"s:21:6:21:Infinity":5,"s:24:10:24:Infinity":6,"b:25:4:28:Infinity:undefined:undefined:undefined:undefined":1,"s:25:4:28:Infinity":7,"s:26:6:26:Infinity":8,"s:27:6:27:Infinity":9,"b:30:4:49:Infinity:undefined:undefined:undefined:undefined":2,"s:30:4:49:Infinity":10,"b:31:6:35:Infinity:undefined:undefined:undefined:undefined":3,"s:31:6:35:Infinity":11,"s:32:24:32:Infinity":12,"s:33:8:33:Infinity":13,"s:34:8:34:Infinity":14,"s:37:6:46:Infinity":15,"s:38:8:38:Infinity":16,"s:40:14:43:Infinity":17,"s:44:8:44:Infinity":18,"s:45:8:45:Infinity":19,"s:48:6:48:Infinity":20,"s:51:4:61:Infinity":21,"s:52:26:52:Infinity":22,"s:53:6:53:Infinity":23,"s:55:12:58:Infinity":24,"s:59:6:59:Infinity":25,"s:60:6:60:Infinity":26,"f:64:17:64:29":2,"s:65:4:65:Infinity":27,"b:67:4:70:Infinity:undefined:undefined:undefined:undefined":4,"s:67:4:70:Infinity":28,"b:67:8:67:17:67:17:67:44":5,"s:68:6:68:Infinity":29,"s:69:6:69:Infinity":30,"s:72:4:78:Infinity":31,"s:73:6:73:Infinity":32,"s:75:6:77:Infinity":33,"f:81:17:81:29":3,"s:82:4:82:Infinity":34,"b:84:4:87:Infinity:undefined:undefined:undefined:undefined":6,"s:84:4:87:Infinity":35,"b:84:8:84:17:84:17:84:44":7,"s:85:6:85:Infinity":36,"s:86:6:86:Infinity":37,"s:89:4:95:Infinity":38,"s:90:6:90:Infinity":39,"s:92:6:94:Infinity":40,"f:98:17:98:32":4,"s:99:4:99:Infinity":41,"b:101:4:105:Infinity:undefined:undefined:undefined:undefined":8,"s:101:4:105:Infinity":42,"b:101:8:101:17:101:17:101:44":9,"s:102:22:102:Infinity":43,"s:103:6:103:Infinity":44,"s:104:6:104:Infinity":45,"b:107:4:111:Infinity:undefined:undefined:undefined:undefined":10,"s:107:4:111:Infinity":46,"s:108:22:108:Infinity":47,"s:109:6:109:Infinity":48,"s:110:6:110:Infinity":49,"s:113:4:122:Infinity":50,"s:114:6:114:Infinity":51,"s:116:12:119:Infinity":52,"s:120:6:120:Infinity":53,"s:121:6:121:Infinity":54,"s:125:2:134:Infinity":55,"b:126:24:126:38:126:38:126:Infinity":11,"b:127:26:127:42:127:42:127:Infinity":12,"b:128:13:128:30:128:30:128:Infinity":13}}}
,"C:\\ADJS\\huishoudboekje\\src\\hooks\\useExpenses.js": {"path":"C:\\ADJS\\huishoudboekje\\src\\hooks\\useExpenses.js","statementMap":{"0":{"start":{"line":12,"column":19},"end":{"line":12,"column":null}},"1":{"start":{"line":13,"column":18},"end":{"line":13,"column":null}},"2":{"start":{"line":14,"column":16},"end":{"line":14,"column":null}},"3":{"start":{"line":16,"column":2},"end":{"line":32,"column":null}},"4":{"start":{"line":17,"column":4},"end":{"line":19,"column":null}},"5":{"start":{"line":18,"column":6},"end":{"line":18,"column":null}},"6":{"start":{"line":21,"column":4},"end":{"line":31,"column":null}},"7":{"start":{"line":24,"column":8},"end":{"line":24,"column":null}},"8":{"start":{"line":25,"column":8},"end":{"line":25,"column":null}},"9":{"start":{"line":28,"column":8},"end":{"line":28,"column":null}},"10":{"start":{"line":29,"column":8},"end":{"line":29,"column":null}},"11":{"start":{"line":35,"column":4},"end":{"line":35,"column":null}},"12":{"start":{"line":37,"column":4},"end":{"line":41,"column":null}},"13":{"start":{"line":38,"column":22},"end":{"line":38,"column":null}},"14":{"start":{"line":39,"column":6},"end":{"line":39,"column":null}},"15":{"start":{"line":40,"column":6},"end":{"line":40,"column":null}},"16":{"start":{"line":43,"column":10},"end":{"line":43,"column":null}},"17":{"start":{"line":44,"column":4},"end":{"line":47,"column":null}},"18":{"start":{"line":45,"column":6},"end":{"line":45,"column":null}},"19":{"start":{"line":46,"column":6},"end":{"line":46,"column":null}},"20":{"start":{"line":49,"column":4},"end":{"line":58,"column":null}},"21":{"start":{"line":50,"column":6},"end":{"line":50,"column":null}},"22":{"start":{"line":52,"column":12},"end":{"line":55,"column":null}},"23":{"start":{"line":56,"column":6},"end":{"line":56,"column":null}},"24":{"start":{"line":57,"column":6},"end":{"line":57,"column":null}},"25":{"start":{"line":62,"column":4},"end":{"line":62,"column":null}},"26":{"start":{"line":64,"column":4},"end":{"line":68,"column":null}},"27":{"start":{"line":65,"column":22},"end":{"line":65,"column":null}},"28":{"start":{"line":66,"column":6},"end":{"line":66,"column":null}},"29":{"start":{"line":67,"column":6},"end":{"line":67,"column":null}},"30":{"start":{"line":70,"column":4},"end":{"line":76,"column":null}},"31":{"start":{"line":71,"column":6},"end":{"line":71,"column":null}},"32":{"start":{"line":73,"column":6},"end":{"line":75,"column":null}},"33":{"start":{"line":80,"column":4},"end":{"line":80,"column":null}},"34":{"start":{"line":82,"column":4},"end":{"line":85,"column":null}},"35":{"start":{"line":83,"column":6},"end":{"line":83,"column":null}},"36":{"start":{"line":84,"column":6},"end":{"line":84,"column":null}},"37":{"start":{"line":87,"column":4},"end":{"line":90,"column":null}},"38":{"start":{"line":88,"column":6},"end":{"line":88,"column":null}},"39":{"start":{"line":89,"column":6},"end":{"line":89,"column":null}},"40":{"start":{"line":92,"column":4},"end":{"line":98,"column":null}},"41":{"start":{"line":93,"column":6},"end":{"line":93,"column":null}},"42":{"start":{"line":95,"column":6},"end":{"line":97,"column":null}},"43":{"start":{"line":101,"column":2},"end":{"line":108,"column":null}}},"fnMap":{"0":{"name":"useExpenses","decl":{"start":{"line":11,"column":16},"end":{"line":11,"column":28}},"loc":{"start":{"line":11,"column":40},"end":{"line":109,"column":null}},"line":11},"1":{"name":"(anonymous_1)","decl":{"start":{"line":16,"column":2},"end":{"line":16,"column":18}},"loc":{"start":{"line":16,"column":18},"end":{"line":32,"column":5}},"line":16},"2":{"name":"(anonymous_2)","decl":{"start":{"line":22,"column":11},"end":{"line":22,"column":null}},"loc":{"start":{"line":23,"column":24},"end":{"line":26,"column":null}},"line":23},"3":{"name":"(anonymous_3)","decl":{"start":{"line":26,"column":6},"end":{"line":26,"column":null}},"loc":{"start":{"line":27,"column":25},"end":{"line":30,"column":null}},"line":27},"4":{"name":"addExpense","decl":{"start":{"line":34,"column":17},"end":{"line":34,"column":28}},"loc":{"start":{"line":34,"column":36},"end":{"line":59,"column":null}},"line":34},"5":{"name":"removeExpense","decl":{"start":{"line":61,"column":17},"end":{"line":61,"column":31}},"loc":{"start":{"line":61,"column":40},"end":{"line":77,"column":null}},"line":61},"6":{"name":"changeExpenseCategory","decl":{"start":{"line":79,"column":17},"end":{"line":79,"column":39}},"loc":{"start":{"line":79,"column":58},"end":{"line":99,"column":null}},"line":79}},"branchMap":{"0":{"loc":{"start":{"line":13,"column":49},"end":{"line":13,"column":61}},"type":"binary-expr","locations":[{"start":{"line":13,"column":49},"end":{"line":13,"column":57}},{"start":{"line":13,"column":57},"end":{"line":13,"column":61}}],"line":13},"1":{"loc":{"start":{"line":17,"column":4},"end":{"line":19,"column":null}},"type":"if","locations":[{"start":{"line":17,"column":4},"end":{"line":19,"column":null}},{"start":{},"end":{}}],"line":17},"2":{"loc":{"start":{"line":17,"column":8},"end":{"line":17,"column":24}},"type":"binary-expr","locations":[{"start":{"line":17,"column":8},"end":{"line":17,"column":17}},{"start":{"line":17,"column":17},"end":{"line":17,"column":24}}],"line":17},"3":{"loc":{"start":{"line":37,"column":4},"end":{"line":41,"column":null}},"type":"if","locations":[{"start":{"line":37,"column":4},"end":{"line":41,"column":null}},{"start":{},"end":{}}],"line":37},"4":{"loc":{"start":{"line":37,"column":8},"end":{"line":37,"column":24}},"type":"binary-expr","locations":[{"start":{"line":37,"column":8},"end":{"line":37,"column":17}},{"start":{"line":37,"column":17},"end":{"line":37,"column":24}}],"line":37},"5":{"loc":{"start":{"line":44,"column":4},"end":{"line":47,"column":null}},"type":"if","locations":[{"start":{"line":44,"column":4},"end":{"line":47,"column":null}},{"start":{},"end":{}}],"line":44},"6":{"loc":{"start":{"line":64,"column":4},"end":{"line":68,"column":null}},"type":"if","locations":[{"start":{"line":64,"column":4},"end":{"line":68,"column":null}},{"start":{},"end":{}}],"line":64},"7":{"loc":{"start":{"line":64,"column":8},"end":{"line":64,"column":47}},"type":"binary-expr","locations":[{"start":{"line":64,"column":8},"end":{"line":64,"column":17}},{"start":{"line":64,"column":17},"end":{"line":64,"column":47}}],"line":64},"8":{"loc":{"start":{"line":82,"column":4},"end":{"line":85,"column":null}},"type":"if","locations":[{"start":{"line":82,"column":4},"end":{"line":85,"column":null}},{"start":{},"end":{}}],"line":82},"9":{"loc":{"start":{"line":82,"column":8},"end":{"line":82,"column":47}},"type":"binary-expr","locations":[{"start":{"line":82,"column":8},"end":{"line":82,"column":17}},{"start":{"line":82,"column":17},"end":{"line":82,"column":47}}],"line":82},"10":{"loc":{"start":{"line":87,"column":4},"end":{"line":90,"column":null}},"type":"if","locations":[{"start":{"line":87,"column":4},"end":{"line":90,"column":null}},{"start":{},"end":{}}],"line":87},"11":{"loc":{"start":{"line":102,"column":14},"end":{"line":102,"column":null}},"type":"cond-expr","locations":[{"start":{"line":102,"column":29},"end":{"line":102,"column":40}},{"start":{"line":102,"column":40},"end":{"line":102,"column":null}}],"line":102},"12":{"loc":{"start":{"line":102,"column":14},"end":{"line":102,"column":29}},"type":"binary-expr","locations":[{"start":{"line":102,"column":14},"end":{"line":102,"column":22}},{"start":{"line":102,"column":22},"end":{"line":102,"column":29}}],"line":102},"13":{"loc":{"start":{"line":103,"column":13},"end":{"line":103,"column":null}},"type":"binary-expr","locations":[{"start":{"line":103,"column":13},"end":{"line":103,"column":38}},{"start":{"line":103,"column":38},"end":{"line":103,"column":null}}],"line":103},"14":{"loc":{"start":{"line":103,"column":21},"end":{"line":103,"column":33}},"type":"binary-expr","locations":[{"start":{"line":103,"column":21},"end":{"line":103,"column":29}},{"start":{"line":103,"column":29},"end":{"line":103,"column":33}}],"line":103}},"s":{"0":15,"1":15,"2":15,"3":15,"4":9,"5":1,"6":8,"7":1,"8":1,"9":1,"10":1,"11":4,"12":4,"13":1,"14":1,"15":1,"16":3,"17":3,"18":1,"19":1,"20":2,"21":2,"22":1,"23":1,"24":1,"25":3,"26":3,"27":1,"28":1,"29":1,"30":2,"31":2,"32":1,"33":1,"34":1,"35":0,"36":0,"37":1,"38":0,"39":0,"40":1,"41":1,"42":0,"43":15},"f":{"0":15,"1":9,"2":1,"3":1,"4":4,"5":3,"6":1},"b":{"0":[15,13],"1":[1,8],"2":[9,8],"3":[1,3],"4":[4,3],"5":[1,2],"6":[1,2],"7":[3,3],"8":[0,1],"9":[1,1],"10":[0,1],"11":[13,2],"12":[15,13],"13":[15,13],"14":[15,13]},"meta":{"lastBranch":15,"lastFunction":7,"lastStatement":44,"seen":{"f:11:16:11:28":0,"s:12:19:12:Infinity":0,"s:13:18:13:Infinity":1,"b:13:49:13:57:13:57:13:61":0,"s:14:16:14:Infinity":2,"s:16:2:32:Infinity":3,"f:16:2:16:18":1,"b:17:4:19:Infinity:undefined:undefined:undefined:undefined":1,"s:17:4:19:Infinity":4,"b:17:8:17:17:17:17:17:24":2,"s:18:6:18:Infinity":5,"s:21:4:31:Infinity":6,"f:22:11:22:Infinity":2,"s:24:8:24:Infinity":7,"s:25:8:25:Infinity":8,"f:26:6:26:Infinity":3,"s:28:8:28:Infinity":9,"s:29:8:29:Infinity":10,"f:34:17:34:28":4,"s:35:4:35:Infinity":11,"b:37:4:41:Infinity:undefined:undefined:undefined:undefined":3,"s:37:4:41:Infinity":12,"b:37:8:37:17:37:17:37:24":4,"s:38:22:38:Infinity":13,"s:39:6:39:Infinity":14,"s:40:6:40:Infinity":15,"s:43:10:43:Infinity":16,"b:44:4:47:Infinity:undefined:undefined:undefined:undefined":5,"s:44:4:47:Infinity":17,"s:45:6:45:Infinity":18,"s:46:6:46:Infinity":19,"s:49:4:58:Infinity":20,"s:50:6:50:Infinity":21,"s:52:12:55:Infinity":22,"s:56:6:56:Infinity":23,"s:57:6:57:Infinity":24,"f:61:17:61:31":5,"s:62:4:62:Infinity":25,"b:64:4:68:Infinity:undefined:undefined:undefined:undefined":6,"s:64:4:68:Infinity":26,"b:64:8:64:17:64:17:64:47":7,"s:65:22:65:Infinity":27,"s:66:6:66:Infinity":28,"s:67:6:67:Infinity":29,"s:70:4:76:Infinity":30,"s:71:6:71:Infinity":31,"s:73:6:75:Infinity":32,"f:79:17:79:39":6,"s:80:4:80:Infinity":33,"b:82:4:85:Infinity:undefined:undefined:undefined:undefined":8,"s:82:4:85:Infinity":34,"b:82:8:82:17:82:17:82:47":9,"s:83:6:83:Infinity":35,"s:84:6:84:Infinity":36,"b:87:4:90:Infinity:undefined:undefined:undefined:undefined":10,"s:87:4:90:Infinity":37,"s:88:6:88:Infinity":38,"s:89:6:89:Infinity":39,"s:92:4:98:Infinity":40,"s:93:6:93:Infinity":41,"s:95:6:97:Infinity":42,"s:101:2:108:Infinity":43,"b:102:29:102:40:102:40:102:Infinity":11,"b:102:14:102:22:102:22:102:29":12,"b:103:13:103:38:103:38:103:Infinity":13,"b:103:21:103:29:103:29:103:33":14}}}
,"C:\\ADJS\\huishoudboekje\\src\\hooks\\useParticipants.js": {"path":"C:\\ADJS\\huishoudboekje\\src\\hooks\\useParticipants.js","statementMap":{"0":{"start":{"line":6,"column":23},"end":{"line":6,"column":null}},"1":{"start":{"line":7,"column":16},"end":{"line":7,"column":null}},"2":{"start":{"line":9,"column":2},"end":{"line":21,"column":null}},"3":{"start":{"line":10,"column":4},"end":{"line":12,"column":null}},"4":{"start":{"line":11,"column":6},"end":{"line":11,"column":null}},"5":{"start":{"line":14,"column":4},"end":{"line":20,"column":null}},"6":{"start":{"line":18,"column":8},"end":{"line":18,"column":null}},"7":{"start":{"line":23,"column":2},"end":{"line":26,"column":null}}},"fnMap":{"0":{"name":"useParticipants","decl":{"start":{"line":5,"column":16},"end":{"line":5,"column":32}},"loc":{"start":{"line":5,"column":44},"end":{"line":27,"column":null}},"line":5},"1":{"name":"(anonymous_1)","decl":{"start":{"line":9,"column":2},"end":{"line":9,"column":18}},"loc":{"start":{"line":9,"column":18},"end":{"line":21,"column":5}},"line":9},"2":{"name":"(anonymous_2)","decl":{"start":{"line":16,"column":6},"end":{"line":16,"column":null}},"loc":{"start":{"line":17,"column":25},"end":{"line":19,"column":null}},"line":17}},"branchMap":{"0":{"loc":{"start":{"line":10,"column":4},"end":{"line":12,"column":null}},"type":"if","locations":[{"start":{"line":10,"column":4},"end":{"line":12,"column":null}},{"start":{},"end":{}}],"line":10},"1":{"loc":{"start":{"line":10,"column":8},"end":{"line":10,"column":53}},"type":"binary-expr","locations":[{"start":{"line":10,"column":8},"end":{"line":10,"column":17}},{"start":{"line":10,"column":17},"end":{"line":10,"column":26}},{"start":{"line":10,"column":26},"end":{"line":10,"column":53}}],"line":10}},"s":{"0":5,"1":5,"2":5,"3":3,"4":1,"5":2,"6":1,"7":5},"f":{"0":5,"1":3,"2":1},"b":{"0":[1,2],"1":[3,3,3]},"meta":{"lastBranch":2,"lastFunction":3,"lastStatement":8,"seen":{"f:5:16:5:32":0,"s:6:23:6:Infinity":0,"s:7:16:7:Infinity":1,"s:9:2:21:Infinity":2,"f:9:2:9:18":1,"b:10:4:12:Infinity:undefined:undefined:undefined:undefined":0,"s:10:4:12:Infinity":3,"b:10:8:10:17:10:17:10:26:10:26:10:53":1,"s:11:6:11:Infinity":4,"s:14:4:20:Infinity":5,"f:16:6:16:Infinity":2,"s:18:8:18:Infinity":6,"s:23:2:26:Infinity":7}}}
,"C:\\ADJS\\huishoudboekje\\src\\pages\\BookDetailPage.jsx": {"path":"C:\\ADJS\\huishoudboekje\\src\\pages\\BookDetailPage.jsx","statementMap":{"0":{"start":{"line":14,"column":25},"end":{"line":14,"column":null}},"1":{"start":{"line":21,"column":4},"end":{"line":22,"column":null}},"2":{"start":{"line":23,"column":18},"end":{"line":23,"column":null}},"3":{"start":{"line":24,"column":28},"end":{"line":24,"column":null}},"4":{"start":{"line":25,"column":36},"end":{"line":25,"column":null}},"5":{"start":{"line":27,"column":8},"end":{"line":33,"column":null}},"6":{"start":{"line":28,"column":4},"end":{"line":30,"column":null}},"7":{"start":{"line":29,"column":6},"end":{"line":29,"column":null}},"8":{"start":{"line":32,"column":4},"end":{"line":32,"column":null}},"9":{"start":{"line":32,"column":40},"end":{"line":32,"column":75}},"10":{"start":{"line":35,"column":2},"end":{"line":41,"column":null}},"11":{"start":{"line":36,"column":4},"end":{"line":39,"column":null}},"12":{"start":{"line":43,"column":2},"end":{"line":59,"column":null}},"13":{"start":{"line":44,"column":4},"end":{"line":57,"column":null}},"14":{"start":{"line":61,"column":2},"end":{"line":121,"column":null}},"15":{"start":{"line":102,"column":33},"end":{"line":102,"column":null}},"16":{"start":{"line":106,"column":14},"end":{"line":106,"column":null}}},"fnMap":{"0":{"name":"BookDetailPage","decl":{"start":{"line":13,"column":16},"end":{"line":13,"column":31}},"loc":{"start":{"line":13,"column":65},"end":{"line":123,"column":null}},"line":13},"1":{"name":"(anonymous_1)","decl":{"start":{"line":27,"column":27},"end":{"line":27,"column":41}},"loc":{"start":{"line":27,"column":41},"end":{"line":33,"column":5}},"line":27},"2":{"name":"(anonymous_2)","decl":{"start":{"line":32,"column":20},"end":{"line":32,"column":28}},"loc":{"start":{"line":32,"column":40},"end":{"line":32,"column":75}},"line":32},"3":{"name":"(anonymous_3)","decl":{"start":{"line":102,"column":12},"end":{"line":102,"column":23}},"loc":{"start":{"line":102,"column":33},"end":{"line":102,"column":null}},"line":102},"4":{"name":"(anonymous_4)","decl":{"start":{"line":105,"column":31},"end":{"line":105,"column":36}},"loc":{"start":{"line":106,"column":14},"end":{"line":106,"column":null}},"line":106}},"branchMap":{"0":{"loc":{"start":{"line":22,"column":18},"end":{"line":22,"column":48}},"type":"cond-expr","locations":[{"start":{"line":22,"column":35},"end":{"line":22,"column":42}},{"start":{"line":22,"column":42},"end":{"line":22,"column":48}}],"line":22},"1":{"loc":{"start":{"line":24,"column":28},"end":{"line":24,"column":null}},"type":"binary-expr","locations":[{"start":{"line":24,"column":28},"end":{"line":24,"column":39}},{"start":{"line":24,"column":39},"end":{"
[...]
,"C:\\ADJS\\huishoudboekje\\src\\services\\expenseService.js": {"path":"C:\\ADJS\\huishoudboekje\\src\\services\\expenseService.js","statementMap":{"0":{"start":{"line":14,"column":6},"end":{"line":14,"column":null}},"1":{"start":{"line":17,"column":15},"end":{"line":17,"column":null}},"2":{"start":{"line":19,"column":2},"end":{"line":29,"column":null}},"3":{"start":{"line":33,"column":8},"end":{"line":36,"column":null}},"4":{"start":{"line":38,"column":2},"end":{"line":47,"column":null}},"5":{"start":{"line":41,"column":6},"end":{"line":45,"column":null}},"6":{"start":{"line":44,"column":35},"end":{"line":44,"column":72}},"7":{"start":{"line":51,"column":2},"end":{"line":60,"column":null}},"8":{"start":{"line":64,"column":2},"end":{"line":64,"column":null}},"9":{"start":{"line":68,"column":2},"end":{"line":70,"column":null}}},"fnMap":{"0":{"name":"mapExpense","decl":{"start":{"line":16,"column":9},"end":{"line":16,"column":20}},"loc":{"start":{"line":16,"column":38},"end":{"line":30,"column":null}},"line":16},"1":{"name":"subscribeToExpenses","decl":{"start":{"line":32,"column":16},"end":{"line":32,"column":36}},"loc":{"start":{"line":32,"column":63},"end":{"line":48,"column":null}},"line":32},"2":{"name":"(anonymous_2)","decl":{"start":{"line":39,"column":4},"end":{"line":39,"column":null}},"loc":{"start":{"line":41,"column":6},"end":{"line":45,"column":null}},"line":41},"3":{"name":"(anonymous_3)","decl":{"start":{"line":44,"column":11},"end":{"line":44,"column":17}},"loc":{"start":{"line":44,"column":35},"end":{"line":44,"column":72}},"line":44},"4":{"name":"createExpense","decl":{"start":{"line":50,"column":16},"end":{"line":50,"column":30}},"loc":{"start":{"line":50,"column":53},"end":{"line":61,"column":null}},"line":50},"5":{"name":"deleteExpense","decl":{"start":{"line":63,"column":16},"end":{"line":63,"column":30}},"loc":{"start":{"line":63,"column":39},"end":{"line":65,"column":null}},"line":63},"6":{"name":"updateExpenseCategory","decl":{"start":{"line":67,"column":16},"end":{"line":67,"column":38}},"loc":{"start":{"line":67,"column":57},"end":{"line":71,"column":null}},"line":67}},"branchMap":{"0":{"loc":{"start":{"line":27,"column":10},"end":{"line":27,"column":null}},"type":"binary-expr","locations":[{"start":{"line":27,"column":10},"end":{"line":27,"column":23}},{"start":{"line":27,"column":23},"end":{"line":27,"column":null}}],"line":27},"1":{"loc":{"start":{"line":28,"column":15},"end":{"line":28,"column":null}},"type":"binary-expr","locations":[{"start":{"line":28,"column":15},"end":{"line":28,"column":45}},{"start":{"line":28,"column":45},"end":{"line":28,"column":null}}],"line":28}},"s":{"0":1,"1":2,"2":2,"3":1,"4":1,"5":1,"6":1,"7":1,"8":1,"9":1},"f":{"0":2,"1":1,"2":1,"3":1,"4":1,"5":1,"6":1},"b":{"0":[2,1],"1":[2,1]},"meta":{"lastBranch":2,"lastFunction":7,"lastStatement":10,"seen":{"s:14:6:14:Infinity":0,"f:16:9:16:20":0,"s:17:15:17:Infinity":1,"s:19:2:29:Infinity":2,"b:27:10:27:23:27:23:27:Infinity":0,"b:28:15:28:45:28:45:28:Infinity":1,"f:32:16:32:36":1,"s:33:8:36:Infinity":3,"s:38:2:47:Infinity":4,"f:39:4:39:Infinity":2,"s:41:6:45:Infinity":5,"f:44:11:44:17":3,"s:44:35:44:72":6,"f:50:16:50:30":4,"s:51:2:60:Infinity":7,"f:63:16:63:30":5,"s:64:2:64:Infinity":8,"f:67:16:67:38":6,"s:68:2:70:Infinity":9}}}
,"C:\\ADJS\\huishoudboekje\\src\\services\\participantService.js": {"path":"C:\\ADJS\\huishoudboekje\\src\\services\\participantService.js","statementMap":{"0":{"start":{"line":14,"column":2},"end":{"line":14,"column":null}},"1":{"start":{"line":18,"column":15},"end":{"line":18,"column":null}},"2":{"start":{"line":20,"column":2},"end":{"line":24,"column":null}},"3":{"start":{"line":28,"column":8},"end":{"line":31,"column":null}},"4":{"start":{"line":33,"column":2},"end":{"line":37,"column":null}},"5":{"start":{"line":35,"column":18},"end":{"line":35,"column":null}},"6":{"start":{"line":41,"column":2},"end":{"line":45,"column":null}},"7":{"start":{"line":43,"column":18},"end":{"line":43,"column":null}},"8":{"start":{"line":49,"column":27},"end":{"line":49,"column":null}},"9":{"start":{"line":51,"column":2},"end":{"line":56,"column":null}}},"fnMap":{"0":{"name":"normalizeParticipantEmail","decl":{"start":{"line":13,"column":16},"end":{"line":13,"column":42}},"loc":{"start":{"line":13,"column":49},"end":{"line":15,"column":null}},"line":13},"1":{"name":"mapParticipant","decl":{"start":{"line":17,"column":9},"end":{"line":17,"column":24}},"loc":{"start":{"line":17,"column":42},"end":{"line":25,"column":null}},"line":17},"2":{"name":"subscribeToParticipantLinks","decl":{"start":{"line":27,"column":16},"end":{"line":27,"column":44}},"loc":{"start":{"line":27,"column":70},"end":{"line":38,"column":null}},"line":27},"3":{"name":"(anonymous_3)","decl":{"start":{"line":34,"column":4},"end":{"line":34,"column":null}},"loc":{"start":{"line":35,"column":18},"end":{"line":35,"column":null}},"line":35},"4":{"name":"subscribeToBudgetBookParticipants","decl":{"start":{"line":40,"column":16},"end":{"line":40,"column":50}},"loc":{"start":{"line":40,"column":77},"end":{"line":46,"column":null}},"line":40},"5":{"name":"(anonymous_5)","decl":{"start":{"line":42,"column":56},"end":{"line":42,"column":null}},"loc":{"start":{"line":43,"column":18},"end":{"line":43,"column":null}},"line":43},"6":{"name":"addBudgetBookParticipant","decl":{"start":{"line":48,"column":16},"end":{"line":48,"column":41}},"loc":{"start":{"line":48,"column":54},"end":{"line":57,"column":null}},"line":48}},"branchMap":{},"s":{"0":3,"1":2,"2":2,"3":1,"4":1,"5":1,"6":1,"7":1,"8":1,"9":1},"f":{"0":3,"1":2,"2":1,"3":1,"4":1,"5":1,"6":1},"b":{},"meta":{"lastBranch":0,"lastFunction":7,"lastStatement":10,"seen":{"f:13:16:13:42":0,"s:14:2:14:Infinity":0,"f:17:9:17:24":1,"s:18:15:18:Infinity":1,"s:20:2:24:Infinity":2,"f:27:16:27:44":2,"s:28:8:31:Infinity":3,"s:33:2:37:Infinity":4,"f:34:4:34:Infinity":3,"s:35:18:35:Infinity":5,"f:40:16:40:50":4,"s:41:2:45:Infinity":6,"f:42:56:42:Infinity":5,"s:43:18:43:Infinity":7,"f:48:16:48:41":6,"s:49:27:49:Infinity":8,"s:51:2:56:Infinity":9}}}
,"C:\\ADJS\\huishoudboekje\\src\\utils\\categories.js": {"path":"C:\\ADJS\\huishoudboekje\\src\\utils\\categories.js","statementMap":{"0":{"start":{"line":1,"column":33},"end":{"line":8,"column":null}}},"fnMap":{},"branchMap":{},"s":{"0":5},"f":{},"b":{},"meta":{"lastBranch":0,"lastFunction":0,"lastStatement":1,"seen":{"s:1:33:8:Infinity":0}}}
,"C:\\ADJS\\huishoudboekje\\src\\utils\\chartData.js": {"path":"C:\\ADJS\\huishoudboekje\\src\\utils\\chartData.js","statementMap":{"0":{"start":{"line":2,"column":2},"end":{"line":10,"column":null}},"1":{"start":{"line":4,"column":20},"end":{"line":4,"column":null}},"2":{"start":{"line":5,"column":6},"end":{"line":5,"column":null}},"3":{"start":{"line":6,"column":6},"end":{"line":6,"column":null}},"4":{"start":{"line":9,"column":43},"end":{"line":9,"column":80}},"5":{"start":{"line":10,"column":30},"end":{"line":10,"column":54}},"6":{"start":{"line":14,"column":2},"end":{"line":21,"column":null}},"7":{"start":{"line":16,"column":6},"end":{"line":16,"column":null}},"8":{"start":{"line":17,"column":6},"end":{"line":17,"column":null}},"9":{"start":{"line":20,"column":47},"end":{"line":20,"column":71}},"10":{"start":{"line":21,"column":33},"end":{"line":21,"column":60}}},"fnMap":{"0":{"name":"getMonthlyExpenseTotals","decl":{"start":{"line":1,"column":16},"end":{"line":1,"column":40}},"loc":{"start":{"line":1,"column":50},"end":{"line":11,"column":null}},"line":1},"1":{"name":"(anonymous_1)","decl":{"start":{"line":3,"column":13},"end":{"line":3,"column":21}},"loc":{"start":{"line":3,"column":41},"end":{"line":7,"column":7}},"line":3},"2":{"name":"(anonymous_2)","decl":{"start":{"line":9,"column":5},"end":{"line":9,"column":11}},"loc":{"start":{"line":9,"column":43},"end":{"line":9,"column":80}},"line":9},"3":{"name":"(anonymous_3)","decl":{"start":{"line":10,"column":5},"end":{"line":10,"column":10}},"loc":{"start":{"line":10,"column":30},"end":{"line":10,"column":54}},"line":10},"4":{"name":"getCategoryExpenseTotals","decl":{"start":{"line":13,"column":16},"end":{"line":13,"column":41}},"loc":{"start":{"line":13,"column":51},"end":{"line":22,"column":null}},"line":13},"5":{"name":"(anonymous_5)","decl":{"start":{"line":15,"column":13},"end":{"line":15,"column":21}},"loc":{"start":{"line":15,"column":41},"end":{"line":18,"column":7}},"line":15},"6":{"name":"(anonymous_6)","decl":{"start":{"line":20,"column":5},"end":{"line":20,"column":11}},"loc":{"start":{"line":20,"column":47},"end":{"line":20,"column":71}},"line":20},"7":{"name":"(anonymous_7)","decl":{"start":{"line":21,"column":5},"end":{"line":21,"column":10}},"loc":{"start":{"line":21,"column":33},"end":{"line":21,"column":60}},"line":21}},"branchMap":{"0":{"loc":{"start":{"line":5,"column":23},"end":{"line":5,"column":45}},"type":"binary-expr","locations":[{"start":{"line":5,"column":23},"end":{"line":5,"column":40}},{"start":{"line":5,"column":40},"end":{"line":5,"column":45}}],"line":5},"1":{"loc":{"start":{"line":16,"column":34},"end":{"line":16,"column":67}},"type":"binary-expr","locations":[{"start":{"line":16,"column":34},"end":{"line":16,"column":62}},{"start":{"line":16,"column":62},"end":{"line":16,"column":67}}],"line":16}},"s":{"0":6,"1":9,"2":9,"3":9,"4":2,"5":6,"6":6,"7":9,"8":9,"9":4,"10":8},"f":{"0":6,"1":9,"2":2,"3":6,"4":6,"5":9,"6":4,"7":8},"b":{"0":[9,6],"1":[9,8]},"meta":{"lastBranch":2,"lastFunction":8,"lastStatement":11,"seen":{"f:1:16:1:40":0,"s:2:2:10:Infinity":0,"f:3:13:3:21":1,"s:4:20:4:Infinity":1,"s:5:6:5:Infinity":2,"b:5:23:5:40:5:40:5:45":0,"s:6:6:6:Infinity":3,"f:9:5:9:11":2,"s:9:43:9:80":4,"f:10:5:10:10":3,"s:10:30:10:54":5,"f:13:16:13:41":4,"s:14:2:21:Infinity":6,"f:15:13:15:21":5,"s:16:6:16:Infinity":7,"b:16:34:16:62:16:62:16:67":1,"s:17:6:17:Infinity":8,"f:20:5:20:11":6,"s:20:47:20:71":9,"f:21:5:21:10":7,"s:21:33:21:60":10}}}
,"C:\\ADJS\\huishoudboekje\\src\\utils\\expenseTotals.js": {"path":"C:\\ADJS\\huishoudboekje\\src\\utils\\expenseTotals.js","statementMap":{"0":{"start":{"line":2,"column":2},"end":{"line":2,"column":null}},"1":{"start":{"line":2,"column":45},"end":{"line":2,"column":69}},"2":{"start":{"line":6,"column":2},"end":{"line":9,"column":null}},"3":{"start":{"line":7,"column":4},"end":{"line":7,"column":null}},"4":{"start":{"line":8,"column":4},"end":{"line":8,"column":null}}},"fnMap":{"0":{"name":"getTotalExpenses","decl":{"start":{"line":1,"column":16},"end":{"line":1,"column":33}},"loc":{"start":{"line":1,"column":43},"end":{"line":3,"column":null}},"line":1},"1":{"name":"(anonymous_1)","decl":{"start":{"line":2,"column":18},"end":{"line":2,"column":26}},"loc":{"start":{"line":2,"column":45},"end":{"line":2,"column":69}},"line":2},"2":{"name":"getCategoryTotals","decl":{"start":{"line":5,"column":16},"end":{"line":5,"column":34}},"loc":{"start":{"line":5,"column":44},"end":{"line":10,"column":null}},"line":5},"3":{"name":"(anonymous_3)","decl":{"start":{"line":6,"column":18},"end":{"line":6,"column":26}},"loc":{"start":{"line":6,"column":46},"end":{"line":9,"column":5}},"line":6}},"branchMap":{"0":{"loc":{"start":{"line":7,"column":32},"end":{"line":7,"column":65}},"type":"binary-expr","locations":[{"start":{"line":7,"column":32},"end":{"line":7,"column":60}},{"start":{"line":7,"column":60},"end":{"line":7,"column":65}}],"line":7}},"s":{"0":6,"1":10,"2":11,"3":16,"4":16},"f":{"0":6,"1":10,"2":11,"3":16},"b":{"0":[16,14]},"meta":{"lastBranch":1,"lastFunction":4,"lastStatement":5,"seen":{"f:1:16:1:33":0,"s:2:2:2:Infinity":0,"f:2:18:2:26":1,"s:2:45:2:69":1,"f:5:16:5:34":2,"s:6:2:9:Infinity":2,"f:6:18:6:26":3,"s:7:4:7:Infinity":3,"b:7:32:7:60:7:60:7:65":0,"s:8:4:8:Infinity":4}}}
,"C:\\ADJS\\huishoudboekje\\src\\utils\\formatters.js": {"path":"C:\\ADJS\\huishoudboekje\\src\\utils\\formatters.js","statementMap":{"0":{"start":{"line":2,"column":2},"end":{"line":5,"column":null}},"1":{"start":{"line":9,"column":2},"end":{"line":11,"column":null}},"2":{"start":{"line":10,"column":4},"end":{"line":10,"column":null}},"3":{"start":{"line":13,"column":2},"end":{"line":17,"column":null}},"4":{"start":{"line":21,"column":2},"end":{"line":21,"column":null}}},"fnMap":{"0":{"name":"formatCurrency","decl":{"start":{"line":1,"column":16},"end":{"line":1,"column":31}},"loc":{"start":{"line":1,"column":38},"end":{"line":6,"column":null}},"line":1},"1":{"name":"formatDate","decl":{"start":{"line":8,"column":16},"end":{"line":8,"column":27}},"loc":{"start":{"line":8,"column":33},"end":{"line":18,"column":null}},"line":8},"2":{"name":"todayAsInputValue","decl":{"start":{"line":20,"column":16},"end":{"line":20,"column":36}},"loc":{"start":{"line":20,"column":36},"end":{"line":22,"column":null}},"line":20}},"branchMap":{"0":{"loc":{"start":{"line":9,"column":2},"end":{"line":11,"column":null}},"type":"if","locations":[{"start":{"line":9,"column":2},"end":{"line":11,"column":null}},{"start":{},"end":{}}],"line":9}},"s":{"0":51,"1":7,"2":1,"3":6,"4":3},"f":{"0":51,"1":7,"2":3},"b":{"0":[1,6]},"meta":{"lastBranch":1,"lastFunction":3,"lastStatement":5,"seen":{"f:1:16:1:31":0,"s:2:2:5:Infinity":0,"f:8:16:8:27":1,"b:9:2:11:Infinity:undefined:undefined:undefined:undefined":0,"s:9:2:11:Infinity":1,"s:10:4:10:Infinity":2,"s:13:2:17:Infinity":3,"f:20:16:20:36":2,"s:21:2:21:Infinity":4}}}
,"C:\\ADJS\\huishoudboekje\\src\\utils\\validation.js": {"path":"C:\\ADJS\\huishoudboekje\\src\\utils\\validation.js","statementMap":{"0":{"start":{"line":2,"column":2},"end":{"line":4,"column":null}},"1":{"start":{"line":3,"column":4},"end":{"line":3,"column":null}},"2":{"start":{"line":6,"column":2},"end":{"line":6,"column":null}},"3":{"start":{"line":10,"column":2},"end":{"line":12,"column":null}},"4":{"start":{"line":11,"column":4},"end":{"line":11,"column":null}},"5":{"start":{"line":14,"column":2},"end":{"line":14,"column":null}},"6":{"start":{"line":18,"column":2},"end":{"line":20,"column":null}},"7":{"start":{"line":19,"column":4},"end":{"line":19,"column":null}},"8":{"start":{"line":22,"column":2},"end":{"line":24,"column":null}},"9":{"start":{"line":23,"column":4},"end":{"line":23,"column":null}},"10":{"start":{"line":26,"column":2},"end":{"line":28,"column":null}},"11":{"start":{"line":27,"column":4},"end":{"line":27,"column":null}},"12":{"start":{"line":30,"column":2},"end":{"line":30,"column":null}},"13":{"start":{"line":34,"column":2},"end":{"line":36,"column":null}},"14":{"start":{"line":35,"column":4},"end":{"line":35,"column":null}},"15":{"start":{"line":38,"column":2},"end":{"line":40,"column":null}},"16":{"start":{"line":39,"column":4},"end":{"line":39,"column":null}},"17":{"start":{"line":42,"column":2},"end":{"line":44,"column":null}},"18":{"start":{"line":43,"column":4},"end":{"line":43,"column":null}},"19":{"start":{"line":46,"column":2},"end":{"line":46,"column":null}}},"fnMap":{"0":{"name":"getErrorMessage","decl":{"start":{"line":1,"column":16},"end":{"line":1,"column":32}},"loc":{"start":{"line":1,"column":56},"end":{"line":7,"column":null}},"line":1},"1":{"name":"validateBudgetBook","decl":{"start":{"line":9,"column":16},"end":{"line":9,"column":35}},"loc":{"start":{"line":9,"column":43},"end":{"line":15,"column":null}},"line":9},"2":{"name":"validateEmailLogin","decl":{"start":{"line":17,"column":16},"end":{"line":17,"column":35}},"loc":{"start":{"line":17,"column":43},"end":{"line":31,"column":null}},"line":17},"3":{"name":"validateExpense","decl":{"start":{"line":33,"column":16},"end":{"line":33,"column":32}},"loc":{"start":{"line":33,"column":40},"end":{"line":47,"column":null}},"line":33}},"branchMap":{"0":{"loc":{"start":{"line":2,"column":2},"end":{"line":4,"column":null}},"type":"if","locations":[{"start":{"line":2,"column":2},"end":{"line":4,"column":null}},{"start":{},"end":{}}],"line":2},"1":{"loc":{"start":{"line":2,"column":6},"end":{"line":2,"column":47}},"type":"binary-expr","locations":[{"start":{"line":2,"column":6},"end":{"line":2,"column":32}},{"start":{"line":2,"column":32},"end":{"line":2,"column":47}}],"line":2},"2":{"loc":{"start":{"line":10,"column":2},"end":{"line":12,"column":null}},"type":"if","locations":[{"start":{"line":10,"column":2},"end":{"line":12,"column":null}},{"start":{},"end":{}}],"line":10},"3":{"loc":{"start":{"line":18,"column":2},"end":{"line":20,"column":null}},"type":"if","locations":[{"start":{"line":18,"column":2},"end":{"line":20,"column":null}},{"start":{},"end":{}}],"line":18},"4":{"loc":{"start":{"line":22,"column":2},"end":{"line":24,"column":null}},"type":"if","locations":[{"start":{"line":22,"column":2},"end":{"line":24,"column":null}},{"start":{},"end":{}}],"line":22},"5":{"loc":{"start":{"line":26,"column":2},"end":{"line":28,"column":null}},"type":"if","locations":[{"start":{"line":26,"column":2},"end":{"line":28,"column":null}},{"start":{},"end":{}}],"line":26},"6":{"loc":{"start":{"line":34,"column":2},"end":{"line":36,"column":null}},"type":"if","locations":[{"start":{"line":34,"column":2},"end":{"line":36,"column":null}},{"start":{},"end":{}}],"line":34},"7":{"loc":{"start":{"line":38,"column":2},"end":{"line":40,"column":null}},"type":"if","locations":[{"start":{"line":38,"column":2},"end":{"line":40,"column":null}},{"start":{},"end":{}}],"line":38},"8":{"loc":{"start":{"line":38,"column":6},"end":{"line":38,"column":52}},"type":"binary-expr","locations":[{"start":{"line":38,"column":6},"end":{"line":38,"column":24}},{"start":{"line":38,"column":24},"end":{"line":38,"column":52}}],"line":38},"9":{"loc":{"start":{"line":42,"column":2},"end":{"line":44,"column":null}},"type":"if","locations":[{"start":{"line":42,"column":2},"end":{"line":44,"column":null}},{"start":{},"end":{}}],"line":42}},"s":{"0":13,"1":12,"2":1,"3":11,"4":2,"5":9,"6":11,"7":3,"8":8,"9":1,"10":7,"11":1,"12":6,"13":11,"14":3,"15":8,"16":2,"17":6,"18":1,"19":5},"f":{"0":13,"1":11,"2":11,"3":11},"b":{"0":[12,1],"1":[13,12],"2":[2,9],"3":[3,8],"4":[1,7],"5":[1,6],"6":[3,8],"7":[2,6],"8":[8,8],"9":[1,5]},"meta":{"lastBranch":10,"lastFunction":4,"lastStatement":20,"seen":{"f:1:16:1:32":0,"b:2:2:4:Infinity:undefined:undefined:undefined:undefined":0,"s:2:2:4:Infinity":0,"b:2:6:2:32:2:32:2:47":1,"s:3:4:3:Infinity":1,"s:6:2:6:Infinity":2,"f:9:16:9:35":1,"b:10:2:12:Infinity:undefined:undefined:undefined:undefined":2,"s:10:2:12:Infinity":3,"s:11:4:11:Infinity":4,"s:14:2:14:Infinity":5,"f:17:16:17:35":2,"b:18:2:20:Infinity:undefined:undefined:undefined:undefined":3,"s:18:2:20:Infinity":6,"s:19:4:19:Infinity":7,"b:22:2:24:Infinity:undefined:undefined:undefined:undefined":4,"s:22:2:24:Infinity":8,"s:23:4:23:Infinity":9,"b:26:2:28:Infinity:undefined:undefined:undefined:undefined":5,"s:26:2:28:Infinity":10,"s:27:4:27:Infinity":11,"s:30:2:30:Infinity":12,"f:33:16:33:32":3,"b:34:2:36:Infinity:undefined:undefined:undefined:undefined":6,"s:34:2:36:Infinity":13,"s:35:4:35:Infinity":14,"b:38:2:40:Infinity:undefined:undefined:undefined:undefined":7,"s:38:2:40:Infinity":15,"b:38:6:38:24:38:24:38:52":8,"s:39:4:39:Infinity":16,"b:42:2:44:Infinity:undefined:undefined:undefined:undefined":9,"s:42:2:44:Infinity":17,"s:43:4:43:Infinity":18,"s:46:2:46:Infinity":19}}}
}
